#
# A fatal error has been detected by the Java Runtime Environment:
#
#  SIGSEGV (0xb) at pc=0x00007fb3e2e34313, pid=14255, tid=0x00007fb3c4149700
#
# JRE version: Java(TM) SE Runtime Environment (8.0_211-b12) (build 1.8.0_211-b12)
# Java VM: Java HotSpot(TM) 64-Bit Server VM (25.211-b12 mixed mode linux-amd64 compressed oops)
# Problematic frame:
# V  [libjvm.so+0x411313]  ciObjectFactory::create_new_metadata(Metadata*)+0x33
#
# Failed to write core dump. Core dumps have been disabled. To enable core dumping, try "ulimit -c unlimited" before starting Java again
#
# If you would like to submit a bug report, please visit:
#   http://bugreport.java.com/bugreport/crash.jsp
#

---------------  T H R E A D  ---------------

Current thread (0x00007fb3dc0f7800):  JavaThread "C1 CompilerThread2" daemon [_thread_in_vm, id=14271, stack(0x00007fb3c404a000,0x00007fb3c414a000)]

siginfo: si_signo: 11 (SIGSEGV), si_code: 1 (SEGV_MAPERR), si_addr: 0x00000007d24f0ed0

Registers:
RAX=0x0000000000000001, RBX=0x00000007d24f0ed0, RCX=0x00007fb3e440c300, RDX=0x00007fb3c4149a20
RSP=0x00007fb3c4147ae0, RBP=0x00007fb3c4147b30, RSI=0x0000000000000001, RDI=0x0000000000000010
R8 =0x00007fb3981092b0, R9 =0x00007fb398000c70, R10=0x0000000000000004, R11=0x00007fb3e3b989c0
R12=0x00007fb3e39b48a8, R13=0x00007fb3dc0f7800, R14=0x00007fb39810c590, R15=0x00007fb398000a40
RIP=0x00007fb3e2e34313, EFLAGS=0x0000000000010202, CSGSFS=0x0000000000000033, ERR=0x0000000000000004
  TRAPNO=0x000000000000000e

Top of Stack: (sp=0x00007fb3c4147ae0)
0x00007fb3c4147ae0:   0000000100002368 00007fb3c4147cc0
0x00007fb3c4147af0:   0000000100002368 00007fb3e447c9a0
0x00007fb3c4147b00:   00007fb3c4147b70 0000000000000065
0x00007fb3c4147b10:   000000000000006b 00007fb398000a40
0x00007fb3c4147b20:   00007fb39810c590 00000007d24f0ed0
0x00007fb3c4147b30:   00007fb3c4147b70 00007fb3e2e34cae
0x00007fb3c4147b40:   00007fb300000005 00007fb3e39a4280
0x00007fb3c4147b50:   0000000000000000 00000007d24f0ed0
0x00007fb3c4147b60:   0000000000000002 00007fb3dc1106b0
0x00007fb3c4147b70:   00007fb3c4147bc0 00007fb3e2e2e849
0x00007fb3c4147b80:   00007fb3dc1106a0 0000000000000003
0x00007fb3c4147b90:   00007fb3c4147bc0 00007fb39810cdf0
0x00007fb3c4147ba0:   00007fb39810d010 00007fb3dc1106b0
0x00007fb3c4147bb0:   00007fb3e3546b34 00007fb3dc1106a0
0x00007fb3c4147bc0:   00007fb3c4147c40 00007fb3e2e2d661
0x00007fb3c4147bd0:   00007fb3dc0f7800 00000000000083b0
0x00007fb3c4147be0:   00007fb3dc1124e8 00007fb3dc110600
0x00007fb3c4147bf0:   00007fb3e0650880 00007fb3dc0f80a0
0x00007fb3c4147c00:   00007fb3dc10a500 00007fb3e0650780
0x00007fb3c4147c10:   00007fb3e0388a40 0000000000000000
0x00007fb3c4147c20:   00007fb3e39b48a8 00007fb39810ccb0
0x00007fb3c4147c30:   00007fb3c4147cd0 00007fb3dc0f7800
0x00007fb3c4147c40:   00007fb3c4147cb0 00007fb3e2e222be
0x00007fb3c4147c50:   00007fb3dc0f7800 00007fb3c4147cd0
0x00007fb3c4147c60:   00007fb3c4147d60 00007fb3e31fa267
0x00007fb3c4147c70:   00007fb3c4147d60 00007fb3e31fa1c7
0x00007fb3c4147c80:   00007fb3c4147cf0 00007fb3e39eff44
0x00007fb3c4147c90:   00007fb3e39eaf8c 00007fb3dc0f7800
0x00007fb3c4147ca0:   00007fb39810ccb0 00007fb3c4147cd0
0x00007fb3c4147cb0:   00007fb3c4147d10 00007fb3e2e225c1
0x00007fb3c4147cc0:   00007fb3e0388a40 00007fb39810ccb0
0x00007fb3c4147cd0:   00007fb3e0388a40 00007fb3dc0f7800 

Instructions: (pc=0x00007fb3e2e34313)
0x00007fb3e2e342f3:   48 83 ec 28 4c 8d 25 aa 05 b8 00 41 8b 3c 24 e8
0x00007fb3e2e34303:   d1 d0 de ff 49 89 c5 0f b6 05 0f 25 ba 00 84 c0
0x00007fb3e2e34313:   48 8b 03 0f 85 f4 02 00 00 48 89 df ff 50 08 84
0x00007fb3e2e34323:   c0 0f 84 d6 00 00 00 8b 43 08 85 c0 7f 67 3d 00 

Register to memory mapping:

RAX=0x0000000000000001 is an unknown value
RBX=0x00000007d24f0ed0 is an unknown value
RCX=0x00007fb3e440c300: <offset 0x217300> in /lib64/libpthread.so.0 at 0x00007fb3e41f5000
RDX=0x00007fb3c4149a20 is pointing into the stack for thread: 0x00007fb3dc0f7800
RSP=0x00007fb3c4147ae0 is pointing into the stack for thread: 0x00007fb3dc0f7800
RBP=0x00007fb3c4147b30 is pointing into the stack for thread: 0x00007fb3dc0f7800
RSI=0x0000000000000001 is an unknown value
RDI=0x0000000000000010 is an unknown value
R8 =0x00007fb3981092b0 is an unknown value
R9 =0x00007fb398000c70 is an unknown value
R10=0x0000000000000004 is an unknown value
R11=0x00007fb3e3b989c0: <offset 0x18c9c0> in /lib64/libc.so.6 at 0x00007fb3e3a0c000
R12=0x00007fb3e39b48a8: <offset 0xf918a8> in /Data/jdk1.8.0_211/jre/lib/amd64/server/libjvm.so at 0x00007fb3e2a23000
R13=0x00007fb3dc0f7800 is a thread
R14=0x00007fb39810c590 is an unknown value
R15=0x00007fb398000a40 is an unknown value


Stack: [0x00007fb3c404a000,0x00007fb3c414a000],  sp=0x00007fb3c4147ae0,  free space=1014k
Native frames: (J=compiled Java code, j=interpreted, Vv=VM code, C=native code)
V  [libjvm.so+0x411313]  ciObjectFactory::create_new_metadata(Metadata*)+0x33
V  [libjvm.so+0x411cae]  ciObjectFactory::get_metadata(Metadata*)+0x7e
V  [libjvm.so+0x40b849]  ciVirtualCallData::translate_from(ProfileData const*)+0x99
V  [libjvm.so+0x40a661]  ciMethodData::load_data()+0x371
V  [libjvm.so+0x3ff2be]  ciMethod::ensure_method_data(methodHandle)+0x9e
V  [libjvm.so+0x3ff5c1]  ciMethod::ensure_method_data()+0xc1
V  [libjvm.so+0x345a7d]  GraphBuilder::try_inline_full(ciMethod*, bool, Bytecodes::Code, Instruction*)+0x2cd
V  [libjvm.so+0x3464b7]  GraphBuilder::try_inline(ciMethod*, bool, Bytecodes::Code, Instruction*)+0x197
V  [libjvm.so+0x347040]  GraphBuilder::invoke(Bytecodes::Code)+0xb60
V  [libjvm.so+0x342fef]  GraphBuilder::iterate_bytecodes_for_block(int)+0x107f
V  [libjvm.so+0x3448cc]  GraphBuilder::iterate_all_blocks(bool)+0x8c
V  [libjvm.so+0x345e73]  GraphBuilder::try_inline_full(ciMethod*, bool, Bytecodes::Code, Instruction*)+0x6c3
V  [libjvm.so+0x3464b7]  GraphBuilder::try_inline(ciMethod*, bool, Bytecodes::Code, Instruction*)+0x197
V  [libjvm.so+0x347040]  GraphBuilder::invoke(Bytecodes::Code)+0xb60
V  [libjvm.so+0x342fef]  GraphBuilder::iterate_bytecodes_for_block(int)+0x107f
V  [libjvm.so+0x3449af]  GraphBuilder::iterate_all_blocks(bool)+0x16f
V  [libjvm.so+0x344f3a]  GraphBuilder::GraphBuilder(Compilation*, IRScope*)+0x54a
V  [libjvm.so+0x34ac9a]  IRScope::IRScope(Compilation*, IRScope*, int, ciMethod*, int, bool)+0x1ca
V  [libjvm.so+0x34b829]  IR::IR(Compilation*, ciMethod*, int)+0xa9
V  [libjvm.so+0x32d3a7]  Compilation::build_hir() [clone .part.78]+0xd7
V  [libjvm.so+0x32f520]  Compilation::compile_java_method()+0x3e0
V  [libjvm.so+0x32f6ca]  Compilation::compile_method()+0x11a
V  [libjvm.so+0x32fb40]  Compilation::Compilation(AbstractCompiler*, ciEnv*, ciMethod*, int, BufferBlob*)+0x200
V  [libjvm.so+0x3302c8]  Compiler::compile_method(ciEnv*, ciMethod*, int)+0xa8
V  [libjvm.so+0x48b92c]  CompileBroker::invoke_compiler_on_method(CompileTask*)+0x73c
V  [libjvm.so+0x48d568]  CompileBroker::compiler_thread_loop()+0x6d8
V  [libjvm.so+0xa7ba9b]  JavaThread::thread_main_inner()+0xdb
V  [libjvm.so+0xa7bda1]  JavaThread::run()+0x2d1
V  [libjvm.so+0x90d952]  java_start(Thread*)+0x102
C  [libpthread.so.0+0x7dd5]  start_thread+0xc5


Current CompileTask:
C1:    987  359   !   3       worker.org.gradle.internal.classloader.FilteringClassLoader::loadClass (62 bytes)


---------------  P R O C E S S  ---------------

Java Threads: ( => current thread )
  0x00007fb3dc105000 JavaThread "Service Thread" daemon [_thread_blocked, id=14272, stack(0x00007fb3bfeff000,0x00007fb3c0000000)]
=>0x00007fb3dc0f7800 JavaThread "C1 CompilerThread2" daemon [_thread_in_vm, id=14271, stack(0x00007fb3c404a000,0x00007fb3c414a000)]
  0x00007fb3dc0f5800 JavaThread "C2 CompilerThread1" daemon [_thread_in_native, id=14270, stack(0x00007fb3c414b000,0x00007fb3c424b000)]
  0x00007fb3dc0f1800 JavaThread "C2 CompilerThread0" daemon [_thread_blocked, id=14269, stack(0x00007fb3c424c000,0x00007fb3c434c000)]
  0x00007fb3dc0f4800 JavaThread "Signal Dispatcher" daemon [_thread_blocked, id=14268, stack(0x00007fb3c434c000,0x00007fb3c444d000)]
  0x00007fb3dc084000 JavaThread "Finalizer" daemon [_thread_blocked, id=14267, stack(0x00007fb3c444d000,0x00007fb3c454e000)]
  0x00007fb3dc081800 JavaThread "Reference Handler" daemon [_thread_blocked, id=14266, stack(0x00007fb3c454e000,0x00007fb3c464f000)]
  0x00007fb3dc009800 JavaThread "main" [_thread_in_native, id=14260, stack(0x00007fb3e4517000,0x00007fb3e4617000)]

Other Threads:
  0x00007fb3dc078000 VMThread [stack: 0x00007fb3c4650000,0x00007fb3c4750000] [id=14265]
  0x00007fb3dc107800 WatcherThread [stack: 0x00007fb3bfdff000,0x00007fb3bfeff000] [id=14273]

VM state:not at safepoint (normal execution)

VM Mutex/Monitor currently owned by a thread: None

heap address: 0x000000008ea00000, size: 1814 MB, Compressed Oops mode: 32-bit
Narrow klass base: 0x0000000000000000, Narrow klass shift: 3
Compressed class space size: 1073741824 Address: 0x0000000100000000

Heap:
 PSYoungGen      total 34304K, used 18117K [0x00000000da380000, 0x00000000dc980000, 0x0000000100000000)
  eden space 29696K, 61% used [0x00000000da380000,0x00000000db531468,0x00000000dc080000)
  from space 4608K, 0% used [0x00000000dc500000,0x00000000dc500000,0x00000000dc980000)
  to   space 4608K, 0% used [0x00000000dc080000,0x00000000dc080000,0x00000000dc500000)
 ParOldGen       total 77824K, used 0K [0x000000008ea00000, 0x0000000093600000, 0x00000000da380000)
  object space 77824K, 0% used [0x000000008ea00000,0x000000008ea00000,0x0000000093600000)
 Metaspace       used 5208K, capacity 5400K, committed 5632K, reserved 1056768K
  class space    used 621K, capacity 696K, committed 768K, reserved 1048576K

Card table byte_map: [0x00007fb3e1560000,0x00007fb3e18ec000] byte_map_base: 0x00007fb3e10eb000

Marking Bits: (ParMarkBitMap*) 0x00007fb3e39eed80
 Begin Bits: [0x00007fb3c4750000, 0x00007fb3c63a8000)
 End Bits:   [0x00007fb3c63a8000, 0x00007fb3c8000000)

Polling page: 0x00007fb3e4630000

CodeCache: size=245760Kb used=1885Kb max_used=1897Kb free=243874Kb
 bounds [0x00007fb3cd000000, 0x00007fb3cd270000, 0x00007fb3dc000000]
 total_blobs=626 nmethods=360 adapters=181
 compilation: enabled

Compilation events (10 events):
Event: 0.952 Thread 0x00007fb3dc0f7800 nmethod 354 0x00007fb3cd1d5850 code [0x00007fb3cd1d59e0, 0x00007fb3cd1d5d78]
Event: 0.952 Thread 0x00007fb3dc0f7800  357       1       sun.nio.cs.UTF_8::historicalName (3 bytes)
Event: 0.952 Thread 0x00007fb3dc0f7800 nmethod 357 0x00007fb3cd1d5590 code [0x00007fb3cd1d56e0, 0x00007fb3cd1d57f0]
Event: 0.952 Thread 0x00007fb3dc0f7800  355   !   3       java.net.URL::set (114 bytes)
Event: 0.954 Thread 0x00007fb3dc0f7800 nmethod 355 0x00007fb3cd1d7110 code [0x00007fb3cd1d7300, 0x00007fb3cd1d7e38]
Event: 0.954 Thread 0x00007fb3dc0f7800  358       1       java.lang.System::getSecurityManager (4 bytes)
Event: 0.954 Thread 0x00007fb3dc0f7800 nmethod 358 0x00007fb3cd1cbf10 code [0x00007fb3cd1cc060, 0x00007fb3cd1cc150]
Event: 0.954 Thread 0x00007fb3dc0f7800  356  s    3       sun.misc.Resource::cachedInputStream (20 bytes)
Event: 0.954 Thread 0x00007fb3dc0f7800 nmethod 356 0x00007fb3cd1d4f90 code [0x00007fb3cd1d5100, 0x00007fb3cd1d54e8]
Event: 0.954 Thread 0x00007fb3dc0f7800  359   !   3       worker.org.gradle.internal.classloader.FilteringClassLoader::loadClass (62 bytes)

GC Heap History (0 events):
No events

Deoptimization events (2 events):
Event: 0.331 Thread 0x00007fb3dc009800 Uncommon trap: reason=unstable_if action=reinterpret pc=0x00007fb3cd1125f0 method=java.io.BufferedInputStream.read()I @ 8
Event: 0.833 Thread 0x00007fb3dc009800 Uncommon trap: reason=unloaded action=reinterpret pc=0x00007fb3cd1ab388 method=sun.misc.URLClassPath$JarLoader.ensureOpen()V @ 26

Classes redefined (0 events):
No events

Internal exceptions (10 events):
Event: 0.281 Thread 0x00007fb3dc009800 Exception <a 'java/io/FileNotFoundException'> (0x00000000da401650) thrown at [/HUDSON/workspace/8-2-build-linux-amd64/jdk8u211/12973/hotspot/src/share/vm/prims/jni.cpp, line 710]
Event: 0.668 Thread 0x00007fb3dc009800 Exception <a 'java/lang/ArrayIndexOutOfBoundsException': 100> (0x00000000dab677f0) thrown at [/HUDSON/workspace/8-2-build-linux-amd64/jdk8u211/12973/hotspot/src/share/vm/interpreter/interpreterRuntime.cpp, line 368]
Event: 0.672 Thread 0x00007fb3dc009800 Exception <a 'java/lang/ArrayIndexOutOfBoundsException': 18> (0x00000000dab7c1f8) thrown at [/HUDSON/workspace/8-2-build-linux-amd64/jdk8u211/12973/hotspot/src/share/vm/interpreter/interpreterRuntime.cpp, line 368]
Event: 0.672 Thread 0x00007fb3dc009800 Exception <a 'java/lang/ArrayIndexOutOfBoundsException': 40> (0x00000000dab7ce28) thrown at [/HUDSON/workspace/8-2-build-linux-amd64/jdk8u211/12973/hotspot/src/share/vm/interpreter/interpreterRuntime.cpp, line 368]
Event: 0.686 Thread 0x00007fb3dc009800 Exception <a 'java/lang/ArrayIndexOutOfBoundsException'> (0x00000000dabf0da0) thrown at [/HUDSON/workspace/8-2-build-linux-amd64/jdk8u211/12973/hotspot/src/share/vm/runtime/sharedRuntime.cpp, line 605]
Event: 0.686 Thread 0x00007fb3dc009800 Exception <a 'java/lang/ArrayIndexOutOfBoundsException'> (0x00000000dabf1a78) thrown at [/HUDSON/workspace/8-2-build-linux-amd64/jdk8u211/12973/hotspot/src/share/vm/runtime/sharedRuntime.cpp, line 605]
Event: 0.833 Thread 0x00007fb3dc009800 Exception <a 'java/security/PrivilegedActionException'> (0x00000000db01b338) thrown at [/HUDSON/workspace/8-2-build-linux-amd64/jdk8u211/12973/hotspot/src/share/vm/prims/jvm.cpp, line 1502]
Event: 0.833 Thread 0x00007fb3dc009800 Exception <a 'java/security/PrivilegedActionException'> (0x00000000db01b918) thrown at [/HUDSON/workspace/8-2-build-linux-amd64/jdk8u211/12973/hotspot/src/share/vm/prims/jvm.cpp, line 1502]
Event: 0.834 Thread 0x00007fb3dc009800 Exception <a 'java/security/PrivilegedActionException'> (0x00000000db01e200) thrown at [/HUDSON/workspace/8-2-build-linux-amd64/jdk8u211/12973/hotspot/src/share/vm/prims/jvm.cpp, line 1502]
Event: 0.834 Thread 0x00007fb3dc009800 Exception <a 'java/security/PrivilegedActionException'> (0x00000000db01e7e0) thrown at [/HUDSON/workspace/8-2-build-linux-amd64/jdk8u211/12973/hotspot/src/share/vm/prims/jvm.cpp, line 1502]

Events (10 events):
Event: 0.953 loading class java/lang/NoSuchFieldError
Event: 0.953 loading class java/lang/NoSuchFieldError done
Event: 0.954 loading class org/slf4j/ILoggerFactory
Event: 0.954 loading class org/slf4j/ILoggerFactory done
Event: 0.955 loading class org/slf4j/helpers/SubstituteLoggerFactory
Event: 0.955 loading class org/slf4j/helpers/SubstituteLoggerFactory done
Event: 0.956 loading class org/slf4j/Logger
Event: 0.956 loading class org/slf4j/Logger done
Event: 0.956 loading class org/slf4j/helpers/NOPLoggerFactory
Event: 0.956 loading class org/slf4j/helpers/NOPLoggerFactory done


Dynamic libraries:
00400000-00401000 r-xp 00000000 08:05 537940915                          /Data/jdk1.8.0_211/bin/java
00600000-00601000 r--p 00000000 08:05 537940915                          /Data/jdk1.8.0_211/bin/java
00601000-00602000 rw-p 00001000 08:05 537940915                          /Data/jdk1.8.0_211/bin/java
00b49000-00b6a000 rw-p 00000000 00:00 0                                  [heap]
8ea00000-93600000 rw-p 00000000 00:00 0 
93600000-da380000 ---p 00000000 00:00 0 
da380000-dc980000 rw-p 00000000 00:00 0 
dc980000-100000000 ---p 00000000 00:00 0 
100000000-1000c0000 rw-p 00000000 00:00 0 
1000c0000-140000000 ---p 00000000 00:00 0 
7fb384000000-7fb384021000 rw-p 00000000 00:00 0 
7fb384021000-7fb388000000 ---p 00000000 00:00 0 
7fb38c000000-7fb38c452000 rw-p 00000000 00:00 0 
7fb38c452000-7fb390000000 ---p 00000000 00:00 0 
7fb390000000-7fb390021000 rw-p 00000000 00:00 0 
7fb390021000-7fb394000000 ---p 00000000 00:00 0 
7fb394000000-7fb3941d5000 rw-p 00000000 00:00 0 
7fb3941d5000-7fb398000000 ---p 00000000 00:00 0 
7fb398000000-7fb3981a7000 rw-p 00000000 00:00 0 
7fb3981a7000-7fb39c000000 ---p 00000000 00:00 0 
7fb39c000000-7fb39c021000 rw-p 00000000 00:00 0 
7fb39c021000-7fb3a0000000 ---p 00000000 00:00 0 
7fb3a1ad6000-7fb3a8000000 r--p 00000000 08:02 69667                      /usr/lib/locale/locale-archive
7fb3a8000000-7fb3a8021000 rw-p 00000000 00:00 0 
7fb3a8021000-7fb3ac000000 ---p 00000000 00:00 0 
7fb3ac000000-7fb3ac021000 rw-p 00000000 00:00 0 
7fb3ac021000-7fb3b0000000 ---p 00000000 00:00 0 
7fb3b0000000-7fb3b0021000 rw-p 00000000 00:00 0 
7fb3b0021000-7fb3b4000000 ---p 00000000 00:00 0 
7fb3b4000000-7fb3b4021000 rw-p 00000000 00:00 0 
7fb3b4021000-7fb3b8000000 ---p 00000000 00:00 0 
7fb3b8000000-7fb3b8021000 rw-p 00000000 00:00 0 
7fb3b8021000-7fb3bc000000 ---p 00000000 00:00 0 
7fb3bf947000-7fb3bf948000 rw-p 00000000 00:00 0 
7fb3bf948000-7fb3bf956000 r--s 00043000 08:02 69885195                   /home/techseria/.gradle/wrapper/dists/gradle-3.5-all/exhrs6ca08n232b14ue48lbye/gradle-3.5/lib/gradle-tooling-api-3.5.jar
7fb3bf956000-7fb3bf958000 r--s 00002000 08:02 68458897                   /home/techseria/.gradle/wrapper/dists/gradle-3.5-all/exhrs6ca08n232b14ue48lbye/gradle-3.5/lib/gradle-open-api-3.5.jar
7fb3bf958000-7fb3bf95e000 r--s 00032000 08:02 68458899                   /home/techseria/.gradle/wrapper/dists/gradle-3.5-all/exhrs6ca08n232b14ue48lbye/gradle-3.5/lib/jaxen-1.1.jar
7fb3bf95e000-7fb3bf963000 r--s 00048000 08:02 68458898                   /home/techseria/.gradle/wrapper/dists/gradle-3.5-all/exhrs6ca08n232b14ue48lbye/gradle-3.5/lib/dom4j-1.6.1.jar
7fb3bf963000-7fb3bf96e000 r--s 00059000 08:02 69885179                   /home/techseria/.gradle/wrapper/dists/gradle-3.5-all/exhrs6ca08n232b14ue48lbye/gradle-3.5/lib/gradle-ui-3.5.jar
7fb3bf96e000-7fb3bf97c000 r--s 000cb000 08:02 67179777                   /home/techseria/.gradle/wrapper/dists/gradle-3.5-all/exhrs6ca08n232b14ue48lbye/gradle-3.5/lib/kotlin-stdlib-1.1.0.jar
7fb3bf97c000-7fb3bf9b3000 r--s 00284000 08:02 82585567                   /home/techseria/.gradle/wrapper/dists/gradle-3.5-all/exhrs6ca08n232b14ue48lbye/gradle-3.5/lib/kotlin-reflect-1.1.0.jar
7fb3bf9b3000-7fb3bf9b4000 rw-p 00000000 00:00 0 
7fb3bf9b4000-7fb3bfb79000 r--s 017fb000 08:02 82585566                   /home/techseria/.gradle/wrapper/dists/gradle-3.5-all/exhrs6ca08n232b14ue48lbye/gradle-3.5/lib/kotlin-compiler-embeddable-1.1.0.jar
7fb3bfb79000-7fb3bfb7b000 r--s 00003000 08:02 82585564                   /home/techseria/.gradle/wrapper/dists/gradle-3.5-all/exhrs6ca08n232b14ue48lbye/gradle-3.5/lib/annotations-13.0.jar
7fb3bfb7b000-7fb3bfb83000 r--s 00055000 08:02 82585565                   /home/techseria/.gradle/wrapper/dists/gradle-3.5-all/exhrs6ca08n232b14ue48lbye/gradle-3.5/lib/gradle-script-kotlin-0.8.0.jar
7fb3bfb83000-7fb3bfb86000 r--s 0000b000 08:02 68458885                   /home/techseria/.gradle/wrapper/dists/gradle-3.5-all/exhrs6ca08n232b14ue48lbye/gradle-3.5/lib/gradle-resources-3.5.jar
7fb3bfb86000-7fb3bfb88000 r--s 00005000 08:02 69885170                   /home/techseria/.gradle/wrapper/dists/gradle-3.5-all/exhrs6ca08n232b14ue48lbye/gradle-3.5/lib/gradle-cli-3.5.jar
7fb3bfb88000-7fb3bfb89000 r--s 00005000 08:02 68458902                   /home/techseria/.gradle/wrapper/dists/gradle-3.5-all/exhrs6ca08n232b14ue48lbye/gradle-3.5/lib/log4j-over-slf4j-1.7.10.jar
7fb3bfb89000-7fb3bfb8b000 r--s 00000000 08:02 68458901                   /home/techseria/.gradle/wrapper/dists/gradle-3.5-all/exhrs6ca08n232b14ue48lbye/gradle-3.5/lib/jul-to-slf4j-1.7.10.jar
7fb3bfb8b000-7fb3bfb92000 r--s 00027000 08:02 69885204                   /home/techseria/.gradle/wrapper/dists/gradle-3.5-all/exhrs6ca08n232b14ue48lbye/gradle-3.5/lib/gradle-logging-3.5.jar
7fb3bfb92000-7fb3bfba1000 r--s 0007f000 08:02 68458886                   /home/techseria/.gradle/wrapper/dists/gradle-3.5-all/exhrs6ca08n232b14ue48lbye/gradle-3.5/lib/gradle-model-core-3.5.jar
7fb3bfba1000-7fb3bfba3000 r--s 00006000 08:02 68458883                   /home/techseria/.gradle/wrapper/dists/gradle-3.5-all/exhrs6ca08n232b14ue48lbye/gradle-3.5/lib/gradle-base-services-groovy-3.5.jar
7fb3bfba3000-7fb3bfba5000 r--s 00007000 08:02 68458891                   /home/techseria/.gradle/wrapper/dists/gradle-3.5-all/exhrs6ca08n232b14ue48lbye/gradle-3.5/lib/gradle-model-groovy-3.5.jar
7fb3bfba5000-7fb3bfba6000 r--s 00002000 08:02 68458896                   /home/techseria/.gradle/wrapper/dists/gradle-3.5-all/exhrs6ca08n232b14ue48lbye/gradle-3.5/lib/gradle-docs-3.5.jar
7fb3bfba6000-7fb3bfba7000 r--s 00001000 08:02 68458919                   /home/techseria/.gradle/wrapper/dists/gradle-3.5-all/exhrs6ca08n232b14ue48lbye/gradle-3.5/lib/native-platform-linux-i386-ncurses6-0.14.jar
7fb3bfba7000-7fb3bfba8000 r--s 00001000 08:02 68458918                   /home/techseria/.gradle/wrapper/dists/gradle-3.5-all/exhrs6ca08n232b14ue48lbye/gradle-3.5/lib/native-platform-linux-i386-ncurses5-0.14.jar
7fb3bfba8000-7fb3bfba9000 r--s 00001000 08:02 68458917                   /home/techseria/.gradle/wrapper/dists/gradle-3.5-all/exhrs6ca08n232b14ue48lbye/gradle-3.5/lib/native-platform-linux-amd64-ncurses6-0.14.jar
7fb3bfba9000-7fb3bfbaa000 r--s 00001000 08:02 68458916                   /home/techseria/.gradle/wrapper/dists/gradle-3.5-all/exhrs6ca08n232b14ue48lbye/gradle-3.5/lib/native-platform-linux-amd64-ncurses5-0.14.jar
7fb3bfbaa000-7fb3bfbab000 r--s 0000b000 08:02 68458915                   /home/techseria/.gradle/wrapper/dists/gradle-3.5-all/exhrs6ca08n232b14ue48lbye/gradle-3.5/lib/native-platform-windows-i386-0.14.jar
7fb3bfbab000-7fb3bfbad000 r--s 0000b000 08:02 68458914                   /home/techseria/.gradle/wrapper/dists/gradle-3.5-all/exhrs6ca08n232b14ue48lbye/gradle-3.5/lib/native-platform-windows-amd64-0.14.jar
7fb3bfbad000-7fb3bfbae000 r--s 00003000 08:02 68458913                   /home/techseria/.gradle/wrapper/dists/gradle-3.5-all/exhrs6ca08n232b14ue48lbye/gradle-3.5/lib/native-platform-osx-i386-0.14.jar
7fb3bfbae000-7fb3bfbb0000 r--s 00002000 08:02 68458912                   /home/techseria/.gradle/wrapper/dists/gradle-3.5-all/exhrs6ca08n232b14ue48lbye/gradle-3.5/lib/native-platform-osx-amd64-0.14.jar
7fb3bfbb0000-7fb3bfbb1000 r--s 00002000 08:02 68458911                   /home/techseria/.gradle/wrapper/dists/gradle-3.5-all/exhrs6ca08n232b14ue48lbye/gradle-3.5/lib/native-platform-linux-i386-0.14.jar
7fb3bfbb1000-7fb3bfbb2000 r--s 00002000 08:02 68458910                   /home/techseria/.gradle/wrapper/dists/gradle-3.5-all/exhrs6ca08n232b14ue48lbye/gradle-3.5/lib/native-platform-linux-amd64-0.14.jar
7fb3bfbb2000-7fb3bfbb3000 r--s 00003000 08:02 68458909                   /home/techseria/.gradle/wrapper/dists/gradle-3.5-all/exhrs6ca08n232b14ue48lbye/gradle-3.5/lib/native-platform-freebsd-i386-libstdcpp-0.14.jar
7fb3bfbb3000-7fb3bfbb4000 r--s 00004000 08:02 68458908                   /home/techseria/.gradle/wrapper/dists/gradle-3.5-all/exhrs6ca08n232b14ue48lbye/gradle-3.5/lib/native-platform-freebsd-i386-libcpp-0.14.jar
7fb3bfbb4000-7fb3bfbb5000 r--s 00004000 08:02 68458907                   /home/techseria/.gradle/wrapper/dists/gradle-3.5-all/exhrs6ca08n232b14ue48lbye/gradle-3.5/lib/native-platform-freebsd-amd64-libstdcpp-0.14.jar
7fb3bfbb5000-7fb3bfbb6000 r--s 00004000 08:02 68458906                   /home/techseria/.gradle/wrapper/dists/gradle-3.5-all/exhrs6ca08n232b14ue48lbye/gradle-3.5/lib/native-platform-freebsd-amd64-libcpp-0.14.jar
7fb3bfbb6000-7fb3bfbb9000 r--s 00023000 08:02 68458900                   /home/techseria/.gradle/wrapper/dists/gradle-3.5-all/exhrs6ca08n232b14ue48lbye/gradle-3.5/lib/jansi-1.14.jar
7fb3bfbb9000-7fb3bfbbd000 r--s 00012000 08:02 68458895                   /home/techseria/.gradle/wrapper/dists/gradle-3.5-all/exhrs6ca08n232b14ue48lbye/gradle-3.5/lib/native-platform-0.14.jar
7fb3bfbbd000-7fb3bfbc0000 r--s 0000c000 08:02 69885200                   /home/techseria/.gradle/wrapper/dists/gradle-3.5-all/exhrs6ca08n232b14ue48lbye/gradle-3.5/lib/gradle-native-3.5.jar
7fb3bfbc0000-7fb3bfbc7000 r--s 0002a000 08:02 68458884                   /home/techseria/.gradle/wrapper/dists/gradle-3.5-all/exhrs6ca08n232b14ue48lbye/gradle-3.5/lib/gradle-messaging-3.5.jar
7fb3bfbc7000-7fb3bfbc9000 r--s 00006000 08:02 68458882                   /home/techseria/.gradle/wrapper/dists/gradle-3.5-all/exhrs6ca08n232b14ue48lbye/gradle-3.5/lib/gradle-process-services-3.5.jar
7fb3bfbc9000-7fb3bfbcb000 r--s 00000000 08:02 68392623                   /home/techseria/.gradle/wrapper/dists/gradle-3.5-all/exhrs6ca08n232b14ue48lbye/gradle-3.5/lib/gradle-jvm-services-3.5.jar
7fb3bfbcb000-7fb3bfbcc000 r--s 00000000 08:02 68458923                   /home/techseria/.gradle/wrapper/dists/gradle-3.5-all/exhrs6ca08n232b14ue48lbye/gradle-3.5/lib/gradle-version-info-3.5.jar
7fb3bfbcc000-7fb3bfbd5000 r--s 00047000 08:02 68381861                   /home/techseria/.gradle/wrapper/dists/gradle-3.5-all/exhrs6ca08n232b14ue48lbye/gradle-3.5/lib/gradle-base-services-3.5.jar
7fb3bfbd5000-7fb3bfc17000 r--s 00220000 08:02 69321760                   /home/techseria/.gradle/wrapper/dists/gradle-3.5-all/exhrs6ca08n232b14ue48lbye/gradle-3.5/lib/gradle-core-3.5.jar
7fb3bfc17000-7fb3bfc22000 r--s 0005b000 08:02 67179783                   /home/techseria/.gradle/wrapper/dists/gradle-3.5-all/exhrs6ca08n232b14ue48lbye/gradle-3.5/lib/gradle-launcher-3.5.jar
7fb3bfc22000-7fb3bfc23000 r--s 00006000 08:02 68381856                   /home/techseria/.gradle/wrapper/dists/gradle-3.5-all/exhrs6ca08n232b14ue48lbye/gradle-3.5/lib/gradle-wrapper-3.5.jar
7fb3bfc23000-7fb3bfc25000 r--s 00008000 08:02 135191365                  /home/techseria/.gradle/wrapper/dists/gradle-3.5-all/exhrs6ca08n232b14ue48lbye/gradle-3.5/lib/plugins/gradle-tooling-api-builders-3.5.jar
7fb3bfc25000-7fb3bfc28000 r--s 00009000 08:02 135352505                  /home/techseria/.gradle/wrapper/dists/gradle-3.5-all/exhrs6ca08n232b14ue48lbye/gradle-3.5/lib/plugins/gradle-testing-native-3.5.jar
7fb3bfc28000-7fb3bfc2e000 r--s 00033000 08:02 135617987                  /home/techseria/.gradle/wrapper/dists/gradle-3.5-all/exhrs6ca08n232b14ue48lbye/gradle-3.5/lib/plugins/snakeyaml-1.6.jar
7fb3bfc2e000-7fb3bfc30000 r--s 00006000 08:02 135617986                  /home/techseria/.gradle/wrapper/dists/gradle-3.5-all/exhrs6ca08n232b14ue48lbye/gradle-3.5/lib/plugins/jcommander-1.12.jar
7fb3bfc30000-7fb3bfc35000 r--s 00040000 08:02 135617985                  /home/techseria/.gradle/wrapper/dists/gradle-3.5-all/exhrs6ca08n232b14ue48lbye/gradle-3.5/lib/plugins/bsh-2.0b4.jar
7fb3bfc35000-7fb3bfc37000 r--s 00009000 08:02 135617991                  /home/techseria/.gradle/wrapper/dists/gradle-3.5-all/exhrs6ca08n232b14ue48lbye/gradle-3.5/lib/plugins/hamcrest-core-1.3.jar
7fb3bfc37000-7fb3bfc39000 r--s 00007000 08:02 68458922                   /home/techseria/.gradle/wrapper/dists/gradle-3.5-all/exhrs6ca08n232b14ue48lbye/gradle-3.5/lib/objenesis-1.2.jar
7fb3bfc39000-7fb3bfc3b000 r--s 00000000 08:02 68458921                   /home/techseria/.gradle/wrapper/dists/gradle-3.5-all/exhrs6ca08n232b14ue48lbye/gradle-3.5/lib/minlog-1.2.jar
7fb3bfc3b000-7fb3bfc3d000 r--s 0000f000 08:02 68458920                   /home/techseria/.gradle/wrapper/dists/gradle-3.5-all/exhrs6ca08n232b14ue48lbye/gradle-3.5/lib/reflectasm-1.07-shaded.jar
7fb3bfc3d000-7fb3bfc46000 r--s 00089000 08:02 135605494                  /home/techseria/.gradle/wrapper/dists/gradle-3.5-all/exhrs6ca08n232b14ue48lbye/gradle-3.5/lib/plugins/testng-6.3.1.jar
7fb3bfc46000-7fb3bfc4a000 r--s 00026000 08:02 68458904                   /home/techseria/.gradle/wrapper/dists/gradle-3.5-all/exhrs6ca08n232b14ue48lbye/gradle-3.5/lib/kryo-2.20.jar
7fb3bfc4a000-7fb3bfc52000 r--s 00045000 08:02 135605493                  /home/techseria/.gradle/wrapper/dists/gradle-3.5-all/exhrs6ca08n232b14ue48lbye/gradle-3.5/lib/plugins/junit-4.12.jar
7fb3bfc52000-7fb3bfc58000 r--s 0002e000 08:02 135352506                  /home/techseria/.gradle/wrapper/dists/gradle-3.5-all/exhrs6ca08n232b14ue48lbye/gradle-3.5/lib/plugins/gradle-testing-jvm-3.5.jar
7fb3bfc58000-7fb3bfc5c000 r--s 00016000 08:02 135352504                  /home/techseria/.gradle/wrapper/dists/gradle-3.5-all/exhrs6ca08n232b14ue48lbye/gradle-3.5/lib/plugins/gradle-testing-base-3.5.jar
7fb3bfc5c000-7fb3bfc63000 r--s 00038000 08:02 135605488                  /home/techseria/.gradle/wrapper/dists/gradle-3.5-all/exhrs6ca08n232b14ue48lbye/gradle-3.5/lib/plugins/bcpg-jdk15on-1.51.jar
7fb3bfc63000-7fb3bfc65000 r--s 0000c000 08:02 135352483                  /home/techseria/.gradle/wrapper/dists/gradle-3.5-all/exhrs6ca08n232b14ue48lbye/gradle-3.5/lib/plugins/gradle-signing-3.5.jar
7fb3bfc65000-7fb3bfc67000 r--s 00007000 08:02 135352482                  /home/techseria/.gradle/wrapper/dists/gradle-3.5-all/exhrs6ca08n232b14ue48lbye/gradle-3.5/lib/plugins/gradle-scala-3.5.jar
7fb3bfc67000-7fb3bfc68000 r--s 00004000 08:02 135352510                  /home/techseria/.gradle/wrapper/dists/gradle-3.5-all/exhrs6ca08n232b14ue48lbye/gradle-3.5/lib/plugins/gradle-resources-sftp-3.5.jar
7fb3bfc68000-7fb3bfc78000 r--s 00088000 08:02 135605506                  /home/techseria/.gradle/wrapper/dists/gradle-3.5-all/exhrs6ca08n232b14ue48lbye/gradle-3.5/lib/plugins/joda-time-2.8.2.jar
7fb3bfc78000-7fb3bfc89000 r--s 0010d000 08:02 135605505                  /home/techseria/.gradle/wrapper/dists/gradle-3.5-all/exhrs6ca08n232b14ue48lbye/gradle-3.5/lib/plugins/jackson-databind-2.6.6.jar
7fb3bfc89000-7fb3bfc8c000 r--s 00009000 08:02 135605504                  /home/techseria/.gradle/wrapper/dists/gradle-3.5-all/exhrs6ca08n232b14ue48lbye/gradle-3.5/lib/plugins/jackson-annotations-2.6.6.jar
7fb3bfc8c000-7fb3bfc90000 r--s 0003c000 08:02 135605503                  /home/techseria/.gradle/wrapper/dists/gradle-3.5-all/exhrs6ca08n232b14ue48lbye/gradle-3.5/lib/plugins/jackson-core-2.6.6.jar
7fb3bfc90000-7fb3bfc9e000 r--s 00087000 08:02 135605502                  /home/techseria/.gradle/wrapper/dists/gradle-3.5-all/exhrs6ca08n232b14ue48lbye/gradle-3.5/lib/plugins/aws-java-sdk-core-1.11.6.jar
7fb3bfc9e000-7fb3bfca5000 r--s 00057000 08:02 135605501                  /home/techseria/.gradle/wrapper/dists/gradle-3.5-all/exhrs6ca08n232b14ue48lbye/gradle-3.5/lib/plugins/aws-java-sdk-kms-1.11.6.jar
7fb3bfca5000-7fb3bfcb2000 r--s 0008e000 08:02 135605500                  /home/techseria/.gradle/wrapper/dists/gradle-3.5-all/exhrs6ca08n232b14ue48lbye/gradle-3.5/lib/plugins/aws-java-sdk-s3-1.11.6.jar
7fb3bfcb2000-7fb3bfcb4000 r--s 00004000 08:02 135352511                  /home/techseria/.gradle/wrapper/dists/gradle-3.5-all/exhrs6ca08n232b14ue48lbye/gradle-3.5/lib/plugins/gradle-resources-s3-3.5.jar
7fb3bfcb4000-7fb3bfcb6000 r--s 0000f000 08:02 135352488                  /home/techseria/.gradle/wrapper/dists/gradle-3.5-all/exhrs6ca08n232b14ue48lbye/gradle-3.5/lib/plugins/gradle-reporting-3.5.jar
7fb3bfcb6000-7fb3bfcb8000 r--s 00002000 08:02 135352489                  /home/techseria/.gradle/wrapper/dists/gradle-3.5-all/exhrs6ca08n232b14ue48lbye/gradle-3.5/lib/plugins/gradle-publish-3.5.jar
7fb3bfcb8000-7fb3bfcb9000 r--s 00004000 08:02 68458905                   /home/techseria/.gradle/wrapper/dists/gradle-3.5-all/exhrs6ca08n232b14ue48lbye/gradle-3.5/lib/ant-launcher-1.9.6.jar
7fb3bfcb9000-7fb3bfcbb000 r--s 00009000 08:02 135605475                  /home/techseria/.gradle/wrapper/dists/gradle-3.5-all/exhrs6ca08n232b14ue48lbye/gradle-3.5/lib/plugins/commons-cli-1.2.jar
7fb3bfcbb000-7fb3bfcc0000 r--s 00038000 08:02 68458888                   /home/techseria/.gradle/wrapper/dists/gradle-3.5-all/exhrs6ca08n232b14ue48lbye/gradle-3.5/lib/asm-all-5.1.jar
7fb3bfcc0000-7fb3bfcdf000 r--s 001d1000 08:02 68458889                   /home/techseria/.gradle/wrapper/dists/gradle-3.5-all/exhrs6ca08n232b14ue48lbye/gradle-3.5/lib/ant-1.9.6.jar
7fb3bfcdf000-7fb3bfce5000 r--s 00035000 08:02 135352474                  /home/techseria/.gradle/wrapper/dists/gradle-3.5-all/exhrs6ca08n232b14ue48lbye/gradle-3.5/lib/plugins/gradle-plugins-3.5.jar
7fb3bfce5000-7fb3bfce7000 r--s 00009000 08:02 135352507                  /home/techseria/.gradle/wrapper/dists/gradle-3.5-all/exhrs6ca08n232b14ue48lbye/gradle-3.5/lib/plugins/gradle-plugin-development-3.5.jar
7fb3bfce7000-7fb3bfced000 r--s 0002b000 08:02 135352500                  /home/techseria/.gradle/wrapper/dists/gradle-3.5-all/exhrs6ca08n232b14ue48lbye/gradle-3.5/lib/plugins/gradle-platform-play-3.5.jar
7fb3bfced000-7fb3bfcfb000 r--s 00056000 08:02 135352499                  /home/techseria/.gradle/wrapper/dists/gradle-3.5-all/exhrs6ca08n232b14ue48lbye/gradle-3.5/lib/plugins/gradle-platform-native-3.5.jar
7fb3bfcfb000-7fb3bfcff000 r--s 0001b000 08:02 135352494                  /home/techseria/.gradle/wrapper/dists/gradle-3.5-all/exhrs6ca08n232b14ue48lbye/gradle-3.5/lib/plugins/gradle-platform-jvm-3.5.jar
7fb3bfcff000-7fb3bfd06000 r--s 00028000 08:02 135352493                  /home/techseria/.gradle/wrapper/dists/gradle-3.5-all/exhrs6ca08n232b14ue48lbye/gradle-3.5/lib/plugins/gradle-platform-base-3.5.jar
7fb3bfd06000-7fb3bfd2e000 r--s 0021c000 08:02 135605483                  /home/techseria/.gradle/wrapper/dists/gradle-3.5-all/exhrs6ca08n232b14ue48lbye/gradle-3.5/lib/plugins/biz.aQute.bndlib-3.2.0.jar
7fb3bfd2e000-7fb3bfd30000 r--s 00003000 08:02 135352478                  /home/techseria/.gradle/wrapper/dists/gradle-3.5-all/exhrs6ca08n232b14ue48lbye/gradle-3.5/lib/plugins/gradle-osgi-3.5.jar
7fb3bfd30000-7fb3bfd33000 r--s 0000c000 08:02 135605486                  /home/techseria/.gradle/wrapper/dists/gradle-3.5-all/exhrs6ca08n232b14ue48lbye/gradle-3.5/lib/plugins/pmaven-groovy-0.8-20100325.jar
7fb3bfd33000-7fb3bfd34000 r--s 00004000 08:02 135605485                  /home/techseria/.gradle/wrapper/dists/gradle-3.5-all/exhrs6ca08n232b14ue48lbye/gradle-3.5/lib/plugins/pmaven-common-0.8-20100325.jar
7fb3bfd34000-7fb3bfd39000 r--s 00024000 08:02 135352479                  /home/techseria/.gradle/wrapper/dists/gradle-3.5-all/exhrs6ca08n232b14ue48lbye/gradle-3.5/lib/plugins/gradle-maven-3.5.jar
7fb3bfd39000-7fb3bfd3c000 r--s 0000b000 08:02 135352498                  /home/techseria/.gradle/wrapper/dists/gradle-3.5-all/exhrs6ca08n232b14ue48lbye/gradle-3.5/lib/plugins/gradle-language-scala-3.5.jar
7fb3bfd3c000-7fb3bfd42000 r--s 0001a000 08:02 135352502                  /home/techseria/.gradle/wrapper/dists/gradle-3.5-all/exhrs6ca08n232b14ue48lbye/gradle-3.5/lib/plugins/gradle-language-native-3.5.jar
7fb3bfd42000-7fb3bfd44000 r--s 00006000 08:02 135352495                  /home/techseria/.gradle/wrapper/dists/gradle-3.5-all/exhrs6ca08n232b14ue48lbye/gradle-3.5/lib/plugins/gradle-language-jvm-3.5.jar
7fb3bfd44000-7fb3bfd4b000 r--s 0002f000 08:02 135352496                  /home/techseria/.gradle/wrapper/dists/gradle-3.5-all/exhrs6ca08n232b14ue48lbye/gradle-3.5/lib/plugins/gradle-language-java-3.5.jar
7fb3bfd4b000-7fb3bfd4d000 r--s 0000a000 08:02 135352497                  /home/techseria/.gradle/wrapper/dists/gradle-3.5-all/exhrs6ca08n232b14ue48lbye/gradle-3.5/lib/plugins/gradle-language-groovy-3.5.jar
7fb3bfd4d000-7fb3bfd50000 r--s 0001e000 08:02 135605512                  /home/techseria/.gradle/wrapper/dists/gradle-3.5-all/exhrs6ca08n232b14ue48lbye/gradle-3.5/lib/plugins/jsp-api-2.1-6.1.14.jar
7fb3bfd50000-7fb3bfd73000 r--s 00344000 08:02 135605511                  /home/techseria/.gradle/wrapper/dists/gradle-3.5-all/exhrs6ca08n232b14ue48lbye/gradle-3.5/lib/plugins/core-3.1.1.jar
7fb3bfd73000-7fb3bfd74000 r--s 00006000 08:02 135605510                  /home/techseria/.gradle/wrapper/dists/gradle-3.5-all/exhrs6ca08n232b14ue48lbye/gradle-3.5/lib/plugins/jetty-naming-6.1.26.jar
7fb3bfd74000-7fb3bfd75000 r--s 00002000 08:02 135605482                  /home/techseria/.gradle/wrapper/dists/gradle-3.5-all/exhrs6ca08n232b14ue48lbye/gradle-3.5/lib/plugins/geronimo-annotation_1.0_spec-1.0.jar
7fb3bfd75000-7fb3bfd77000 r--s 00002000 08:02 135605481                  /home/techseria/.gradle/wrapper/dists/gradle-3.5-all/exhrs6ca08n232b14ue48lbye/gradle-3.5/lib/plugins/jetty-annotations-6.1.26.jar
7fb3bfd77000-7fb3bfd88000 r--s 000ea000 08:02 135605480                  /home/techseria/.gradle/wrapper/dists/gradle-3.5-all/exhrs6ca08n232b14ue48lbye/gradle-3.5/lib/plugins/jsp-2.1-6.1.14.jar
7fb3bfd88000-7fb3bfd8a000 r--s 0000d000 08:02 135605479                  /home/techseria/.gradle/wrapper/dists/gradle-3.5-all/exhrs6ca08n232b14ue48lbye/gradle-3.5/lib/plugins/jetty-plus-6.1.26.jar
7fb3bfd8a000-7fb3bfd8e000 r--s 00028000 08:02 135605477                  /home/techseria/.gradle/wrapper/dists/gradle-3.5-all/exhrs6ca08n232b14ue48lbye/gradle-3.5/lib/plugins/jetty-util-6.1.26.jar
7fb3bfd8e000-7fb3bfdfe000 r--s 00645000 08:02 68458887                   /home/techseria/.gradle/wrapper/dists/gradle-3.5-all/exhrs6ca08n232b14ue48lbye/gradle-3.5/lib/groovy-all-2.4.10.jar
7fb3bfdfe000-7fb3bfdff000 ---p 00000000 00:00 0 
7fb3bfdff000-7fb3bfeff000 rw-p 00000000 00:00 0 
7fb3bfeff000-7fb3bff02000 ---p 00000000 00:00 0 
7fb3bff02000-7fb3c0000000 rw-p 00000000 00:00 0 
7fb3c0000000-7fb3c0021000 rw-p 00000000 00:00 0 
7fb3c0021000-7fb3c4000000 ---p 00000000 00:00 0 
7fb3c4000000-7fb3c4002000 r--s 0001f000 08:02 135605478                  /home/techseria/.gradle/wrapper/dists/gradle-3.5-all/exhrs6ca08n232b14ue48lbye/gradle-3.5/lib/plugins/servlet-api-2.5-20081211.jar
7fb3c4002000-7fb3c4009000 r--s 0007d000 08:02 135605476                  /home/techseria/.gradle/wrapper/dists/gradle-3.5-all/exhrs6ca08n232b14ue48lbye/gradle-3.5/lib/plugins/jetty-6.1.26.jar
7fb3c4009000-7fb3c400b000 r--s 0000a000 08:02 135352476                  /home/techseria/.gradle/wrapper/dists/gradle-3.5-all/exhrs6ca08n232b14ue48lbye/gradle-3.5/lib/plugins/gradle-jetty-3.5.jar
7fb3c400b000-7fb3c4012000 r--s 00035000 08:02 135605491                  /home/techseria/.gradle/wrapper/dists/gradle-3.5-all/exhrs6ca08n232b14ue48lbye/gradle-3.5/lib/plugins/simple-4.1.21.jar
7fb3c4012000-7fb3c401e000 r--s 00100000 08:02 135605489                  /home/techseria/.gradle/wrapper/dists/gradle-3.5-all/exhrs6ca08n232b14ue48lbye/gradle-3.5/lib/plugins/rhino-1.7R3.jar
7fb3c401e000-7fb3c4022000 r--s 00012000 08:02 135352485                  /home/techseria/.gradle/wrapper/dists/gradle-3.5-all/exhrs6ca08n232b14ue48lbye/gradle-3.5/lib/plugins/gradle-javascript-3.5.jar
7fb3c4022000-7fb3c4025000 r--s 00011000 08:02 135352491                  /home/techseria/.gradle/wrapper/dists/gradle-3.5-all/exhrs6ca08n232b14ue48lbye/gradle-3.5/lib/plugins/gradle-jacoco-3.5.jar
7fb3c4025000-7fb3c4028000 r--s 0000e000 08:02 135352490                  /home/techseria/.gradle/wrapper/dists/gradle-3.5-all/exhrs6ca08n232b14ue48lbye/gradle-3.5/lib/plugins/gradle-ivy-3.5.jar
7fb3c4028000-7fb3c4029000 r--s 00002000 08:02 135352501                  /home/techseria/.gradle/wrapper/dists/gradle-3.5-all/exhrs6ca08n232b14ue48lbye/gradle-3.5/lib/plugins/gradle-ide-play-3.5.jar
7fb3c4029000-7fb3c402c000 r--s 00013000 08:02 135352503                  /home/techseria/.gradle/wrapper/dists/gradle-3.5-all/exhrs6ca08n232b14ue48lbye/gradle-3.5/lib/plugins/gradle-ide-native-3.5.jar
7fb3c402c000-7fb3c4036000 r--s 00056000 08:02 135352480                  /home/techseria/.gradle/wrapper/dists/gradle-3.5-all/exhrs6ca08n232b14ue48lbye/gradle-3.5/lib/plugins/gradle-ide-3.5.jar
7fb3c4036000-7fb3c4043000 r--s 00083000 08:02 68458892                   /home/techseria/.gradle/wrapper/dists/gradle-3.5-all/exhrs6ca08n232b14ue48lbye/gradle-3.5/lib/commons-collections-3.2.2.jar
7fb3c4043000-7fb3c4049000 r--s 00039000 08:02 135352487                  /home/techseria/.gradle/wrapper/dists/gradle-3.5-all/exhrs6ca08n232b14ue48lbye/gradle-3.5/lib/plugins/gradle-diagnostics-3.5.jar
7fb3c4049000-7fb3c404d000 ---p 00000000 00:00 0 
7fb3c404d000-7fb3c414a000 rw-p 00000000 00:00 0 
7fb3c414a000-7fb3c414e000 ---p 00000000 00:00 0 
7fb3c414e000-7fb3c424b000 rw-p 00000000 00:00 0 
7fb3c424b000-7fb3c424f000 ---p 00000000 00:00 0 
7fb3c424f000-7fb3c434c000 rw-p 00000000 00:00 0 
7fb3c434c000-7fb3c434f000 ---p 00000000 00:00 0 
7fb3c434f000-7fb3c444d000 rw-p 00000000 00:00 0 
7fb3c444d000-7fb3c4450000 ---p 00000000 00:00 0 
7fb3c4450000-7fb3c454e000 rw-p 00000000 00:00 0 
7fb3c454e000-7fb3c4551000 ---p 00000000 00:00 0 
7fb3c4551000-7fb3c464f000 rw-p 00000000 00:00 0 
7fb3c464f000-7fb3c4650000 ---p 00000000 00:00 0 
7fb3c4650000-7fb3c8000000 rw-p 00000000 00:00 0 
7fb3c8000000-7fb3c8021000 rw-p 00000000 00:00 0 
7fb3c8021000-7fb3cc000000 ---p 00000000 00:00 0 
7fb3cc000000-7fb3cc001000 r--s 00000000 08:02 68458890                   /home/techseria/.gradle/wrapper/dists/gradle-3.5-all/exhrs6ca08n232b14ue48lbye/gradle-3.5/lib/javax.inject-1.jar
7fb3cc001000-7fb3cc003000 r--s 00007000 08:02 135352484                  /home/techseria/.gradle/wrapper/dists/gradle-3.5-all/exhrs6ca08n232b14ue48lbye/gradle-3.5/lib/plugins/gradle-ear-3.5.jar
7fb3cc003000-7fb3cc005000 r--s 00005000 08:02 135605492                  /home/techseria/.gradle/wrapper/dists/gradle-3.5-all/exhrs6ca08n232b14ue48lbye/gradle-3.5/lib/plugins/jatl-0.2.2.jar
7fb3cc005000-7fb3cc007000 r--s 00009000 08:02 135191399                  /home/techseria/.gradle/wrapper/dists/gradle-3.5-all/exhrs6ca08n232b14ue48lbye/gradle-3.5/lib/plugins/gradle-composite-builds-3.5.jar
7fb3cc007000-7fb3cc00c000 r--s 00023000 08:02 135352475                  /home/techseria/.gradle/wrapper/dists/gradle-3.5-all/exhrs6ca08n232b14ue48lbye/gradle-3.5/lib/plugins/gradle-code-quality-3.5.jar
7fb3cc00c000-7fb3cc011000 r--s 00022000 08:02 135352492                  /home/techseria/.gradle/wrapper/dists/gradle-3.5-all/exhrs6ca08n232b14ue48lbye/gradle-3.5/lib/plugins/gradle-build-init-3.5.jar
7fb3cc011000-7fb3cc017000 r--s 0008e000 08:02 135352486                  /home/techseria/.gradle/wrapper/dists/gradle-3.5-all/exhrs6ca08n232b14ue48lbye/gradle-3.5/lib/plugins/gradle-build-comparison-3.5.jar
7fb3cc017000-7fb3cc018000 r--s 00002000 08:02 135191422                  /home/techseria/.gradle/wrapper/dists/gradle-3.5-all/exhrs6ca08n232b14ue48lbye/gradle-3.5/lib/plugins/gradle-build-cache-http-3.5.jar
7fb3cc018000-7fb3cc01a000 r--s 00008000 08:02 135352477                  /home/techseria/.gradle/wrapper/dists/gradle-3.5-all/exhrs6ca08n232b14ue48lbye/gradle-3.5/lib/plugins/gradle-antlr-3.5.jar
7fb3cc01a000-7fb3cc01b000 r--s 00005000 08:02 135352481                  /home/techseria/.gradle/wrapper/dists/gradle-3.5-all/exhrs6ca08n232b14ue48lbye/gradle-3.5/lib/plugins/gradle-announce-3.5.jar
7fb3cc01b000-7fb3cc023000 r--s 00028000 08:02 135617989                  /home/techseria/.gradle/wrapper/dists/gradle-3.5-all/exhrs6ca08n232b14ue48lbye/gradle-3.5/lib/plugins/xml-apis-1.3.04.jar
7fb3cc023000-7fb3cc029000 r--s 00033000 08:02 135605487                  /home/techseria/.gradle/wrapper/dists/gradle-3.5-all/exhrs6ca08n232b14ue48lbye/gradle-3.5/lib/plugins/commons-codec-1.6.jar
7fb3cc029000-7fb3cc02b000 r--s 00003000 08:02 68458903                   /home/techseria/.gradle/wrapper/dists/gradle-3.5-all/exhrs6ca08n232b14ue48lbye/gradle-3.5/lib/jcl-over-slf4j-1.7.10.jar
7fb3cc02b000-7fb3cc032000 r--s 00049000 08:02 135617988                  /home/techseria/.gradle/wrapper/dists/gradle-3.5-all/exhrs6ca08n232b14ue48lbye/gradle-3.5/lib/plugins/httpcore-4.4.4.jar
7fb3cc032000-7fb3cc035000 r--s 0001c000 08:02 135605498                  /home/techseria/.gradle/wrapper/dists/gradle-3.5-all/exhrs6ca08n232b14ue48lbye/gradle-3.5/lib/plugins/nekohtml-1.9.14.jar
7fb3cc035000-7fb3cc04d000 r--s 00115000 08:02 135605497                  /home/techseria/.gradle/wrapper/dists/gradle-3.5-all/exhrs6ca08n232b14ue48lbye/gradle-3.5/lib/plugins/xercesImpl-2.9.1.jar
7fb3cc04d000-7fb3cc075000 r--s 001cf000 08:02 68458880                   /home/techseria/.gradle/wrapper/dists/gradle-3.5-all/exhrs6ca08n232b14ue48lbye/gradle-3.5/lib/guava-jdk5-17.0.jar
7fb3cc075000-7fb3cc07b000 r--s 0005b000 08:02 135605496                  /home/techseria/.gradle/wrapper/dists/gradle-3.5-all/exhrs6ca08n232b14ue48lbye/gradle-3.5/lib/plugins/jcifs-1.3.17.jar
7fb3cc07b000-7fb3cc088000 r--s 000a4000 08:02 135605495                  /home/techseria/.gradle/wrapper/dists/gradle-3.5-all/exhrs6ca08n232b14ue48lbye/gradle-3.5/lib/plugins/httpclient-4.4.1.jar
7fb3cc088000-7fb3cc08b000 r--s 0000a000 08:02 135352509                  /home/techseria/.gradle/wrapper/dists/gradle-3.5-all/exhrs6ca08n232b14ue48lbye/gradle-3.5/lib/plugins/gradle-resources-http-3.5.jar
7fb3cc08b000-7fb3cc08f000 r--s 00017000 08:02 135352508                  /home/techseria/.gradle/wrapper/dists/gradle-3.5-all/exhrs6ca08n232b14ue48lbye/gradle-3.5/lib/plugins/gradle-plugin-use-3.5.jar
7fb3cc08f000-7fb3cc090000 r--s 00000000 08:02 67878934                   /home/techseria/.gradle/wrapper/dists/gradle-3.5-all/exhrs6ca08n232b14ue48lbye/gradle-3.5/lib/gradle-runtime-api-info-3.5.jar
7fb3cc090000-7fb3cc091000 r--s 00000000 08:02 68381860                   /home/techseria/.gradle/wrapper/dists/gradle-3.5-all/exhrs6ca08n232b14ue48lbye/gradle-3.5/lib/gradle-installation-beacon-3.5.jar
7fb3cc091000-7fb3cc093000 r--s 00006000 08:02 135617984                  /home/techseria/.gradle/wrapper/dists/gradle-3.5-all/exhrs6ca08n232b14ue48lbye/gradle-3.5/lib/plugins/aether-connector-wagon-1.13.1.jar
7fb3cc093000-7fb3cc097000 r--s 0001c000 08:02 135605535                  /home/techseria/.gradle/wrapper/dists/gradle-3.5-all/exhrs6ca08n232b14ue48lbye/gradle-3.5/lib/plugins/aether-util-1.13.1.jar
7fb3cc097000-7fb3cc098000 r--s 00003000 08:02 135605534                  /home/techseria/.gradle/wrapper/dists/gradle-3.5-all/exhrs6ca08n232b14ue48lbye/gradle-3.5/lib/plugins/aether-spi-1.13.1.jar
7fb3cc098000-7fb3cc09b000 r--s 0001d000 08:02 135605533                  /home/techseria/.gradle/wrapper/dists/gradle-3.5-all/exhrs6ca08n232b14ue48lbye/gradle-3.5/lib/plugins/aether-impl-1.13.1.jar
7fb3cc09b000-7fb3cc09e000 r--s 00013000 08:02 135605532                  /home/techseria/.gradle/wrapper/dists/gradle-3.5-all/exhrs6ca08n232b14ue48lbye/gradle-3.5/lib/plugins/aether-api-1.13.1.jar
7fb3cc09e000-7fb3cc09f000 r--s 00007000 08:02 135605531                  /home/techseria/.gradle/wrapper/dists/gradle-3.5-all/exhrs6ca08n232b14ue48lbye/gradle-3.5/lib/plugins/wagon-http-shared4-2.4.jar
7fb3cc09f000-7fb3cc0a1000 r--s 0000b000 08:02 135605530                  /home/techseria/.gradle/wrapper/dists/gradle-3.5-all/exhrs6ca08n232b14ue48lbye/gradle-3.5/lib/plugins/wagon-provider-api-2.4.jar
7fb3cc0a1000-7fb3cc0a3000 r--s 0000c000 08:02 135605527                  /home/techseria/.gradle/wrapper/dists/gradle-3.5-all/exhrs6ca08n232b14ue48lbye/gradle-3.5/lib/plugins/maven-aether-provider-3.0.4.jar
7fb3cc0a3000-7fb3cc0a5000 r--s 0000b000 08:02 135605526                  /home/techseria/.gradle/wrapper/dists/gradle-3.5-all/exhrs6ca08n232b14ue48lbye/gradle-3.5/lib/plugins/maven-plugin-api-3.0.4.jar
7fb3cc0a5000-7fb3cc0a7000 r--s 00006000 08:02 135605525                  /home/techseria/.gradle/wrapper/dists/gradle-3.5-all/exhrs6ca08n232b14ue48lbye/gradle-3.5/lib/plugins/maven-repository-metadata-3.0.4.jar
7fb3cc0a7000-7fb3cc0a9000 r--s 0000b000 08:02 135605524                  /home/techseria/.gradle/wrapper/dists/gradle-3.5-all/exhrs6ca08n232b14ue48lbye/gradle-3.5/lib/plugins/maven-artifact-3.0.4.jar
7fb3cc0a9000-7fb3cc0ab000 r--s 00026000 08:02 135605523                  /home/techseria/.gradle/wrapper/dists/gradle-3.5-all/exhrs6ca08n232b14ue48lbye/gradle-3.5/lib/plugins/maven-model-3.0.4.jar
7fb3cc0ab000-7fb3cc0b1000 r--s 0003f000 08:02 135605521                  /home/techseria/.gradle/wrapper/dists/gradle-3.5-all/exhrs6ca08n232b14ue48lbye/gradle-3.5/lib/plugins/maven-compat-3.0.4.jar
7fb3cc0b1000-7fb3cc0f1000 r--s 00277000 08:02 135605509                  /home/techseria/.gradle/wrapper/dists/gradle-3.5-all/exhrs6ca08n232b14ue48lbye/gradle-3.5/lib/plugins/bcprov-jdk15on-1.51.jar
7fb3cc0f1000-7fb3cd000000 rw-p 00000000 00:00 0 
7fb3cd000000-7fb3cd270000 rwxp 00000000 00:00 0 
7fb3cd270000-7fb3dc000000 ---p 00000000 00:00 0 
7fb3dc000000-7fb3dca08000 rw-p 00000000 00:00 0 
7fb3dca08000-7fb3e0000000 ---p 00000000 00:00 0 
7fb3e0000000-7fb3e0001000 r--s 00002000 08:02 135605529                  /home/techseria/.gradle/wrapper/dists/gradle-3.5-all/exhrs6ca08n232b14ue48lbye/gradle-3.5/lib/plugins/wagon-http-2.4.jar
7fb3e0001000-7fb3e0005000 r--s 00021000 08:02 135605522                  /home/techseria/.gradle/wrapper/dists/gradle-3.5-all/exhrs6ca08n232b14ue48lbye/gradle-3.5/lib/plugins/maven-model-builder-3.0.4.jar
7fb3e0005000-7fb3e0007000 r--s 00002000 08:02 135605519                  /home/techseria/.gradle/wrapper/dists/gradle-3.5-all/exhrs6ca08n232b14ue48lbye/gradle-3.5/lib/plugins/plexus-cipher-1.7.jar
7fb3e0007000-7fb3e0009000 r--s 0000a000 08:02 135605518                  /home/techseria/.gradle/wrapper/dists/gradle-3.5-all/exhrs6ca08n232b14ue48lbye/gradle-3.5/lib/plugins/plexus-classworlds-2.4.jar
7fb3e0009000-7fb3e0010000 r--s 0002e000 08:02 135605517                  /home/techseria/.gradle/wrapper/dists/gradle-3.5-all/exhrs6ca08n232b14ue48lbye/gradle-3.5/lib/plugins/plexus-container-default-1.5.5.jar
7fb3e0010000-7fb3e0012000 r--s 00000000 08:02 135617990                  /home/techseria/.gradle/wrapper/dists/gradle-3.5-all/exhrs6ca08n232b14ue48lbye/gradle-3.5/lib/plugins/plexus-component-annotations-1.5.5.jar
7fb3e0012000-7fb3e0014000 r--s 0000d000 08:02 135605516                  /home/techseria/.gradle/wrapper/dists/gradle-3.5-all/exhrs6ca08n232b14ue48lbye/gradle-3.5/lib/plugins/plexus-interpolation-1.14.jar
7fb3e0014000-7fb3e0018000 r--s 00033000 08:02 135605515                  /home/techseria/.gradle/wrapper/dists/gradle-3.5-all/exhrs6ca08n232b14ue48lbye/gradle-3.5/lib/plugins/plexus-utils-2.0.6.jar
7fb3e0018000-7fb3e001b000 r--s 00008000 08:02 135605514                  /home/techseria/.gradle/wrapper/dists/gradle-3.5-all/exhrs6ca08n232b14ue48lbye/gradle-3.5/lib/plugins/maven-settings-builder-3.0.4.jar
7fb3e001b000-7fb3e0020000 r--s 00040000 08:02 135605499                  /home/techseria/.gradle/wrapper/dists/gradle-3.5-all/exhrs6ca08n232b14ue48lbye/gradle-3.5/lib/plugins/jsch-0.1.54.jar
7fb3e0020000-7fb3e0024000 r--s 0001d000 08:02 135605508                  /home/techseria/.gradle/wrapper/dists/gradle-3.5-all/exhrs6ca08n232b14ue48lbye/gradle-3.5/lib/plugins/xbean-reflect-3.4.jar
7fb3e0024000-7fb3e0030000 r--s 0007d000 08:02 135605484                  /home/techseria/.gradle/wrapper/dists/gradle-3.5-all/exhrs6ca08n232b14ue48lbye/gradle-3.5/lib/plugins/maven-core-3.0.4.jar
7fb3e0030000-7fb3e0051000 r--s 00106000 08:02 135605473                  /home/techseria/.gradle/wrapper/dists/gradle-3.5-all/exhrs6ca08n232b14ue48lbye/gradle-3.5/lib/plugins/gradle-dependency-management-3.5.jar
7fb3e0051000-7fb3e0124000 rw-p 00000000 00:00 0 
7fb3e0124000-7fb3e02fe000 r--s 03d6d000 08:05 537564259                  /Data/jdk1.8.0_211/jre/lib/rt.jar
7fb3e02fe000-7fb3e0834000 rw-p 00000000 00:00 0 
7fb3e0834000-7fb3e0b74000 ---p 00000000 00:00 0 
7fb3e0b74000-7fb3e0eff000 rw-p 00000000 00:00 0 
7fb3e0eff000-7fb3e0f00000 ---p 00000000 00:00 0 
7fb3e0f00000-7fb3e1000000 rw-p 00000000 00:00 0 
7fb3e1000000-7fb3e1001000 ---p 00000000 00:00 0 
7fb3e1001000-7fb3e1101000 rw-p 00000000 00:00 0 
7fb3e1101000-7fb3e1102000 ---p 00000000 00:00 0 
7fb3e1102000-7fb3e1202000 rw-p 00000000 00:00 0 
7fb3e1202000-7fb3e1203000 ---p 00000000 00:00 0 
7fb3e1203000-7fb3e1329000 rw-p 00000000 00:00 0 
7fb3e1329000-7fb3e1560000 ---p 00000000 00:00 0 
7fb3e1560000-7fb3e1586000 rw-p 00000000 00:00 0 
7fb3e1586000-7fb3e17bc000 ---p 00000000 00:00 0 
7fb3e17bc000-7fb3e17d0000 rw-p 00000000 00:00 0 
7fb3e17d0000-7fb3e18eb000 ---p 00000000 00:00 0 
7fb3e18eb000-7fb3e18f6000 rw-p 00000000 00:00 0 
7fb3e18f6000-7fb3e1cac000 ---p 00000000 00:00 0 
7fb3e1cac000-7fb3e1cc7000 r-xp 00000000 08:05 1593622                    /Data/jdk1.8.0_211/jre/lib/amd64/libzip.so
7fb3e1cc7000-7fb3e1ec6000 ---p 0001b000 08:05 1593622                    /Data/jdk1.8.0_211/jre/lib/amd64/libzip.so
7fb3e1ec6000-7fb3e1ec7000 r--p 0001a000 08:05 1593622                    /Data/jdk1.8.0_211/jre/lib/amd64/libzip.so
7fb3e1ec7000-7fb3e1ec8000 rw-p 0001b000 08:05 1593622                    /Data/jdk1.8.0_211/jre/lib/amd64/libzip.so
7fb3e1ec8000-7fb3e1ed4000 r-xp 00000000 08:02 67253160                   /usr/lib64/libnss_files-2.17.so
7fb3e1ed4000-7fb3e20d3000 ---p 0000c000 08:02 67253160                   /usr/lib64/libnss_files-2.17.so
7fb3e20d3000-7fb3e20d4000 r--p 0000b000 08:02 67253160                   /usr/lib64/libnss_files-2.17.so
7fb3e20d4000-7fb3e20d5000 rw-p 0000c000 08:02 67253160                   /usr/lib64/libnss_files-2.17.so
7fb3e20d5000-7fb3e20db000 rw-p 00000000 00:00 0 
7fb3e20db000-7fb3e2107000 r-xp 00000000 08:05 1593617                    /Data/jdk1.8.0_211/jre/lib/amd64/libjava.so
7fb3e2107000-7fb3e2307000 ---p 0002c000 08:05 1593617                    /Data/jdk1.8.0_211/jre/lib/amd64/libjava.so
7fb3e2307000-7fb3e2308000 r--p 0002c000 08:05 1593617                    /Data/jdk1.8.0_211/jre/lib/amd64/libjava.so
7fb3e2308000-7fb3e230a000 rw-p 0002d000 08:05 1593617                    /Data/jdk1.8.0_211/jre/lib/amd64/libjava.so
7fb3e230a000-7fb3e2317000 r-xp 00000000 08:05 1593608                    /Data/jdk1.8.0_211/jre/lib/amd64/libverify.so
7fb3e2317000-7fb3e2516000 ---p 0000d000 08:05 1593608                    /Data/jdk1.8.0_211/jre/lib/amd64/libverify.so
7fb3e2516000-7fb3e2518000 r--p 0000c000 08:05 1593608                    /Data/jdk1.8.0_211/jre/lib/amd64/libverify.so
7fb3e2518000-7fb3e2519000 rw-p 0000e000 08:05 1593608                    /Data/jdk1.8.0_211/jre/lib/amd64/libverify.so
7fb3e2519000-7fb3e2520000 r-xp 00000000 08:02 67262035                   /usr/lib64/librt-2.17.so
7fb3e2520000-7fb3e271f000 ---p 00007000 08:02 67262035                   /usr/lib64/librt-2.17.so
7fb3e271f000-7fb3e2720000 r--p 00006000 08:02 67262035                   /usr/lib64/librt-2.17.so
7fb3e2720000-7fb3e2721000 rw-p 00007000 08:02 67262035                   /usr/lib64/librt-2.17.so
7fb3e2721000-7fb3e2822000 r-xp 00000000 08:02 68381909                   /usr/lib64/libm-2.17.so
7fb3e2822000-7fb3e2a21000 ---p 00101000 08:02 68381909                   /usr/lib64/libm-2.17.so
7fb3e2a21000-7fb3e2a22000 r--p 00100000 08:02 68381909                   /usr/lib64/libm-2.17.so
7fb3e2a22000-7fb3e2a23000 rw-p 00101000 08:02 68381909                   /usr/lib64/libm-2.17.so
7fb3e2a23000-7fb3e370b000 r-xp 00000000 08:05 268967750                  /Data/jdk1.8.0_211/jre/lib/amd64/server/libjvm.so
7fb3e370b000-7fb3e390a000 ---p 00ce8000 08:05 268967750                  /Data/jdk1.8.0_211/jre/lib/amd64/server/libjvm.so
7fb3e390a000-7fb3e39a0000 r--p 00ce7000 08:05 268967750                  /Data/jdk1.8.0_211/jre/lib/amd64/server/libjvm.so
7fb3e39a0000-7fb3e39d1000 rw-p 00d7d000 08:05 268967750                  /Data/jdk1.8.0_211/jre/lib/amd64/server/libjvm.so
7fb3e39d1000-7fb3e3a0c000 rw-p 00000000 00:00 0 
7fb3e3a0c000-7fb3e3bce000 r-xp 00000000 08:02 68381901                   /usr/lib64/libc-2.17.so
7fb3e3bce000-7fb3e3dce000 ---p 001c2000 08:02 68381901                   /usr/lib64/libc-2.17.so
7fb3e3dce000-7fb3e3dd2000 r--p 001c2000 08:02 68381901                   /usr/lib64/libc-2.17.so
7fb3e3dd2000-7fb3e3dd4000 rw-p 001c6000 08:02 68381901                   /usr/lib64/libc-2.17.so
7fb3e3dd4000-7fb3e3dd9000 rw-p 00000000 00:00 0 
7fb3e3dd9000-7fb3e3ddb000 r-xp 00000000 08:02 68381907                   /usr/lib64/libdl-2.17.so
7fb3e3ddb000-7fb3e3fdb000 ---p 00002000 08:02 68381907                   /usr/lib64/libdl-2.17.so
7fb3e3fdb000-7fb3e3fdc000 r--p 00002000 08:02 68381907                   /usr/lib64/libdl-2.17.so
7fb3e3fdc000-7fb3e3fdd000 rw-p 00003000 08:02 68381907                   /usr/lib64/libdl-2.17.so
7fb3e3fdd000-7fb3e3ff4000 r-xp 00000000 08:05 806273430                  /Data/jdk1.8.0_211/lib/amd64/jli/libjli.so
7fb3e3ff4000-7fb3e41f3000 ---p 00017000 08:05 806273430                  /Data/jdk1.8.0_211/lib/amd64/jli/libjli.so
7fb3e41f3000-7fb3e41f4000 r--p 00016000 08:05 806273430                  /Data/jdk1.8.0_211/lib/amd64/jli/libjli.so
7fb3e41f4000-7fb3e41f5000 rw-p 00017000 08:05 806273430                  /Data/jdk1.8.0_211/lib/amd64/jli/libjli.so
7fb3e41f5000-7fb3e420c000 r-xp 00000000 08:02 67262030                   /usr/lib64/libpthread-2.17.so
7fb3e420c000-7fb3e440b000 ---p 00017000 08:02 67262030                   /usr/lib64/libpthread-2.17.so
7fb3e440b000-7fb3e440c000 r--p 00016000 08:02 67262030                   /usr/lib64/libpthread-2.17.so
7fb3e440c000-7fb3e440d000 rw-p 00017000 08:02 67262030                   /usr/lib64/libpthread-2.17.so
7fb3e440d000-7fb3e4411000 rw-p 00000000 00:00 0 
7fb3e4411000-7fb3e4433000 r-xp 00000000 08:02 68381894                   /usr/lib64/ld-2.17.so
7fb3e4433000-7fb3e4434000 r--s 00002000 08:02 135605528                  /home/techseria/.gradle/wrapper/dists/gradle-3.5-all/exhrs6ca08n232b14ue48lbye/gradle-3.5/lib/plugins/wagon-file-2.4.jar
7fb3e4434000-7fb3e4436000 r--s 0000a000 08:02 135605513                  /home/techseria/.gradle/wrapper/dists/gradle-3.5-all/exhrs6ca08n232b14ue48lbye/gradle-3.5/lib/plugins/maven-settings-3.0.4.jar
7fb3e4436000-7fb3e443b000 r--s 00034000 08:02 135605490                  /home/techseria/.gradle/wrapper/dists/gradle-3.5-all/exhrs6ca08n232b14ue48lbye/gradle-3.5/lib/plugins/gson-2.7.jar
7fb3e443b000-7fb3e444a000 r--s 000d9000 08:02 135605507                  /home/techseria/.gradle/wrapper/dists/gradle-3.5-all/exhrs6ca08n232b14ue48lbye/gradle-3.5/lib/plugins/ivy-2.2.0.jar
7fb3e444a000-7fb3e444e000 r--s 00027000 08:02 68458893                   /home/techseria/.gradle/wrapper/dists/gradle-3.5-all/exhrs6ca08n232b14ue48lbye/gradle-3.5/lib/commons-io-2.2.jar
7fb3e444e000-7fb3e4516000 rw-p 00000000 00:00 0 
7fb3e4516000-7fb3e451a000 ---p 00000000 00:00 0 
7fb3e451a000-7fb3e461b000 rw-p 00000000 00:00 0 
7fb3e461b000-7fb3e461c000 r--s 00006000 08:02 135605520                  /home/techseria/.gradle/wrapper/dists/gradle-3.5-all/exhrs6ca08n232b14ue48lbye/gradle-3.5/lib/plugins/plexus-sec-dispatcher-1.3.jar
7fb3e461c000-7fb3e461d000 r--s 00007000 08:02 69885212                   /home/techseria/.gradle/wrapper/dists/gradle-3.5-all/exhrs6ca08n232b14ue48lbye/gradle-3.5/lib/slf4j-api-1.7.10.jar
7fb3e461d000-7fb3e4622000 r--s 00041000 08:02 68458881                   /home/techseria/.gradle/wrapper/dists/gradle-3.5-all/exhrs6ca08n232b14ue48lbye/gradle-3.5/lib/commons-lang-2.6.jar
7fb3e4622000-7fb3e4623000 r--s 00000000 08:02 68458894                   /home/techseria/.gradle/wrapper/dists/gradle-3.5-all/exhrs6ca08n232b14ue48lbye/gradle-3.5/lib/jcip-annotations-1.0.jar
7fb3e4623000-7fb3e4625000 r--s 00007000 08:02 135605472                  /home/techseria/.gradle/wrapper/dists/gradle-3.5-all/exhrs6ca08n232b14ue48lbye/gradle-3.5/lib/plugins/gradle-workers-3.5.jar
7fb3e4625000-7fb3e4627000 r--s 00005000 08:02 204233368                  /home/techseria/.gradle/caches/3.5/workerMain/gradle-worker.jar
7fb3e4627000-7fb3e462f000 rw-s 00000000 08:02 136211903                  /tmp/hsperfdata_techseria/14255
7fb3e462f000-7fb3e4630000 rw-p 00000000 00:00 0 
7fb3e4630000-7fb3e4631000 r--p 00000000 00:00 0 
7fb3e4631000-7fb3e4632000 rw-p 00000000 00:00 0 
7fb3e4632000-7fb3e4633000 r--p 00021000 08:02 68381894                   /usr/lib64/ld-2.17.so
7fb3e4633000-7fb3e4634000 rw-p 00022000 08:02 68381894                   /usr/lib64/ld-2.17.so
7fb3e4634000-7fb3e4635000 rw-p 00000000 00:00 0 
7fff8f01d000-7fff8f03e000 rw-p 00000000 00:00 0                          [stack]
7fff8f059000-7fff8f05b000 r-xp 00000000 00:00 0                          [vdso]
ffffffffff600000-ffffffffff601000 r-xp 00000000 00:00 0                  [vsyscall]

VM Arguments:
jvm_args: -Djava.security.manager=worker.org.gradle.process.internal.worker.child.BootstrapSecurityManager -Dfile.encoding=UTF-8 -Duser.country=US -Duser.language=en -Duser.variant 
java_command: worker.org.gradle.process.internal.worker.GradleWorkerMain 'Gradle Worker Daemon 1'
java_class_path (initial): /home/techseria/.gradle/caches/3.5/workerMain/gradle-worker.jar
Launcher Type: SUN_STANDARD

Environment Variables:
JAVA_HOME=/Data/jdk1.7.0_80
PATH=/usr/local/bin:/usr/local/sbin:/usr/bin:/usr/sbin:/bin:/sbin:/Data/jdk1.7.0_80/bin:/Data/grails-3.3.9/bin:/Data/gradle-5.4.1/bin:/Data/jdk1.8.0_211/bin
USERNAME=techseria
SHELL=/bin/bash
DISPLAY=:0

Signal Handlers:
SIGSEGV: [libjvm.so+0xad3d90], sa_mask[0]=11111111011111111101111111111110, sa_flags=SA_RESTART|SA_SIGINFO
SIGBUS: [libjvm.so+0xad3d90], sa_mask[0]=11111111011111111101111111111110, sa_flags=SA_RESTART|SA_SIGINFO
SIGFPE: [libjvm.so+0x90b8b0], sa_mask[0]=11111111011111111101111111111110, sa_flags=SA_RESTART|SA_SIGINFO
SIGPIPE: [libjvm.so+0x90b8b0], sa_mask[0]=11111111011111111101111111111110, sa_flags=SA_RESTART|SA_SIGINFO
SIGXFSZ: [libjvm.so+0x90b8b0], sa_mask[0]=11111111011111111101111111111110, sa_flags=SA_RESTART|SA_SIGINFO
SIGILL: [libjvm.so+0x90b8b0], sa_mask[0]=11111111011111111101111111111110, sa_flags=SA_RESTART|SA_SIGINFO
SIGUSR1: SIG_DFL, sa_mask[0]=00000000000000000000000000000000, sa_flags=none
SIGUSR2: [libjvm.so+0x90b780], sa_mask[0]=00100000000000000000000000000000, sa_flags=SA_RESTART|SA_SIGINFO
SIGHUP: [libjvm.so+0x90bda0], sa_mask[0]=11111111011111111101111111111110, sa_flags=SA_RESTART|SA_SIGINFO
SIGINT: [libjvm.so+0x90bda0], sa_mask[0]=11111111011111111101111111111110, sa_flags=SA_RESTART|SA_SIGINFO
SIGTERM: [libjvm.so+0x90bda0], sa_mask[0]=11111111011111111101111111111110, sa_flags=SA_RESTART|SA_SIGINFO
SIGQUIT: [libjvm.so+0x90bda0], sa_mask[0]=11111111011111111101111111111110, sa_flags=SA_RESTART|SA_SIGINFO


---------------  S Y S T E M  ---------------

OS:CentOS Linux release 7.6.1810 (Core) 

uname:Linux 3.10.0-957.21.3.el7.x86_64 #1 SMP Tue Jun 18 16:35:19 UTC 2019 x86_64
libc:glibc 2.17 NPTL 2.17 
rlimit: STACK 8192k, CORE 0k, NPROC 4096, NOFILE 4096, AS infinity
load average:2.70 2.01 1.58

/proc/meminfo:
MemTotal:        7425480 kB
MemFree:          913692 kB
MemAvailable:    1321316 kB
Buffers:               0 kB
Cached:           626748 kB
SwapCached:       115884 kB
Active:          4582892 kB
Inactive:        1335640 kB
Active(anon):    4314904 kB
Inactive(anon):  1058772 kB
Active(file):     267988 kB
Inactive(file):   276868 kB
Unevictable:          48 kB
Mlocked:              48 kB
SwapTotal:       9215996 kB
SwapFree:        7871996 kB
Dirty:              2108 kB
Writeback:             0 kB
AnonPages:       5235016 kB
Mapped:           202468 kB
Shmem:             81892 kB
Slab:             249792 kB
SReclaimable:     168300 kB
SUnreclaim:        81492 kB
KernelStack:       16032 kB
PageTables:        79484 kB
NFS_Unstable:          0 kB
Bounce:                0 kB
WritebackTmp:          0 kB
CommitLimit:    12928736 kB
Committed_AS:   14120512 kB
VmallocTotal:   34359738367 kB
VmallocUsed:      309176 kB
VmallocChunk:   34358947836 kB
HardwareCorrupted:     0 kB
AnonHugePages:   1908736 kB
CmaTotal:              0 kB
CmaFree:               0 kB
HugePages_Total:       0
HugePages_Free:        0
HugePages_Rsvd:        0
HugePages_Surp:        0
Hugepagesize:       2048 kB
DirectMap4k:      923480 kB
DirectMap2M:     6873088 kB
DirectMap1G:           0 kB

container (cgroup) information:
container_type: cgroupv1
cpu_cpuset_cpus: 0-3
cpu_memory_nodes: 0
active_processor_count: 4
cpu_quota: -1
cpu_period: 100000
cpu_shares: -1
memory_limit_in_bytes: -1
memory_and_swap_limit_in_bytes: -1
memory_soft_limit_in_bytes: -1
memory_usage_in_bytes: 6012301312
memory_max_usage_in_bytes: 0


CPU:total 4 (initial active 4) (4 cores per cpu, 1 threads per core) family 22 model 0 stepping 1, cmov, cx8, fxsr, mmx, sse, sse2, sse3, ssse3, sse4.1, sse4.2, popcnt, avx, aes, clmul, mmxext, 3dnowpref, lzcnt, sse4a, tsc, tscinvbit, tscinv, bmi1

/proc/cpuinfo:
processor	: 0
vendor_id	: AuthenticAMD
cpu family	: 22
model		: 0
model name	: AMD Athlon(tm) 5150 APU with Radeon(tm) R3
stepping	: 1
microcode	: 0x700010f
cpu MHz		: 1200.000
cache size	: 2048 KB
physical id	: 0
siblings	: 4
core id		: 0
cpu cores	: 4
apicid		: 0
initial apicid	: 0
fpu		: yes
fpu_exception	: yes
cpuid level	: 13
wp		: yes
flags		: fpu vme de pse tsc msr pae mce cx8 apic sep mtrr pge mca cmov pat pse36 clflush mmx fxsr sse sse2 ht syscall nx mmxext fxsr_opt pdpe1gb rdtscp lm constant_tsc art rep_good nopl nonstop_tsc extd_apicid aperfmperf eagerfpu pni pclmulqdq monitor ssse3 cx16 sse4_1 sse4_2 movbe popcnt aes xsave avx f16c lahf_lm cmp_legacy svm extapic cr8_legacy abm sse4a misalignsse 3dnowprefetch osvw ibs skinit wdt topoext perfctr_nb bpext perfctr_l2 hw_pstate proc_feedback retpoline_amd ssbd vmmcall bmi1 xsaveopt arat npt lbrv svm_lock nrip_save tsc_scale flushbyasid decodeassists pausefilter pfthreshold overflow_recov
bogomips	: 3194.20
TLB size	: 1024 4K pages
clflush size	: 64
cache_alignment	: 64
address sizes	: 40 bits physical, 48 bits virtual
power management: ts ttp tm 100mhzsteps hwpstate [11]

processor	: 1
vendor_id	: AuthenticAMD
cpu family	: 22
model		: 0
model name	: AMD Athlon(tm) 5150 APU with Radeon(tm) R3
stepping	: 1
microcode	: 0x700010f
cpu MHz		: 1600.000
cache size	: 2048 KB
physical id	: 0
siblings	: 4
core id		: 1
cpu cores	: 4
apicid		: 1
initial apicid	: 1
fpu		: yes
fpu_exception	: yes
cpuid level	: 13
wp		: yes
flags		: fpu vme de pse tsc msr pae mce cx8 apic sep mtrr pge mca cmov pat pse36 clflush mmx fxsr sse sse2 ht syscall nx mmxext fxsr_opt pdpe1gb rdtscp lm constant_tsc art rep_good nopl nonstop_tsc extd_apicid aperfmperf eagerfpu pni pclmulqdq monitor ssse3 cx16 sse4_1 sse4_2 movbe popcnt aes xsave avx f16c lahf_lm cmp_legacy svm extapic cr8_legacy abm sse4a misalignsse 3dnowprefetch osvw ibs skinit wdt topoext perfctr_nb bpext perfctr_l2 hw_pstate proc_feedback retpoline_amd ssbd vmmcall bmi1 xsaveopt arat npt lbrv svm_lock nrip_save tsc_scale flushbyasid decodeassists pausefilter pfthreshold overflow_recov
bogomips	: 3194.20
TLB size	: 1024 4K pages
clflush size	: 64
cache_alignment	: 64
address sizes	: 40 bits physical, 48 bits virtual
power management: ts ttp tm 100mhzsteps hwpstate [11]

processor	: 2
vendor_id	: AuthenticAMD
cpu family	: 22
model		: 0
model name	: AMD Athlon(tm) 5150 APU with Radeon(tm) R3
stepping	: 1
microcode	: 0x700010f
cpu MHz		: 1200.000
cache size	: 2048 KB
physical id	: 0
siblings	: 4
core id		: 2
cpu cores	: 4
apicid		: 2
initial apicid	: 2
fpu		: yes
fpu_exception	: yes
cpuid level	: 13
wp		: yes
flags		: fpu vme de pse tsc msr pae mce cx8 apic sep mtrr pge mca cmov pat pse36 clflush mmx fxsr sse sse2 ht syscall nx mmxext fxsr_opt pdpe1gb rdtscp lm constant_tsc art rep_good nopl nonstop_tsc extd_apicid aperfmperf eagerfpu pni pclmulqdq monitor ssse3 cx16 sse4_1 sse4_2 movbe popcnt aes xsave avx f16c lahf_lm cmp_legacy svm extapic cr8_legacy abm sse4a misalignsse 3dnowprefetch osvw ibs skinit wdt topoext perfctr_nb bpext perfctr_l2 hw_pstate proc_feedback retpoline_amd ssbd vmmcall bmi1 xsaveopt arat npt lbrv svm_lock nrip_save tsc_scale flushbyasid decodeassists pausefilter pfthreshold overflow_recov
bogomips	: 3194.20
TLB size	: 1024 4K pages
clflush size	: 64
cache_alignment	: 64
address sizes	: 40 bits physical, 48 bits virtual
power management: ts ttp tm 100mhzsteps hwpstate [11]

processor	: 3
vendor_id	: AuthenticAMD
cpu family	: 22
model		: 0
model name	: AMD Athlon(tm) 5150 APU with Radeon(tm) R3
stepping	: 1
microcode	: 0x700010f
cpu MHz		: 1600.000
cache size	: 2048 KB
physical id	: 0
siblings	: 4
core id		: 3
cpu cores	: 4
apicid		: 3
initial apicid	: 3
fpu		: yes
fpu_exception	: yes
cpuid level	: 13
wp		: yes
flags		: fpu vme de pse tsc msr pae mce cx8 apic sep mtrr pge mca cmov pat pse36 clflush mmx fxsr sse sse2 ht syscall nx mmxext fxsr_opt pdpe1gb rdtscp lm constant_tsc art rep_good nopl nonstop_tsc extd_apicid aperfmperf eagerfpu pni pclmulqdq monitor ssse3 cx16 sse4_1 sse4_2 movbe popcnt aes xsave avx f16c lahf_lm cmp_legacy svm extapic cr8_legacy abm sse4a misalignsse 3dnowprefetch osvw ibs skinit wdt topoext perfctr_nb bpext perfctr_l2 hw_pstate proc_feedback retpoline_amd ssbd vmmcall bmi1 xsaveopt arat npt lbrv svm_lock nrip_save tsc_scale flushbyasid decodeassists pausefilter pfthreshold overflow_recov
bogomips	: 3194.20
TLB size	: 1024 4K pages
clflush size	: 64
cache_alignment	: 64
address sizes	: 40 bits physical, 48 bits virtual
power management: ts ttp tm 100mhzsteps hwpstate [11]



Memory: 4k page, physical 7425480k(913444k free), swap 9215996k(7871996k free)

vm_info: Java HotSpot(TM) 64-Bit Server VM (25.211-b12) for linux-amd64 JRE (1.8.0_211-b12), built on Apr  1 2019 20:39:34 by "java_re" with gcc 7.3.0

time: Wed Aug 21 17:06:55 2019
timezone: IST
elapsed time: 1 seconds (0d 0h 0m 1s)

