#
# A fatal error has been detected by the Java Runtime Environment:
#
#  SIGSEGV (0xb) at pc=0x0000000000000000, pid=6776, tid=0x00007f0a145f5700
#
# JRE version: Java(TM) SE Runtime Environment (8.0_211-b12) (build 1.8.0_211-b12)
# Java VM: Java HotSpot(TM) 64-Bit Server VM (25.211-b12 mixed mode linux-amd64 compressed oops)
# Problematic frame:
# C  0x0000000000000000
#
# Failed to write core dump. Core dumps have been disabled. To enable core dumping, try "ulimit -c unlimited" before starting Java again
#
# If you would like to submit a bug report, please visit:
#   http://bugreport.java.com/bugreport/crash.jsp
#

---------------  T H R E A D  ---------------

Current thread (0x00007f0a240bd800):  JavaThread "C1 CompilerThread2" daemon [_thread_in_vm, id=6790, stack(0x00007f0a144f6000,0x00007f0a145f6000)]

siginfo: si_signo: 11 (SIGSEGV), si_code: 1 (SEGV_MAPERR), si_addr: 0x0000000000000000

Registers:
RAX=0x00007f0a2c0bb030, RBX=0x00007f0a293010d8, RCX=0x00007f0a2cb2b300, RDX=0x00007f0a145f5a20
RSP=0x00007f0a145f3e08, RBP=0x00007f0a145f3e60, RSI=0x0000000000000001, RDI=0x00007f0a293010d8
R8 =0x00007f09d4009250, R9 =0x00007f09d42281e0, R10=0x000000000000000b, R11=0x0000000000000000
R12=0x00007f0a2c0d38a8, R13=0x00007f0a240bd800, R14=0x00007f09d400de20, R15=0x00007f09d4227fb0
RIP=0x0000000000000000, EFLAGS=0x0000000000010202, CSGSFS=0x0000000000000033, ERR=0x0000000000000014
  TRAPNO=0x000000000000000e

Top of Stack: (sp=0x00007f0a145f3e08)
0x00007f0a145f3e08:   00007f0a2b553616 00007f0a145f3f00
0x00007f0a145f3e18:   000000010007e828 00000001003d8fa0
0x00007f0a145f3e28:   00000000000000b8 00007f0a240bd800
0x00007f0a145f3e38:   000000000000006e 000000000000006e
0x00007f0a145f3e48:   00007f09d4227fb0 00007f09d400de20
0x00007f0a145f3e58:   00007f0a293010d8 00007f0a145f3ea0
0x00007f0a145f3e68:   00007f0a2b553cae 00007f0a240be460
0x00007f0a145f3e78:   00007f0a145f3f70 00007f0a145f4aa0
0x00007f0a145f3e88:   0000000000000005 00007f09d400de20
0x00007f0a145f3e98:   00000000000000b8 00007f0a145f3f40
0x00007f0a145f3ea8:   00007f0a2b52d5ff 00007f0a00000024
0x00007f0a145f3eb8:   00007f0a240be478 00007f09d400dc90
0x00007f0a145f3ec8:   00007f0a145f3f00 00007f09d400de20
0x00007f0a145f3ed8:   00007f0a244cc010 00007f0a2cbcabd0
0x00007f0a145f3ee8:   00007f09d4009c50 00007f0a145f3f30
0x00007f0a145f3ef8:   01007f0a2b553251 00007f0a07392540
0x00007f0a145f3f08:   00007f0a240bd800 00007f0a145f3fe0
0x00007f0a145f3f18:   00007f0a240be550 00007f0a145f4aa0
0x00007f0a145f3f28:   00007f0a07392540 00000000000000b8
0x00007f0a145f3f38:   00007f09d4009c50 00007f0a145f3fb0
0x00007f0a145f3f48:   00007f0a2b52df36 00007f0a145f4070
0x00007f0a145f3f58:   00007f09d4009c50 0000000000000023
0x00007f0a145f3f68:   00007f0a00000005 00007f0a07392540
0x00007f0a145f3f78:   00007f0a240bd800 0000000000000000
0x00007f0a145f3f88:   00007f0a240bd800 00007f0a145f4100
0x00007f0a145f3f98:   00007f0a240be550 00007f0a145f40a7
0x00007f0a145f3fa8:   00007f0a145f4aa0 00007f0a145f4040
0x00007f0a145f3fb8:   00007f0a2b55a232 00007f09e00d1de0
0x00007f0a145f3fc8:   00007f09e00d0240 00007f0a145f4020
0x00007f0a145f3fd8:   00007f0a2b5031d9 00007f0a07392540
0x00007f0a145f3fe8:   00007f0a145f40a8 00007f0a07392540
0x00007f0a145f3ff8:   00007f0a240bd800 00007f0a07392540 

Instructions: (pc=0x0000000000000000)
0xffffffffffffffe0:   

Register to memory mapping:

RAX=0x00007f0a2c0bb030: <offset 0xf79030> in /Data/jdk1.8.0_211/jre/lib/amd64/server/libjvm.so at 0x00007f0a2b142000
RBX=0x00007f0a293010d8 is pointing into metadata
RCX=0x00007f0a2cb2b300: <offset 0x217300> in /lib64/libpthread.so.0 at 0x00007f0a2c914000
RDX=0x00007f0a145f5a20 is pointing into the stack for thread: 0x00007f0a240bd800
RSP=0x00007f0a145f3e08 is pointing into the stack for thread: 0x00007f0a240bd800
RBP=0x00007f0a145f3e60 is pointing into the stack for thread: 0x00007f0a240bd800
RSI=0x0000000000000001 is an unknown value
RDI=0x00007f0a293010d8 is pointing into metadata
R8 =0x00007f09d4009250 is an unknown value
R9 =0x00007f09d42281e0 is an unknown value
R10=0x000000000000000b is an unknown value
R11=0x0000000000000000 is an unknown value
R12=0x00007f0a2c0d38a8: <offset 0xf918a8> in /Data/jdk1.8.0_211/jre/lib/amd64/server/libjvm.so at 0x00007f0a2b142000
R13=0x00007f0a240bd800 is a thread
R14=0x00007f09d400de20 is an unknown value
R15=0x00007f09d4227fb0 is an unknown value


Stack: [0x00007f0a144f6000,0x00007f0a145f6000],  sp=0x00007f0a145f3e08,  free space=1015k

Current CompileTask:
C1:  10873 2343       3       org.gradle.internal.component.external.model.MavenDependencyMetadata::<init> (71 bytes)


---------------  P R O C E S S  ---------------

Java Threads: ( => current thread )
  0x00007f09b8ae5000 JavaThread "Cache worker for Artifact transforms cache (/home/techseria/.gradle/caches/transforms-1)" [_thread_blocked, id=6806, stack(0x00007f0a074ff000,0x00007f0a07600000)]
  0x00007f09b80da800 JavaThread "File lock request listener" [_thread_in_native, id=6805, stack(0x00007f0a0c0db000,0x00007f0a0c1dc000)]
  0x00007f09b80d8800 JavaThread "Cache worker for file hash cache (/home/techseria/.gradle/caches/3.5/fileHashes)" [_thread_blocked, id=6804, stack(0x00007f0a0c1dc000,0x00007f0a0c2dd000)]
  0x00007f09b800c800 JavaThread "Stdin handler" [_thread_blocked, id=6803, stack(0x00007f0a0c4dd000,0x00007f0a0c5de000)]
  0x00007f09b8010000 JavaThread "Asynchronous log dispatcher for DefaultDaemonConnection: socket connection from /0:0:0:0:0:0:0:1:39515 to /0:0:0:0:0:0:0:1:48422" [_thread_blocked, id=6802, stack(0x00007f0a0c5de000,0x00007f0a0c6df000)]
  0x00007f09bc006000 JavaThread "Daemon worker" [_thread_in_native, id=6799, stack(0x00007f0a0c6df000,0x00007f0a0c7e0000)]
  0x00007f09bc00a000 JavaThread "Cancel handler" [_thread_blocked, id=6798, stack(0x00007f0a0c7e0000,0x00007f0a0c8e1000)]
  0x00007f09bc003800 JavaThread "Handler for socket connection from /0:0:0:0:0:0:0:1:39515 to /0:0:0:0:0:0:0:1:48422" [_thread_in_native, id=6797, stack(0x00007f0a0c8e1000,0x00007f0a0c9e2000)]
  0x00007f09c4018800 JavaThread "Daemon" [_thread_blocked, id=6796, stack(0x00007f0a0c9e2000,0x00007f0a0cae3000)]
  0x00007f0a24f9c000 JavaThread "Daemon periodic checks" [_thread_blocked, id=6795, stack(0x00007f0a0cae3000,0x00007f0a0cbe4000)]
  0x00007f0a24f5d800 JavaThread "Incoming local TCP Connector on port 39515" [_thread_in_native, id=6794, stack(0x00007f0a0cbeb000,0x00007f0a0ccec000)]
  0x00007f0a24f1a000 JavaThread "Daemon health stats" [_thread_blocked, id=6793, stack(0x00007f0a0ceec000,0x00007f0a0cfed000)]
  0x00007f0a240c1000 JavaThread "Service Thread" daemon [_thread_blocked, id=6791, stack(0x00007f0a143f4000,0x00007f0a144f5000)]
=>0x00007f0a240bd800 JavaThread "C1 CompilerThread2" daemon [_thread_in_vm, id=6790, stack(0x00007f0a144f6000,0x00007f0a145f6000)]
  0x00007f0a240bb800 JavaThread "C2 CompilerThread1" daemon [_thread_blocked, id=6789, stack(0x00007f0a145f7000,0x00007f0a146f7000)]
  0x00007f0a240b8800 JavaThread "C2 CompilerThread0" daemon [_thread_blocked, id=6788, stack(0x00007f0a146f8000,0x00007f0a147f8000)]
  0x00007f0a240b7000 JavaThread "Signal Dispatcher" daemon [_thread_blocked, id=6787, stack(0x00007f0a147f8000,0x00007f0a148f9000)]
  0x00007f0a24084000 JavaThread "Finalizer" daemon [_thread_blocked, id=6786, stack(0x00007f0a148f9000,0x00007f0a149fa000)]
  0x00007f0a24081800 JavaThread "Reference Handler" daemon [_thread_blocked, id=6785, stack(0x00007f0a149fa000,0x00007f0a14afb000)]
  0x00007f0a24009800 JavaThread "main" [_thread_blocked, id=6779, stack(0x00007f0a2cc36000,0x00007f0a2cd36000)]

Other Threads:
  0x00007f0a24078000 VMThread [stack: 0x00007f0a14afc000,0x00007f0a14bfc000] [id=6784]
  0x00007f0a240c3800 WatcherThread [stack: 0x00007f0a142f4000,0x00007f0a143f4000] [id=6792]

VM state:not at safepoint (normal execution)

VM Mutex/Monitor currently owned by a thread: None

heap address: 0x00000000c0000000, size: 1024 MB, Compressed Oops mode: 32-bit
Narrow klass base: 0x0000000000000000, Narrow klass shift: 3
Compressed class space size: 1073741824 Address: 0x0000000100000000

Heap:
 PSYoungGen      total 123392K, used 99193K [0x00000000eab00000, 0x00000000f2800000, 0x0000000100000000)
  eden space 118784K, 83% used [0x00000000eab00000,0x00000000f0bde688,0x00000000f1f00000)
  from space 4608K, 0% used [0x00000000f2380000,0x00000000f2380000,0x00000000f2800000)
  to   space 4608K, 0% used [0x00000000f1f00000,0x00000000f1f00000,0x00000000f2380000)
 ParOldGen       total 55808K, used 7504K [0x00000000c0000000, 0x00000000c3680000, 0x00000000eab00000)
  object space 55808K, 13% used [0x00000000c0000000,0x00000000c07541a0,0x00000000c3680000)
 Metaspace       used 28462K, capacity 28956K, committed 29056K, reserved 1075200K
  class space    used 3992K, capacity 4163K, committed 4224K, reserved 1048576K

Card table byte_map: [0x00007f0a29e0a000,0x00007f0a2a00b000] byte_map_base: 0x00007f0a2980a000

Marking Bits: (ParMarkBitMap*) 0x00007f0a2c10dd80
 Begin Bits: [0x00007f0a0e000000, 0x00007f0a0f000000)
 End Bits:   [0x00007f0a0f000000, 0x00007f0a10000000)

Polling page: 0x00007f0a2cd4f000

CodeCache: size=245760Kb used=8944Kb max_used=8959Kb free=236815Kb
 bounds [0x00007f0a15000000, 0x00007f0a158d0000, 0x00007f0a24000000]
 total_blobs=2991 nmethods=2340 adapters=565
 compilation: enabled

Compilation events (10 events):
Event: 10.324 Thread 0x00007f0a240bd800 nmethod 2339 0x00007f0a158badd0 code [0x00007f0a158bb080, 0x00007f0a158bc078]
Event: 10.325 Thread 0x00007f0a240bd800 2340       3       org.gradle.internal.serialize.kryo.KryoBackedEncoder::writeString (23 bytes)
Event: 10.325 Thread 0x00007f0a240bd800 nmethod 2340 0x00007f0a158ba310 code [0x00007f0a158ba4a0, 0x00007f0a158ba738]
Event: 10.326 Thread 0x00007f0a240bd800 2341       1       org.apache.commons.collections.map.AbstractHashedMap$HashEntry::getValue (5 bytes)
Event: 10.326 Thread 0x00007f0a240bd800 nmethod 2341 0x00007f0a158ba050 code [0x00007f0a158ba1a0, 0x00007f0a158ba2b0]
Event: 10.333 Thread 0x00007f0a240bd800 2342       3       org.gradle.api.internal.artifacts.DefaultModuleVersionSelector::newSelector (11 bytes)
Event: 10.333 Thread 0x00007f0a240bd800 nmethod 2342 0x00007f0a158b9b10 code [0x00007f0a158b9c80, 0x00007f0a158b9f10]
Event: 10.333 Thread 0x00007f0a240bd800 2344       3       org.gradle.internal.component.external.model.AbstractModuleComponentResolveMetadata$DefaultConfigurationMetadata::<init> (68 bytes)
Event: 10.335 Thread 0x00007f0a240bd800 nmethod 2344 0x00007f0a158bc690 code [0x00007f0a158bc8a0, 0x00007f0a158bd0d8]
Event: 10.335 Thread 0x00007f0a240bd800 2343       3       org.gradle.internal.component.external.model.MavenDependencyMetadata::<init> (71 bytes)

GC Heap History (10 events):
Event: 1.338 GC heap before
{Heap before GC invocations=1 (full 0):
 PSYoungGen      total 34304K, used 29696K [0x00000000eab00000, 0x00000000ed100000, 0x0000000100000000)
  eden space 29696K, 100% used [0x00000000eab00000,0x00000000ec800000,0x00000000ec800000)
  from space 4608K, 0% used [0x00000000ecc80000,0x00000000ecc80000,0x00000000ed100000)
  to   space 4608K, 0% used [0x00000000ec800000,0x00000000ec800000,0x00000000ecc80000)
 ParOldGen       total 77824K, used 0K [0x00000000c0000000, 0x00000000c4c00000, 0x00000000eab00000)
  object space 77824K, 0% used [0x00000000c0000000,0x00000000c0000000,0x00000000c4c00000)
 Metaspace       used 6913K, capacity 7044K, committed 7168K, reserved 1056768K
  class space    used 869K, capacity 920K, committed 1024K, reserved 1048576K
Event: 1.353 GC heap after
Heap after GC invocations=1 (full 0):
 PSYoungGen      total 34304K, used 4146K [0x00000000eab00000, 0x00000000eee00000, 0x0000000100000000)
  eden space 29696K, 0% used [0x00000000eab00000,0x00000000eab00000,0x00000000ec800000)
  from space 4608K, 89% used [0x00000000ec800000,0x00000000ecc0c858,0x00000000ecc80000)
  to   space 4608K, 0% used [0x00000000ee980000,0x00000000ee980000,0x00000000eee00000)
 ParOldGen       total 77824K, used 8K [0x00000000c0000000, 0x00000000c4c00000, 0x00000000eab00000)
  object space 77824K, 0% used [0x00000000c0000000,0x00000000c0002000,0x00000000c4c00000)
 Metaspace       used 6913K, capacity 7044K, committed 7168K, reserved 1056768K
  class space    used 869K, capacity 920K, committed 1024K, reserved 1048576K
}
Event: 2.625 GC heap before
{Heap before GC invocations=2 (full 0):
 PSYoungGen      total 34304K, used 33842K [0x00000000eab00000, 0x00000000eee00000, 0x0000000100000000)
  eden space 29696K, 100% used [0x00000000eab00000,0x00000000ec800000,0x00000000ec800000)
  from space 4608K, 89% used [0x00000000ec800000,0x00000000ecc0c858,0x00000000ecc80000)
  to   space 4608K, 0% used [0x00000000ee980000,0x00000000ee980000,0x00000000eee00000)
 ParOldGen       total 77824K, used 8K [0x00000000c0000000, 0x00000000c4c00000, 0x00000000eab00000)
  object space 77824K, 0% used [0x00000000c0000000,0x00000000c0002000,0x00000000c4c00000)
 Metaspace       used 11550K, capacity 11878K, committed 12032K, reserved 1058816K
  class space    used 1561K, capacity 1673K, committed 1792K, reserved 1048576K
Event: 2.644 GC heap after
Heap after GC invocations=2 (full 0):
 PSYoungGen      total 64000K, used 4591K [0x00000000eab00000, 0x00000000eee00000, 0x0000000100000000)
  eden space 59392K, 0% used [0x00000000eab00000,0x00000000eab00000,0x00000000ee500000)
  from space 4608K, 99% used [0x00000000ee980000,0x00000000eedfbe58,0x00000000eee00000)
  to   space 4608K, 0% used [0x00000000ee500000,0x00000000ee500000,0x00000000ee980000)
 ParOldGen       total 77824K, used 730K [0x00000000c0000000, 0x00000000c4c00000, 0x00000000eab00000)
  object space 77824K, 0% used [0x00000000c0000000,0x00000000c00b6970,0x00000000c4c00000)
 Metaspace       used 11550K, capacity 11878K, committed 12032K, reserved 1058816K
  class space    used 1561K, capacity 1673K, committed 1792K, reserved 1048576K
}
Event: 5.562 GC heap before
{Heap before GC invocations=3 (full 0):
 PSYoungGen      total 64000K, used 63983K [0x00000000eab00000, 0x00000000eee00000, 0x0000000100000000)
  eden space 59392K, 100% used [0x00000000eab00000,0x00000000ee500000,0x00000000ee500000)
  from space 4608K, 99% used [0x00000000ee980000,0x00000000eedfbe58,0x00000000eee00000)
  to   space 4608K, 0% used [0x00000000ee500000,0x00000000ee500000,0x00000000ee980000)
 ParOldGen       total 77824K, used 730K [0x00000000c0000000, 0x00000000c4c00000, 0x00000000eab00000)
  object space 77824K, 0% used [0x00000000c0000000,0x00000000c00b6970,0x00000000c4c00000)
 Metaspace       used 19952K, capacity 20274K, committed 20352K, reserved 1067008K
  class space    used 2784K, capacity 2892K, committed 2944K, reserved 1048576K
Event: 5.594 GC heap after
Heap after GC invocations=3 (full 0):
 PSYoungGen      total 64000K, used 4576K [0x00000000eab00000, 0x00000000f2800000, 0x0000000100000000)
  eden space 59392K, 0% used [0x00000000eab00000,0x00000000eab00000,0x00000000ee500000)
  from space 4608K, 99% used [0x00000000ee500000,0x00000000ee978020,0x00000000ee980000)
  to   space 4608K, 0% used [0x00000000f2380000,0x00000000f2380000,0x00000000f2800000)
 ParOldGen       total 77824K, used 7925K [0x00000000c0000000, 0x00000000c4c00000, 0x00000000eab00000)
  object space 77824K, 10% used [0x00000000c0000000,0x00000000c07bd7d8,0x00000000c4c00000)
 Metaspace       used 19952K, capacity 20274K, committed 20352K, reserved 1067008K
  class space    used 2784K, capacity 2892K, committed 2944K, reserved 1048576K
}
Event: 5.888 GC heap before
{Heap before GC invocations=4 (full 0):
 PSYoungGen      total 64000K, used 13340K [0x00000000eab00000, 0x00000000f2800000, 0x0000000100000000)
  eden space 59392K, 14% used [0x00000000eab00000,0x00000000eb38f250,0x00000000ee500000)
  from space 4608K, 99% used [0x00000000ee500000,0x00000000ee978020,0x00000000ee980000)
  to   space 4608K, 0% used [0x00000000f2380000,0x00000000f2380000,0x00000000f2800000)
 ParOldGen       total 77824K, used 7925K [0x00000000c0000000, 0x00000000c4c00000, 0x00000000eab00000)
  object space 77824K, 10% used [0x00000000c0000000,0x00000000c07bd7d8,0x00000000c4c00000)
 Metaspace       used 20853K, capacity 21144K, committed 21296K, reserved 1067008K
  class space    used 2819K, capacity 2925K, committed 2944K, reserved 1048576K
Event: 5.906 GC heap after
Heap after GC invocations=4 (full 0):
 PSYoungGen      total 123392K, used 4576K [0x00000000eab00000, 0x00000000f2800000, 0x0000000100000000)
  eden space 118784K, 0% used [0x00000000eab00000,0x00000000eab00000,0x00000000f1f00000)
  from space 4608K, 99% used [0x00000000f2380000,0x00000000f27f8020,0x00000000f2800000)
  to   space 4608K, 0% used [0x00000000f1f00000,0x00000000f1f00000,0x00000000f2380000)
 ParOldGen       total 77824K, used 8564K [0x00000000c0000000, 0x00000000c4c00000, 0x00000000eab00000)
  object space 77824K, 11% used [0x00000000c0000000,0x00000000c085d238,0x00000000c4c00000)
 Metaspace       used 20853K, capacity 21144K, committed 21296K, reserved 1067008K
  class space    used 2819K, capacity 2925K, committed 2944K, reserved 1048576K
}
Event: 5.906 GC heap before
{Heap before GC invocations=5 (full 1):
 PSYoungGen      total 123392K, used 4576K [0x00000000eab00000, 0x00000000f2800000, 0x0000000100000000)
  eden space 118784K, 0% used [0x00000000eab00000,0x00000000eab00000,0x00000000f1f00000)
  from space 4608K, 99% used [0x00000000f2380000,0x00000000f27f8020,0x00000000f2800000)
  to   space 4608K, 0% used [0x00000000f1f00000,0x00000000f1f00000,0x00000000f2380000)
 ParOldGen       total 77824K, used 8564K [0x00000000c0000000, 0x00000000c4c00000, 0x00000000eab00000)
  object space 77824K, 11% used [0x00000000c0000000,0x00000000c085d238,0x00000000c4c00000)
 Metaspace       used 20853K, capacity 21144K, committed 21296K, reserved 1067008K
  class space    used 2819K, capacity 2925K, committed 2944K, reserved 1048576K
Event: 5.985 GC heap after
Heap after GC invocations=5 (full 1):
 PSYoungGen      total 123392K, used 0K [0x00000000eab00000, 0x00000000f2800000, 0x0000000100000000)
  eden space 118784K, 0% used [0x00000000eab00000,0x00000000eab00000,0x00000000f1f00000)
  from space 4608K, 0% used [0x00000000f2380000,0x00000000f2380000,0x00000000f2800000)
  to   space 4608K, 0% used [0x00000000f1f00000,0x00000000f1f00000,0x00000000f2380000)
 ParOldGen       total 55808K, used 7504K [0x00000000c0000000, 0x00000000c3680000, 0x00000000eab00000)
  object space 55808K, 13% used [0x00000000c0000000,0x00000000c07541a0,0x00000000c3680000)
 Metaspace       used 20853K, capacity 21144K, committed 21296K, reserved 1067008K
  class space    used 2819K, capacity 2925K, committed 2944K, reserved 1048576K
}

Deoptimization events (10 events):
Event: 6.552 Thread 0x00007f09bc006000 Uncommon trap: reason=class_check action=maybe_recompile pc=0x00007f0a154c92d4 method=java.lang.reflect.Method.equals(Ljava/lang/Object;)Z @ 5
Event: 6.559 Thread 0x00007f09bc006000 Uncommon trap: reason=class_check action=maybe_recompile pc=0x00007f0a154c92d4 method=java.lang.reflect.Method.equals(Ljava/lang/Object;)Z @ 5
Event: 6.789 Thread 0x00007f09bc006000 Uncommon trap: reason=unstable_if action=reinterpret pc=0x00007f0a152d3774 method=java.util.LinkedHashMap.afterNodeInsertion(Z)V @ 1
Event: 6.858 Thread 0x00007f09bc006000 Uncommon trap: reason=class_check action=maybe_recompile pc=0x00007f0a154c92d4 method=java.lang.reflect.Method.equals(Ljava/lang/Object;)Z @ 5
Event: 6.859 Thread 0x00007f09bc006000 Uncommon trap: reason=class_check action=maybe_recompile pc=0x00007f0a154c92d4 method=java.lang.reflect.Method.equals(Ljava/lang/Object;)Z @ 5
Event: 7.442 Thread 0x00007f09bc006000 Uncommon trap: reason=class_check action=maybe_recompile pc=0x00007f0a154a2d24 method=sun.misc.URLClassPath.getLoader(I)Lsun/misc/URLClassPath$Loader; @ 94
Event: 7.777 Thread 0x00007f09bc006000 Uncommon trap: reason=unstable_if action=reinterpret pc=0x00007f0a15267628 method=java.io.UnixFileSystem.resolve(Ljava/lang/String;Ljava/lang/String;)Ljava/lang/String; @ 18
Event: 8.515 Thread 0x00007f09bc006000 Uncommon trap: reason=unstable_if action=reinterpret pc=0x00007f0a156b4410 method=java.util.jar.Manifest.getTrustedAttributes(Ljava/lang/String;)Ljava/util/jar/Attributes; @ 7
Event: 8.516 Thread 0x00007f09bc006000 Uncommon trap: reason=unstable_if action=reinterpret pc=0x00007f0a15685b4c method=java.util.jar.Manifest.getTrustedAttributes(Ljava/lang/String;)Ljava/util/jar/Attributes; @ 7
Event: 10.125 Thread 0x00007f09bc006000 Uncommon trap: reason=unstable_if action=reinterpret pc=0x00007f0a158534f4 method=com.sun.org.apache.xerces.internal.impl.XMLEntityScanner.scanContent(Lcom/sun/org/apache/xerces/internal/xni/XMLString;)I @ 121

Classes redefined (0 events):
No events

Internal exceptions (10 events):
Event: 8.457 Thread 0x00007f09bc006000 Exception <a 'java/lang/ClassNotFoundException': groovy/lang/GStringCustomizer> (0x00000000eea37880) thrown at [/HUDSON/workspace/8-2-build-linux-amd64/jdk8u211/12973/hotspot/src/share/vm/classfile/systemDictionary.cpp, line 210]
Event: 8.460 Thread 0x00007f09bc006000 Exception <a 'java/lang/ClassNotFoundException': groovy/lang/GString$1Customizer> (0x00000000eea5cd58) thrown at [/HUDSON/workspace/8-2-build-linux-amd64/jdk8u211/12973/hotspot/src/share/vm/classfile/systemDictionary.cpp, line 210]
Event: 8.477 Thread 0x00007f09bc006000 Exception <a 'java/lang/ClassNotFoundException': org/gradle/api/internal/project/DefaultProject_DecoratedBeanInfo> (0x00000000eeaf1598) thrown at [/HUDSON/workspace/8-2-build-linux-amd64/jdk8u211/12973/hotspot/src/share/vm/classfile/systemDictionary.cpp, 
Event: 8.479 Thread 0x00007f09bc006000 Exception <a 'java/lang/ClassNotFoundException': org/gradle/api/internal/project/DefaultProjectBeanInfo> (0x00000000eeb15200) thrown at [/HUDSON/workspace/8-2-build-linux-amd64/jdk8u211/12973/hotspot/src/share/vm/classfile/systemDictionary.cpp, line 210]
Event: 8.480 Thread 0x00007f09bc006000 Exception <a 'java/lang/ClassNotFoundException': org/gradle/api/internal/project/DefaultProjectCustomizer> (0x00000000eeb39eb0) thrown at [/HUDSON/workspace/8-2-build-linux-amd64/jdk8u211/12973/hotspot/src/share/vm/classfile/systemDictionary.cpp, line 210
Event: 8.497 Thread 0x00007f09bc006000 Exception <a 'java/lang/ClassNotFoundException': org/gradle/api/internal/project/DefaultProject_DecoratedCustomizer> (0x00000000eec121a0) thrown at [/HUDSON/workspace/8-2-build-linux-amd64/jdk8u211/12973/hotspot/src/share/vm/classfile/systemDictionary.cpp
Event: 8.549 Thread 0x00007f09bc006000 Exception <a 'java/lang/ClassNotFoundException': org/codehaus/groovy/runtime/GStringImplBeanInfo> (0x00000000eecde778) thrown at [/HUDSON/workspace/8-2-build-linux-amd64/jdk8u211/12973/hotspot/src/share/vm/classfile/systemDictionary.cpp, line 210]
Event: 8.551 Thread 0x00007f09bc006000 Exception <a 'java/lang/ClassNotFoundException': org/codehaus/groovy/runtime/GStringImplCustomizer> (0x00000000eecfecf0) thrown at [/HUDSON/workspace/8-2-build-linux-amd64/jdk8u211/12973/hotspot/src/share/vm/classfile/systemDictionary.cpp, line 210]
Event: 8.590 Thread 0x00007f09bc006000 Exception <a 'java/lang/ClassNotFoundException': java/lang/StringBeanInfo> (0x00000000eed784d8) thrown at [/HUDSON/workspace/8-2-build-linux-amd64/jdk8u211/12973/hotspot/src/share/vm/classfile/systemDictionary.cpp, line 210]
Event: 8.590 Thread 0x00007f09bc006000 Exception <a 'java/lang/ClassNotFoundException': java/lang/StringCustomizer> (0x00000000eed7b388) thrown at [/HUDSON/workspace/8-2-build-linux-amd64/jdk8u211/12973/hotspot/src/share/vm/classfile/systemDictionary.cpp, line 210]

Events (10 events):
Event: 10.183 loading class org/gradle/internal/resource/metadata/DefaultExternalResourceMetaData
Event: 10.183 loading class org/gradle/internal/resource/metadata/DefaultExternalResourceMetaData done
Event: 10.260 loading class org/gradle/api/internal/artifacts/ivyservice/resolveengine/excludes/PatternMatchers
Event: 10.260 loading class org/gradle/api/internal/artifacts/ivyservice/resolveengine/excludes/PatternMatchers done
Event: 10.261 loading class org/apache/ivy/plugins/matcher/PatternMatcher
Event: 10.261 loading class org/apache/ivy/plugins/matcher/PatternMatcher done
Event: 10.274 loading class org/gradle/api/internal/artifacts/ivyservice/resolveengine/excludes/ImmutableModuleExclusionSet
Event: 10.274 loading class org/gradle/api/internal/artifacts/ivyservice/resolveengine/excludes/ImmutableModuleExclusionSet done
Event: 10.279 Thread 0x00007f09bc006000 DEOPT PACKING pc=0x00007f0a154b80b5 sp=0x00007f0a0c7db1e0
Event: 10.279 Thread 0x00007f09bc006000 DEOPT UNPACKING pc=0x00007f0a15047384 sp=0x00007f0a0c7daf60 mode 0


Dynamic libraries:
00400000-00401000 r-xp 00000000 08:05 537940915                          /Data/jdk1.8.0_211/bin/java
00600000-00601000 r--p 00000000 08:05 537940915                          /Data/jdk1.8.0_211/bin/java
00601000-00602000 rw-p 00001000 08:05 537940915                          /Data/jdk1.8.0_211/bin/java
01bd5000-01bf6000 rw-p 00000000 00:00 0                                  [heap]
c0000000-c3680000 rw-p 00000000 00:00 0 
c3680000-eab00000 ---p 00000000 00:00 0 
eab00000-f2800000 rw-p 00000000 00:00 0 
f2800000-100000000 ---p 00000000 00:00 0 
100000000-100420000 rw-p 00000000 00:00 0 
100420000-140000000 ---p 00000000 00:00 0 
7f099c000000-7f099c021000 rw-p 00000000 00:00 0 
7f099c021000-7f09a0000000 ---p 00000000 00:00 0 
7f09a4000000-7f09a4035000 rw-p 00000000 00:00 0 
7f09a4035000-7f09a8000000 ---p 00000000 00:00 0 
7f09a8000000-7f09a8021000 rw-p 00000000 00:00 0 
7f09a8021000-7f09ac000000 ---p 00000000 00:00 0 
7f09ac000000-7f09ac021000 rw-p 00000000 00:00 0 
7f09ac021000-7f09b0000000 ---p 00000000 00:00 0 
7f09b0000000-7f09b0021000 rw-p 00000000 00:00 0 
7f09b0021000-7f09b4000000 ---p 00000000 00:00 0 
7f09b4000000-7f09b4021000 rw-p 00000000 00:00 0 
7f09b4021000-7f09b8000000 ---p 00000000 00:00 0 
7f09b8000000-7f09b8c2d000 rw-p 00000000 00:00 0 
7f09b8c2d000-7f09bc000000 ---p 00000000 00:00 0 
7f09bc000000-7f09bc021000 rw-p 00000000 00:00 0 
7f09bc021000-7f09c0000000 ---p 00000000 00:00 0 
7f09c0000000-7f09c0021000 rw-p 00000000 00:00 0 
7f09c0021000-7f09c4000000 ---p 00000000 00:00 0 
7f09c4000000-7f09c4067000 rw-p 00000000 00:00 0 
7f09c4067000-7f09c8000000 ---p 00000000 00:00 0 
7f09c8000000-7f09c8021000 rw-p 00000000 00:00 0 
7f09c8021000-7f09cc000000 ---p 00000000 00:00 0 
7f09cc000000-7f09cc021000 rw-p 00000000 00:00 0 
7f09cc021000-7f09d0000000 ---p 00000000 00:00 0 
7f09d0000000-7f09d0021000 rw-p 00000000 00:00 0 
7f09d0021000-7f09d4000000 ---p 00000000 00:00 0 
7f09d4000000-7f09d463d000 rw-p 00000000 00:00 0 
7f09d463d000-7f09d8000000 ---p 00000000 00:00 0 
7f09d8000000-7f09d8021000 rw-p 00000000 00:00 0 
7f09d8021000-7f09dc000000 ---p 00000000 00:00 0 
7f09dc000000-7f09dd7cf000 rw-p 00000000 00:00 0 
7f09dd7cf000-7f09e0000000 ---p 00000000 00:00 0 
7f09e0000000-7f09e129e000 rw-p 00000000 00:00 0 
7f09e129e000-7f09e4000000 ---p 00000000 00:00 0 
7f09e4000000-7f09e4021000 rw-p 00000000 00:00 0 
7f09e4021000-7f09e8000000 ---p 00000000 00:00 0 
7f09e9ad6000-7f09f0000000 r--p 00000000 08:02 69667                      /usr/lib/locale/locale-archive
7f09f0000000-7f09f0021000 rw-p 00000000 00:00 0 
7f09f0021000-7f09f4000000 ---p 00000000 00:00 0 
7f09f4000000-7f09f4021000 rw-p 00000000 00:00 0 
7f09f4021000-7f09f8000000 ---p 00000000 00:00 0 
7f09f8000000-7f09f8021000 rw-p 00000000 00:00 0 
7f09f8021000-7f09fc000000 ---p 00000000 00:00 0 
7f09fc000000-7f09fc021000 rw-p 00000000 00:00 0 
7f09fc021000-7f0a00000000 ---p 00000000 00:00 0 
7f0a00000000-7f0a00021000 rw-p 00000000 00:00 0 
7f0a00021000-7f0a04000000 ---p 00000000 00:00 0 
7f0a070ff000-7f0a0713f000 rw-p 00000000 00:00 0 
7f0a0713f000-7f0a072ff000 ---p 00000000 00:00 0 
7f0a072ff000-7f0a074ff000 rw-p 00000000 00:00 0 
7f0a074ff000-7f0a07502000 ---p 00000000 00:00 0 
7f0a07502000-7f0a07800000 rw-p 00000000 00:00 0 
7f0a07800000-7f0a07a00000 rw-p 00000000 00:00 0 
7f0a07a00000-7f0a07c00000 rw-p 00000000 00:00 0 
7f0a07c00000-7f0a07e00000 rw-p 00000000 00:00 0 
7f0a07e00000-7f0a08000000 rw-p 00000000 00:00 0 
7f0a08000000-7f0a08021000 rw-p 00000000 00:00 0 
7f0a08021000-7f0a0c000000 ---p 00000000 00:00 0 
7f0a0c061000-7f0a0c0db000 r--s 010fd000 08:05 537564437                  /Data/jdk1.8.0_211/lib/tools.jar
7f0a0c0db000-7f0a0c0de000 ---p 00000000 00:00 0 
7f0a0c0de000-7f0a0c1dc000 rw-p 00000000 00:00 0 
7f0a0c1dc000-7f0a0c1df000 ---p 00000000 00:00 0 
7f0a0c1df000-7f0a0c4dd000 rw-p 00000000 00:00 0 
7f0a0c4dd000-7f0a0c4e0000 ---p 00000000 00:00 0 
7f0a0c4e0000-7f0a0c5de000 rw-p 00000000 00:00 0 
7f0a0c5de000-7f0a0c5e1000 ---p 00000000 00:00 0 
7f0a0c5e1000-7f0a0c6df000 rw-p 00000000 00:00 0 
7f0a0c6df000-7f0a0c6e2000 ---p 00000000 00:00 0 
7f0a0c6e2000-7f0a0c7e0000 rw-p 00000000 00:00 0 
7f0a0c7e0000-7f0a0c7e3000 ---p 00000000 00:00 0 
7f0a0c7e3000-7f0a0c8e1000 rw-p 00000000 00:00 0 
7f0a0c8e1000-7f0a0c8e4000 ---p 00000000 00:00 0 
7f0a0c8e4000-7f0a0c9e2000 rw-p 00000000 00:00 0 
7f0a0c9e2000-7f0a0c9e5000 ---p 00000000 00:00 0 
7f0a0c9e5000-7f0a0cae3000 rw-p 00000000 00:00 0 
7f0a0cae3000-7f0a0cae6000 ---p 00000000 00:00 0 
7f0a0cae6000-7f0a0cbe4000 rw-p 00000000 00:00 0 
7f0a0cbe4000-7f0a0cbeb000 r--s 00000000 08:02 134425387                  /usr/lib64/gconv/gconv-modules.cache
7f0a0cbeb000-7f0a0cbee000 ---p 00000000 00:00 0 
7f0a0cbee000-7f0a0ceec000 rw-p 00000000 00:00 0 
7f0a0ceec000-7f0a0ceef000 ---p 00000000 00:00 0 
7f0a0ceef000-7f0a0cfed000 rw-p 00000000 00:00 0 
7f0a0cfed000-7f0a0cff6000 r-xp 00000000 08:05 1593604                    /Data/jdk1.8.0_211/jre/lib/amd64/libmanagement.so
7f0a0cff6000-7f0a0d1f5000 ---p 00009000 08:05 1593604                    /Data/jdk1.8.0_211/jre/lib/amd64/libmanagement.so
7f0a0d1f5000-7f0a0d1f6000 r--p 00008000 08:05 1593604                    /Data/jdk1.8.0_211/jre/lib/amd64/libmanagement.so
7f0a0d1f6000-7f0a0d1f7000 rw-p 00009000 08:05 1593604                    /Data/jdk1.8.0_211/jre/lib/amd64/libmanagement.so
7f0a0d1f7000-7f0a0d1fc000 r--s 000a3000 08:05 537564274                  /Data/jdk1.8.0_211/jre/lib/jsse.jar
7f0a0d1fc000-7f0a0d1fe000 r--s 00008000 08:02 135191365                  /home/techseria/.gradle/wrapper/dists/gradle-3.5-all/exhrs6ca08n232b14ue48lbye/gradle-3.5/lib/plugins/gradle-tooling-api-builders-3.5.jar
7f0a0d1fe000-7f0a0d201000 r--s 00009000 08:02 135352505                  /home/techseria/.gradle/wrapper/dists/gradle-3.5-all/exhrs6ca08n232b14ue48lbye/gradle-3.5/lib/plugins/gradle-testing-native-3.5.jar
7f0a0d201000-7f0a0d207000 r--s 00033000 08:02 135617987                  /home/techseria/.gradle/wrapper/dists/gradle-3.5-all/exhrs6ca08n232b14ue48lbye/gradle-3.5/lib/plugins/snakeyaml-1.6.jar
7f0a0d207000-7f0a0d209000 r--s 00006000 08:02 135617986                  /home/techseria/.gradle/wrapper/dists/gradle-3.5-all/exhrs6ca08n232b14ue48lbye/gradle-3.5/lib/plugins/jcommander-1.12.jar
7f0a0d209000-7f0a0d20e000 r--s 00040000 08:02 135617985                  /home/techseria/.gradle/wrapper/dists/gradle-3.5-all/exhrs6ca08n232b14ue48lbye/gradle-3.5/lib/plugins/bsh-2.0b4.jar
7f0a0d20e000-7f0a0d210000 r--s 00009000 08:02 135617991                  /home/techseria/.gradle/wrapper/dists/gradle-3.5-all/exhrs6ca08n232b14ue48lbye/gradle-3.5/lib/plugins/hamcrest-core-1.3.jar
7f0a0d210000-7f0a0d219000 r--s 00089000 08:02 135605494                  /home/techseria/.gradle/wrapper/dists/gradle-3.5-all/exhrs6ca08n232b14ue48lbye/gradle-3.5/lib/plugins/testng-6.3.1.jar
7f0a0d219000-7f0a0d221000 r--s 00045000 08:02 135605493                  /home/techseria/.gradle/wrapper/dists/gradle-3.5-all/exhrs6ca08n232b14ue48lbye/gradle-3.5/lib/plugins/junit-4.12.jar
7f0a0d221000-7f0a0d227000 r--s 0002e000 08:02 135352506                  /home/techseria/.gradle/wrapper/dists/gradle-3.5-all/exhrs6ca08n232b14ue48lbye/gradle-3.5/lib/plugins/gradle-testing-jvm-3.5.jar
7f0a0d227000-7f0a0d22b000 r--s 00016000 08:02 135352504                  /home/techseria/.gradle/wrapper/dists/gradle-3.5-all/exhrs6ca08n232b14ue48lbye/gradle-3.5/lib/plugins/gradle-testing-base-3.5.jar
7f0a0d22b000-7f0a0d232000 r--s 00038000 08:02 135605488                  /home/techseria/.gradle/wrapper/dists/gradle-3.5-all/exhrs6ca08n232b14ue48lbye/gradle-3.5/lib/plugins/bcpg-jdk15on-1.51.jar
7f0a0d232000-7f0a0d234000 r--s 0000c000 08:02 135352483                  /home/techseria/.gradle/wrapper/dists/gradle-3.5-all/exhrs6ca08n232b14ue48lbye/gradle-3.5/lib/plugins/gradle-signing-3.5.jar
7f0a0d234000-7f0a0d236000 r--s 00007000 08:02 135352482                  /home/techseria/.gradle/wrapper/dists/gradle-3.5-all/exhrs6ca08n232b14ue48lbye/gradle-3.5/lib/plugins/gradle-scala-3.5.jar
7f0a0d236000-7f0a0d237000 r--s 00004000 08:02 135352510                  /home/techseria/.gradle/wrapper/dists/gradle-3.5-all/exhrs6ca08n232b14ue48lbye/gradle-3.5/lib/plugins/gradle-resources-sftp-3.5.jar
7f0a0d237000-7f0a0d247000 r--s 00088000 08:02 135605506                  /home/techseria/.gradle/wrapper/dists/gradle-3.5-all/exhrs6ca08n232b14ue48lbye/gradle-3.5/lib/plugins/joda-time-2.8.2.jar
7f0a0d247000-7f0a0d258000 r--s 0010d000 08:02 135605505                  /home/techseria/.gradle/wrapper/dists/gradle-3.5-all/exhrs6ca08n232b14ue48lbye/gradle-3.5/lib/plugins/jackson-databind-2.6.6.jar
7f0a0d258000-7f0a0d25b000 r--s 00009000 08:02 135605504                  /home/techseria/.gradle/wrapper/dists/gradle-3.5-all/exhrs6ca08n232b14ue48lbye/gradle-3.5/lib/plugins/jackson-annotations-2.6.6.jar
7f0a0d25b000-7f0a0d25f000 r--s 0003c000 08:02 135605503                  /home/techseria/.gradle/wrapper/dists/gradle-3.5-all/exhrs6ca08n232b14ue48lbye/gradle-3.5/lib/plugins/jackson-core-2.6.6.jar
7f0a0d25f000-7f0a0d26d000 r--s 00087000 08:02 135605502                  /home/techseria/.gradle/wrapper/dists/gradle-3.5-all/exhrs6ca08n232b14ue48lbye/gradle-3.5/lib/plugins/aws-java-sdk-core-1.11.6.jar
7f0a0d26d000-7f0a0d274000 r--s 00057000 08:02 135605501                  /home/techseria/.gradle/wrapper/dists/gradle-3.5-all/exhrs6ca08n232b14ue48lbye/gradle-3.5/lib/plugins/aws-java-sdk-kms-1.11.6.jar
7f0a0d274000-7f0a0d281000 r--s 0008e000 08:02 135605500                  /home/techseria/.gradle/wrapper/dists/gradle-3.5-all/exhrs6ca08n232b14ue48lbye/gradle-3.5/lib/plugins/aws-java-sdk-s3-1.11.6.jar
7f0a0d281000-7f0a0d283000 r--s 00004000 08:02 135352511                  /home/techseria/.gradle/wrapper/dists/gradle-3.5-all/exhrs6ca08n232b14ue48lbye/gradle-3.5/lib/plugins/gradle-resources-s3-3.5.jar
7f0a0d283000-7f0a0d285000 r--s 0000f000 08:02 135352488                  /home/techseria/.gradle/wrapper/dists/gradle-3.5-all/exhrs6ca08n232b14ue48lbye/gradle-3.5/lib/plugins/gradle-reporting-3.5.jar
7f0a0d285000-7f0a0d287000 r--s 00002000 08:02 135352489                  /home/techseria/.gradle/wrapper/dists/gradle-3.5-all/exhrs6ca08n232b14ue48lbye/gradle-3.5/lib/plugins/gradle-publish-3.5.jar
7f0a0d287000-7f0a0d289000 r--s 00009000 08:02 135605475                  /home/techseria/.gradle/wrapper/dists/gradle-3.5-all/exhrs6ca08n232b14ue48lbye/gradle-3.5/lib/plugins/commons-cli-1.2.jar
7f0a0d289000-7f0a0d28f000 r--s 00035000 08:02 135352474                  /home/techseria/.gradle/wrapper/dists/gradle-3.5-all/exhrs6ca08n232b14ue48lbye/gradle-3.5/lib/plugins/gradle-plugins-3.5.jar
7f0a0d28f000-7f0a0d291000 r--s 00009000 08:02 135352507                  /home/techseria/.gradle/wrapper/dists/gradle-3.5-all/exhrs6ca08n232b14ue48lbye/gradle-3.5/lib/plugins/gradle-plugin-development-3.5.jar
7f0a0d291000-7f0a0d297000 r--s 0002b000 08:02 135352500                  /home/techseria/.gradle/wrapper/dists/gradle-3.5-all/exhrs6ca08n232b14ue48lbye/gradle-3.5/lib/plugins/gradle-platform-play-3.5.jar
7f0a0d297000-7f0a0d2a5000 r--s 00056000 08:02 135352499                  /home/techseria/.gradle/wrapper/dists/gradle-3.5-all/exhrs6ca08n232b14ue48lbye/gradle-3.5/lib/plugins/gradle-platform-native-3.5.jar
7f0a0d2a5000-7f0a0d2a9000 r--s 0001b000 08:02 135352494                  /home/techseria/.gradle/wrapper/dists/gradle-3.5-all/exhrs6ca08n232b14ue48lbye/gradle-3.5/lib/plugins/gradle-platform-jvm-3.5.jar
7f0a0d2a9000-7f0a0d2b0000 r--s 00028000 08:02 135352493                  /home/techseria/.gradle/wrapper/dists/gradle-3.5-all/exhrs6ca08n232b14ue48lbye/gradle-3.5/lib/plugins/gradle-platform-base-3.5.jar
7f0a0d2b0000-7f0a0d2d8000 r--s 0021c000 08:02 135605483                  /home/techseria/.gradle/wrapper/dists/gradle-3.5-all/exhrs6ca08n232b14ue48lbye/gradle-3.5/lib/plugins/biz.aQute.bndlib-3.2.0.jar
7f0a0d2d8000-7f0a0d2da000 r--s 00003000 08:02 135352478                  /home/techseria/.gradle/wrapper/dists/gradle-3.5-all/exhrs6ca08n232b14ue48lbye/gradle-3.5/lib/plugins/gradle-osgi-3.5.jar
7f0a0d2da000-7f0a0d2dd000 r--s 0000c000 08:02 135605486                  /home/techseria/.gradle/wrapper/dists/gradle-3.5-all/exhrs6ca08n232b14ue48lbye/gradle-3.5/lib/plugins/pmaven-groovy-0.8-20100325.jar
7f0a0d2dd000-7f0a0d2de000 r--s 00004000 08:02 135605485                  /home/techseria/.gradle/wrapper/dists/gradle-3.5-all/exhrs6ca08n232b14ue48lbye/gradle-3.5/lib/plugins/pmaven-common-0.8-20100325.jar
7f0a0d2de000-7f0a0d2e3000 r--s 00024000 08:02 135352479                  /home/techseria/.gradle/wrapper/dists/gradle-3.5-all/exhrs6ca08n232b14ue48lbye/gradle-3.5/lib/plugins/gradle-maven-3.5.jar
7f0a0d2e3000-7f0a0d2e6000 r--s 0000b000 08:02 135352498                  /home/techseria/.gradle/wrapper/dists/gradle-3.5-all/exhrs6ca08n232b14ue48lbye/gradle-3.5/lib/plugins/gradle-language-scala-3.5.jar
7f0a0d2e6000-7f0a0d2ec000 r--s 0001a000 08:02 135352502                  /home/techseria/.gradle/wrapper/dists/gradle-3.5-all/exhrs6ca08n232b14ue48lbye/gradle-3.5/lib/plugins/gradle-language-native-3.5.jar
7f0a0d2ec000-7f0a0d2ee000 r--s 00006000 08:02 135352495                  /home/techseria/.gradle/wrapper/dists/gradle-3.5-all/exhrs6ca08n232b14ue48lbye/gradle-3.5/lib/plugins/gradle-language-jvm-3.5.jar
7f0a0d2ee000-7f0a0d2f5000 r--s 0002f000 08:02 135352496                  /home/techseria/.gradle/wrapper/dists/gradle-3.5-all/exhrs6ca08n232b14ue48lbye/gradle-3.5/lib/plugins/gradle-language-java-3.5.jar
7f0a0d2f5000-7f0a0d2f7000 r--s 0000a000 08:02 135352497                  /home/techseria/.gradle/wrapper/dists/gradle-3.5-all/exhrs6ca08n232b14ue48lbye/gradle-3.5/lib/plugins/gradle-language-groovy-3.5.jar
7f0a0d2f7000-7f0a0d2fa000 r--s 0001e000 08:02 135605512                  /home/techseria/.gradle/wrapper/dists/gradle-3.5-all/exhrs6ca08n232b14ue48lbye/gradle-3.5/lib/plugins/jsp-api-2.1-6.1.14.jar
7f0a0d2fa000-7f0a0d31d000 r--s 00344000 08:02 135605511                  /home/techseria/.gradle/wrapper/dists/gradle-3.5-all/exhrs6ca08n232b14ue48lbye/gradle-3.5/lib/plugins/core-3.1.1.jar
7f0a0d31d000-7f0a0d31e000 r--s 00006000 08:02 135605510                  /home/techseria/.gradle/wrapper/dists/gradle-3.5-all/exhrs6ca08n232b14ue48lbye/gradle-3.5/lib/plugins/jetty-naming-6.1.26.jar
7f0a0d31e000-7f0a0d31f000 r--s 00002000 08:02 135605482                  /home/techseria/.gradle/wrapper/dists/gradle-3.5-all/exhrs6ca08n232b14ue48lbye/gradle-3.5/lib/plugins/geronimo-annotation_1.0_spec-1.0.jar
7f0a0d31f000-7f0a0d321000 r--s 00002000 08:02 135605481                  /home/techseria/.gradle/wrapper/dists/gradle-3.5-all/exhrs6ca08n232b14ue48lbye/gradle-3.5/lib/plugins/jetty-annotations-6.1.26.jar
7f0a0d321000-7f0a0d332000 r--s 000ea000 08:02 135605480                  /home/techseria/.gradle/wrapper/dists/gradle-3.5-all/exhrs6ca08n232b14ue48lbye/gradle-3.5/lib/plugins/jsp-2.1-6.1.14.jar
7f0a0d332000-7f0a0d334000 r--s 0000d000 08:02 135605479                  /home/techseria/.gradle/wrapper/dists/gradle-3.5-all/exhrs6ca08n232b14ue48lbye/gradle-3.5/lib/plugins/jetty-plus-6.1.26.jar
7f0a0d334000-7f0a0d336000 r--s 0001f000 08:02 135605478                  /home/techseria/.gradle/wrapper/dists/gradle-3.5-all/exhrs6ca08n232b14ue48lbye/gradle-3.5/lib/plugins/servlet-api-2.5-20081211.jar
7f0a0d336000-7f0a0d33a000 r--s 00028000 08:02 135605477                  /home/techseria/.gradle/wrapper/dists/gradle-3.5-all/exhrs6ca08n232b14ue48lbye/gradle-3.5/lib/plugins/jetty-util-6.1.26.jar
7f0a0d33a000-7f0a0d341000 r--s 0007d000 08:02 135605476                  /home/techseria/.gradle/wrapper/dists/gradle-3.5-all/exhrs6ca08n232b14ue48lbye/gradle-3.5/lib/plugins/jetty-6.1.26.jar
7f0a0d341000-7f0a0d343000 r--s 0000a000 08:02 135352476                  /home/techseria/.gradle/wrapper/dists/gradle-3.5-all/exhrs6ca08n232b14ue48lbye/gradle-3.5/lib/plugins/gradle-jetty-3.5.jar
7f0a0d343000-7f0a0d34a000 r--s 00035000 08:02 135605491                  /home/techseria/.gradle/wrapper/dists/gradle-3.5-all/exhrs6ca08n232b14ue48lbye/gradle-3.5/lib/plugins/simple-4.1.21.jar
7f0a0d34a000-7f0a0d356000 r--s 00100000 08:02 135605489                  /home/techseria/.gradle/wrapper/dists/gradle-3.5-all/exhrs6ca08n232b14ue48lbye/gradle-3.5/lib/plugins/rhino-1.7R3.jar
7f0a0d356000-7f0a0d35a000 r--s 00012000 08:02 135352485                  /home/techseria/.gradle/wrapper/dists/gradle-3.5-all/exhrs6ca08n232b14ue48lbye/gradle-3.5/lib/plugins/gradle-javascript-3.5.jar
7f0a0d35a000-7f0a0d35d000 r--s 00011000 08:02 135352491                  /home/techseria/.gradle/wrapper/dists/gradle-3.5-all/exhrs6ca08n232b14ue48lbye/gradle-3.5/lib/plugins/gradle-jacoco-3.5.jar
7f0a0d35d000-7f0a0d360000 r--s 0000e000 08:02 135352490                  /home/techseria/.gradle/wrapper/dists/gradle-3.5-all/exhrs6ca08n232b14ue48lbye/gradle-3.5/lib/plugins/gradle-ivy-3.5.jar
7f0a0d360000-7f0a0d361000 r--s 00002000 08:02 135352501                  /home/techseria/.gradle/wrapper/dists/gradle-3.5-all/exhrs6ca08n232b14ue48lbye/gradle-3.5/lib/plugins/gradle-ide-play-3.5.jar
7f0a0d361000-7f0a0d364000 r--s 00013000 08:02 135352503                  /home/techseria/.gradle/wrapper/dists/gradle-3.5-all/exhrs6ca08n232b14ue48lbye/gradle-3.5/lib/plugins/gradle-ide-native-3.5.jar
7f0a0d364000-7f0a0d36e000 r--s 00056000 08:02 135352480                  /home/techseria/.gradle/wrapper/dists/gradle-3.5-all/exhrs6ca08n232b14ue48lbye/gradle-3.5/lib/plugins/gradle-ide-3.5.jar
7f0a0d36e000-7f0a0d370000 r--s 00007000 08:02 135352484                  /home/techseria/.gradle/wrapper/dists/gradle-3.5-all/exhrs6ca08n232b14ue48lbye/gradle-3.5/lib/plugins/gradle-ear-3.5.jar
7f0a0d370000-7f0a0d372000 r--s 00005000 08:02 135605492                  /home/techseria/.gradle/wrapper/dists/gradle-3.5-all/exhrs6ca08n232b14ue48lbye/gradle-3.5/lib/plugins/jatl-0.2.2.jar
7f0a0d372000-7f0a0d378000 r--s 00039000 08:02 135352487                  /home/techseria/.gradle/wrapper/dists/gradle-3.5-all/exhrs6ca08n232b14ue48lbye/gradle-3.5/lib/plugins/gradle-diagnostics-3.5.jar
7f0a0d378000-7f0a0d37a000 r--s 00009000 08:02 135191399                  /home/techseria/.gradle/wrapper/dists/gradle-3.5-all/exhrs6ca08n232b14ue48lbye/gradle-3.5/lib/plugins/gradle-composite-builds-3.5.jar
7f0a0d37a000-7f0a0d37f000 r--s 00023000 08:02 135352475                  /home/techseria/.gradle/wrapper/dists/gradle-3.5-all/exhrs6ca08n232b14ue48lbye/gradle-3.5/lib/plugins/gradle-code-quality-3.5.jar
7f0a0d37f000-7f0a0d384000 r--s 00022000 08:02 135352492                  /home/techseria/.gradle/wrapper/dists/gradle-3.5-all/exhrs6ca08n232b14ue48lbye/gradle-3.5/lib/plugins/gradle-build-init-3.5.jar
7f0a0d384000-7f0a0d38a000 r--s 0008e000 08:02 135352486                  /home/techseria/.gradle/wrapper/dists/gradle-3.5-all/exhrs6ca08n232b14ue48lbye/gradle-3.5/lib/plugins/gradle-build-comparison-3.5.jar
7f0a0d38a000-7f0a0d38b000 r--s 00002000 08:02 135191422                  /home/techseria/.gradle/wrapper/dists/gradle-3.5-all/exhrs6ca08n232b14ue48lbye/gradle-3.5/lib/plugins/gradle-build-cache-http-3.5.jar
7f0a0d38b000-7f0a0d38d000 r--s 00008000 08:02 135352477                  /home/techseria/.gradle/wrapper/dists/gradle-3.5-all/exhrs6ca08n232b14ue48lbye/gradle-3.5/lib/plugins/gradle-antlr-3.5.jar
7f0a0d38d000-7f0a0d38e000 r--s 00005000 08:02 135352481                  /home/techseria/.gradle/wrapper/dists/gradle-3.5-all/exhrs6ca08n232b14ue48lbye/gradle-3.5/lib/plugins/gradle-announce-3.5.jar
7f0a0d38e000-7f0a0d396000 r--s 00028000 08:02 135617989                  /home/techseria/.gradle/wrapper/dists/gradle-3.5-all/exhrs6ca08n232b14ue48lbye/gradle-3.5/lib/plugins/xml-apis-1.3.04.jar
7f0a0d396000-7f0a0d39c000 r--s 00033000 08:02 135605487                  /home/techseria/.gradle/wrapper/dists/gradle-3.5-all/exhrs6ca08n232b14ue48lbye/gradle-3.5/lib/plugins/commons-codec-1.6.jar
7f0a0d39c000-7f0a0d3a3000 r--s 00049000 08:02 135617988                  /home/techseria/.gradle/wrapper/dists/gradle-3.5-all/exhrs6ca08n232b14ue48lbye/gradle-3.5/lib/plugins/httpcore-4.4.4.jar
7f0a0d3a3000-7f0a0d3a6000 r--s 0001c000 08:02 135605498                  /home/techseria/.gradle/wrapper/dists/gradle-3.5-all/exhrs6ca08n232b14ue48lbye/gradle-3.5/lib/plugins/nekohtml-1.9.14.jar
7f0a0d3a6000-7f0a0d3be000 r--s 00115000 08:02 135605497                  /home/techseria/.gradle/wrapper/dists/gradle-3.5-all/exhrs6ca08n232b14ue48lbye/gradle-3.5/lib/plugins/xercesImpl-2.9.1.jar
7f0a0d3be000-7f0a0d3c4000 r--s 0005b000 08:02 135605496                  /home/techseria/.gradle/wrapper/dists/gradle-3.5-all/exhrs6ca08n232b14ue48lbye/gradle-3.5/lib/plugins/jcifs-1.3.17.jar
7f0a0d3c4000-7f0a0d3d1000 r--s 000a4000 08:02 135605495                  /home/techseria/.gradle/wrapper/dists/gradle-3.5-all/exhrs6ca08n232b14ue48lbye/gradle-3.5/lib/plugins/httpclient-4.4.1.jar
7f0a0d3d1000-7f0a0d3d4000 r--s 0000a000 08:02 135352509                  /home/techseria/.gradle/wrapper/dists/gradle-3.5-all/exhrs6ca08n232b14ue48lbye/gradle-3.5/lib/plugins/gradle-resources-http-3.5.jar
7f0a0d3d4000-7f0a0d3d8000 r--s 00017000 08:02 135352508                  /home/techseria/.gradle/wrapper/dists/gradle-3.5-all/exhrs6ca08n232b14ue48lbye/gradle-3.5/lib/plugins/gradle-plugin-use-3.5.jar
7f0a0d3d8000-7f0a0d3d9000 r--s 00000000 08:02 67878934                   /home/techseria/.gradle/wrapper/dists/gradle-3.5-all/exhrs6ca08n232b14ue48lbye/gradle-3.5/lib/gradle-runtime-api-info-3.5.jar
7f0a0d3d9000-7f0a0d3da000 r--s 00000000 08:02 68381860                   /home/techseria/.gradle/wrapper/dists/gradle-3.5-all/exhrs6ca08n232b14ue48lbye/gradle-3.5/lib/gradle-installation-beacon-3.5.jar
7f0a0d3da000-7f0a0d3dc000 r--s 00006000 08:02 135617984                  /home/techseria/.gradle/wrapper/dists/gradle-3.5-all/exhrs6ca08n232b14ue48lbye/gradle-3.5/lib/plugins/aether-connector-wagon-1.13.1.jar
7f0a0d3dc000-7f0a0d3e0000 r--s 0001c000 08:02 135605535                  /home/techseria/.gradle/wrapper/dists/gradle-3.5-all/exhrs6ca08n232b14ue48lbye/gradle-3.5/lib/plugins/aether-util-1.13.1.jar
7f0a0d3e0000-7f0a0d3e1000 r--s 00003000 08:02 135605534                  /home/techseria/.gradle/wrapper/dists/gradle-3.5-all/exhrs6ca08n232b14ue48lbye/gradle-3.5/lib/plugins/aether-spi-1.13.1.jar
7f0a0d3e1000-7f0a0d3e4000 r--s 0001d000 08:02 135605533                  /home/techseria/.gradle/wrapper/dists/gradle-3.5-all/exhrs6ca08n232b14ue48lbye/gradle-3.5/lib/plugins/aether-impl-1.13.1.jar
7f0a0d3e4000-7f0a0d3e7000 r--s 00013000 08:02 135605532                  /home/techseria/.gradle/wrapper/dists/gradle-3.5-all/exhrs6ca08n232b14ue48lbye/gradle-3.5/lib/plugins/aether-api-1.13.1.jar
7f0a0d3e7000-7f0a0d3e8000 r--s 00007000 08:02 135605531                  /home/techseria/.gradle/wrapper/dists/gradle-3.5-all/exhrs6ca08n232b14ue48lbye/gradle-3.5/lib/plugins/wagon-http-shared4-2.4.jar
7f0a0d3e8000-7f0a0d3ea000 r--s 0000b000 08:02 135605530                  /home/techseria/.gradle/wrapper/dists/gradle-3.5-all/exhrs6ca08n232b14ue48lbye/gradle-3.5/lib/plugins/wagon-provider-api-2.4.jar
7f0a0d3ea000-7f0a0d3eb000 r--s 00002000 08:02 135605529                  /home/techseria/.gradle/wrapper/dists/gradle-3.5-all/exhrs6ca08n232b14ue48lbye/gradle-3.5/lib/plugins/wagon-http-2.4.jar
7f0a0d3eb000-7f0a0d3ec000 r--s 00002000 08:02 135605528                  /home/techseria/.gradle/wrapper/dists/gradle-3.5-all/exhrs6ca08n232b14ue48lbye/gradle-3.5/lib/plugins/wagon-file-2.4.jar
7f0a0d3ec000-7f0a0d3ee000 r--s 0000c000 08:02 135605527                  /home/techseria/.gradle/wrapper/dists/gradle-3.5-all/exhrs6ca08n232b14ue48lbye/gradle-3.5/lib/plugins/maven-aether-provider-3.0.4.jar
7f0a0d3ee000-7f0a0d3f0000 r--s 0000b000 08:02 135605526                  /home/techseria/.gradle/wrapper/dists/gradle-3.5-all/exhrs6ca08n232b14ue48lbye/gradle-3.5/lib/plugins/maven-plugin-api-3.0.4.jar
7f0a0d3f0000-7f0a0d3f2000 r--s 00006000 08:02 135605525                  /home/techseria/.gradle/wrapper/dists/gradle-3.5-all/exhrs6ca08n232b14ue48lbye/gradle-3.5/lib/plugins/maven-repository-metadata-3.0.4.jar
7f0a0d3f2000-7f0a0d3f4000 r--s 0000b000 08:02 135605524                  /home/techseria/.gradle/wrapper/dists/gradle-3.5-all/exhrs6ca08n232b14ue48lbye/gradle-3.5/lib/plugins/maven-artifact-3.0.4.jar
7f0a0d3f4000-7f0a0d3f6000 r--s 00026000 08:02 135605523                  /home/techseria/.gradle/wrapper/dists/gradle-3.5-all/exhrs6ca08n232b14ue48lbye/gradle-3.5/lib/plugins/maven-model-3.0.4.jar
7f0a0d3f6000-7f0a0d3fa000 r--s 00021000 08:02 135605522                  /home/techseria/.gradle/wrapper/dists/gradle-3.5-all/exhrs6ca08n232b14ue48lbye/gradle-3.5/lib/plugins/maven-model-builder-3.0.4.jar
7f0a0d3fa000-7f0a0d400000 r--s 0003f000 08:02 135605521                  /home/techseria/.gradle/wrapper/dists/gradle-3.5-all/exhrs6ca08n232b14ue48lbye/gradle-3.5/lib/plugins/maven-compat-3.0.4.jar
7f0a0d400000-7f0a0d401000 r--s 00006000 08:02 135605520                  /home/techseria/.gradle/wrapper/dists/gradle-3.5-all/exhrs6ca08n232b14ue48lbye/gradle-3.5/lib/plugins/plexus-sec-dispatcher-1.3.jar
7f0a0d401000-7f0a0d403000 r--s 00002000 08:02 135605519                  /home/techseria/.gradle/wrapper/dists/gradle-3.5-all/exhrs6ca08n232b14ue48lbye/gradle-3.5/lib/plugins/plexus-cipher-1.7.jar
7f0a0d403000-7f0a0d405000 r--s 0000a000 08:02 135605518                  /home/techseria/.gradle/wrapper/dists/gradle-3.5-all/exhrs6ca08n232b14ue48lbye/gradle-3.5/lib/plugins/plexus-classworlds-2.4.jar
7f0a0d405000-7f0a0d40c000 r--s 0002e000 08:02 135605517                  /home/techseria/.gradle/wrapper/dists/gradle-3.5-all/exhrs6ca08n232b14ue48lbye/gradle-3.5/lib/plugins/plexus-container-default-1.5.5.jar
7f0a0d40c000-7f0a0d40e000 r--s 00000000 08:02 135617990                  /home/techseria/.gradle/wrapper/dists/gradle-3.5-all/exhrs6ca08n232b14ue48lbye/gradle-3.5/lib/plugins/plexus-component-annotations-1.5.5.jar
7f0a0d40e000-7f0a0d410000 r--s 0000d000 08:02 135605516                  /home/techseria/.gradle/wrapper/dists/gradle-3.5-all/exhrs6ca08n232b14ue48lbye/gradle-3.5/lib/plugins/plexus-interpolation-1.14.jar
7f0a0d410000-7f0a0d414000 r--s 00033000 08:02 135605515                  /home/techseria/.gradle/wrapper/dists/gradle-3.5-all/exhrs6ca08n232b14ue48lbye/gradle-3.5/lib/plugins/plexus-utils-2.0.6.jar
7f0a0d414000-7f0a0d417000 r--s 00008000 08:02 135605514                  /home/techseria/.gradle/wrapper/dists/gradle-3.5-all/exhrs6ca08n232b14ue48lbye/gradle-3.5/lib/plugins/maven-settings-builder-3.0.4.jar
7f0a0d417000-7f0a0d419000 r--s 0000a000 08:02 135605513                  /home/techseria/.gradle/wrapper/dists/gradle-3.5-all/exhrs6ca08n232b14ue48lbye/gradle-3.5/lib/plugins/maven-settings-3.0.4.jar
7f0a0d419000-7f0a0d41e000 r--s 00040000 08:02 135605499                  /home/techseria/.gradle/wrapper/dists/gradle-3.5-all/exhrs6ca08n232b14ue48lbye/gradle-3.5/lib/plugins/jsch-0.1.54.jar
7f0a0d41e000-7f0a0d45e000 r--s 00277000 08:02 135605509                  /home/techseria/.gradle/wrapper/dists/gradle-3.5-all/exhrs6ca08n232b14ue48lbye/gradle-3.5/lib/plugins/bcprov-jdk15on-1.51.jar
7f0a0d45e000-7f0a0d462000 r--s 0001d000 08:02 135605508                  /home/techseria/.gradle/wrapper/dists/gradle-3.5-all/exhrs6ca08n232b14ue48lbye/gradle-3.5/lib/plugins/xbean-reflect-3.4.jar
7f0a0d462000-7f0a0d46e000 r--s 0007d000 08:02 135605484                  /home/techseria/.gradle/wrapper/dists/gradle-3.5-all/exhrs6ca08n232b14ue48lbye/gradle-3.5/lib/plugins/maven-core-3.0.4.jar
7f0a0d46e000-7f0a0d48f000 r--s 00106000 08:02 135605473                  /home/techseria/.gradle/wrapper/dists/gradle-3.5-all/exhrs6ca08n232b14ue48lbye/gradle-3.5/lib/plugins/gradle-dependency-management-3.5.jar
7f0a0d48f000-7f0a0d4a4000 r-xp 00000000 08:02 68247634                   /usr/lib64/libgcc_s-4.8.5-20150702.so.1
7f0a0d4a4000-7f0a0d6a3000 ---p 00015000 08:02 68247634                   /usr/lib64/libgcc_s-4.8.5-20150702.so.1
7f0a0d6a3000-7f0a0d6a4000 r--p 00014000 08:02 68247634                   /usr/lib64/libgcc_s-4.8.5-20150702.so.1
7f0a0d6a4000-7f0a0d6a5000 rw-p 00015000 08:02 68247634                   /usr/lib64/libgcc_s-4.8.5-20150702.so.1
7f0a0d6a5000-7f0a0d78e000 r-xp 00000000 08:02 68430186                   /usr/lib64/libstdc++.so.6.0.19
7f0a0d78e000-7f0a0d98d000 ---p 000e9000 08:02 68430186                   /usr/lib64/libstdc++.so.6.0.19
7f0a0d98d000-7f0a0d995000 r--p 000e8000 08:02 68430186                   /usr/lib64/libstdc++.so.6.0.19
7f0a0d995000-7f0a0d997000 rw-p 000f0000 08:02 68430186                   /usr/lib64/libstdc++.so.6.0.19
7f0a0d997000-7f0a0d9ac000 rw-p 00000000 00:00 0 
7f0a0d9ac000-7f0a0d9b1000 r--s 00034000 08:02 135605490                  /home/techseria/.gradle/wrapper/dists/gradle-3.5-all/exhrs6ca08n232b14ue48lbye/gradle-3.5/lib/plugins/gson-2.7.jar
7f0a0d9b1000-7f0a0d9c0000 r--s 000d9000 08:02 135605507                  /home/techseria/.gradle/wrapper/dists/gradle-3.5-all/exhrs6ca08n232b14ue48lbye/gradle-3.5/lib/plugins/ivy-2.2.0.jar
7f0a0d9c0000-7f0a0d9c2000 r--s 00007000 08:02 135605472                  /home/techseria/.gradle/wrapper/dists/gradle-3.5-all/exhrs6ca08n232b14ue48lbye/gradle-3.5/lib/plugins/gradle-workers-3.5.jar
7f0a0d9c2000-7f0a0d9c7000 r-xp 00000000 08:02 203034211                  /home/techseria/.gradle/native/25/linux-amd64/libnative-platform.so
7f0a0d9c7000-7f0a0dbc6000 ---p 00005000 08:02 203034211                  /home/techseria/.gradle/native/25/linux-amd64/libnative-platform.so
7f0a0dbc6000-7f0a0dbc7000 rw-p 00004000 08:02 203034211                  /home/techseria/.gradle/native/25/linux-amd64/libnative-platform.so
7f0a0dbc7000-7f0a0dbd8000 r-xp 00000000 08:05 792908                     /Data/jdk1.8.0_211/jre/lib/amd64/libnio.so
7f0a0dbd8000-7f0a0ddd7000 ---p 00011000 08:05 792908                     /Data/jdk1.8.0_211/jre/lib/amd64/libnio.so
7f0a0ddd7000-7f0a0ddd8000 r--p 00010000 08:05 792908                     /Data/jdk1.8.0_211/jre/lib/amd64/libnio.so
7f0a0ddd8000-7f0a0ddd9000 rw-p 00011000 08:05 792908                     /Data/jdk1.8.0_211/jre/lib/amd64/libnio.so
7f0a0ddd9000-7f0a0ddef000 r-xp 00000000 08:05 1593603                    /Data/jdk1.8.0_211/jre/lib/amd64/libnet.so
7f0a0ddef000-7f0a0dfee000 ---p 00016000 08:05 1593603                    /Data/jdk1.8.0_211/jre/lib/amd64/libnet.so
7f0a0dfee000-7f0a0dfef000 r--p 00015000 08:05 1593603                    /Data/jdk1.8.0_211/jre/lib/amd64/libnet.so
7f0a0dfef000-7f0a0dff0000 rw-p 00016000 08:05 1593603                    /Data/jdk1.8.0_211/jre/lib/amd64/libnet.so
7f0a0dff0000-7f0a0dffe000 r--s 00043000 08:02 69885195                   /home/techseria/.gradle/wrapper/dists/gradle-3.5-all/exhrs6ca08n232b14ue48lbye/gradle-3.5/lib/gradle-tooling-api-3.5.jar
7f0a0dffe000-7f0a0e000000 r--s 00002000 08:02 68458897                   /home/techseria/.gradle/wrapper/dists/gradle-3.5-all/exhrs6ca08n232b14ue48lbye/gradle-3.5/lib/gradle-open-api-3.5.jar
7f0a0e000000-7f0a10000000 rw-p 00000000 00:00 0 
7f0a10000000-7f0a10021000 rw-p 00000000 00:00 0 
7f0a10021000-7f0a14000000 ---p 00000000 00:00 0 
7f0a14000000-7f0a14001000 r--s 00006000 08:02 68381856                   /home/techseria/.gradle/wrapper/dists/gradle-3.5-all/exhrs6ca08n232b14ue48lbye/gradle-3.5/lib/gradle-wrapper-3.5.jar
7f0a14001000-7f0a14007000 r--s 00032000 08:02 68458899                   /home/techseria/.gradle/wrapper/dists/gradle-3.5-all/exhrs6ca08n232b14ue48lbye/gradle-3.5/lib/jaxen-1.1.jar
7f0a14007000-7f0a1400c000 r--s 00048000 08:02 68458898                   /home/techseria/.gradle/wrapper/dists/gradle-3.5-all/exhrs6ca08n232b14ue48lbye/gradle-3.5/lib/dom4j-1.6.1.jar
7f0a1400c000-7f0a14017000 r--s 00059000 08:02 69885179                   /home/techseria/.gradle/wrapper/dists/gradle-3.5-all/exhrs6ca08n232b14ue48lbye/gradle-3.5/lib/gradle-ui-3.5.jar
7f0a14017000-7f0a14025000 r--s 000cb000 08:02 67179777                   /home/techseria/.gradle/wrapper/dists/gradle-3.5-all/exhrs6ca08n232b14ue48lbye/gradle-3.5/lib/kotlin-stdlib-1.1.0.jar
7f0a14025000-7f0a1405c000 r--s 00284000 08:02 82585567                   /home/techseria/.gradle/wrapper/dists/gradle-3.5-all/exhrs6ca08n232b14ue48lbye/gradle-3.5/lib/kotlin-reflect-1.1.0.jar
7f0a1405c000-7f0a14221000 r--s 017fb000 08:02 82585566                   /home/techseria/.gradle/wrapper/dists/gradle-3.5-all/exhrs6ca08n232b14ue48lbye/gradle-3.5/lib/kotlin-compiler-embeddable-1.1.0.jar
7f0a14221000-7f0a14223000 r--s 00003000 08:02 82585564                   /home/techseria/.gradle/wrapper/dists/gradle-3.5-all/exhrs6ca08n232b14ue48lbye/gradle-3.5/lib/annotations-13.0.jar
7f0a14223000-7f0a1422b000 r--s 00055000 08:02 82585565                   /home/techseria/.gradle/wrapper/dists/gradle-3.5-all/exhrs6ca08n232b14ue48lbye/gradle-3.5/lib/gradle-script-kotlin-0.8.0.jar
7f0a1422b000-7f0a1422e000 r--s 0000b000 08:02 68458885                   /home/techseria/.gradle/wrapper/dists/gradle-3.5-all/exhrs6ca08n232b14ue48lbye/gradle-3.5/lib/gradle-resources-3.5.jar
7f0a1422e000-7f0a14230000 r--s 00005000 08:02 69885170                   /home/techseria/.gradle/wrapper/dists/gradle-3.5-all/exhrs6ca08n232b14ue48lbye/gradle-3.5/lib/gradle-cli-3.5.jar
7f0a14230000-7f0a14232000 r--s 00003000 08:02 68458903                   /home/techseria/.gradle/wrapper/dists/gradle-3.5-all/exhrs6ca08n232b14ue48lbye/gradle-3.5/lib/jcl-over-slf4j-1.7.10.jar
7f0a14232000-7f0a14233000 r--s 00005000 08:02 68458902                   /home/techseria/.gradle/wrapper/dists/gradle-3.5-all/exhrs6ca08n232b14ue48lbye/gradle-3.5/lib/log4j-over-slf4j-1.7.10.jar
7f0a14233000-7f0a14235000 r--s 00000000 08:02 68458901                   /home/techseria/.gradle/wrapper/dists/gradle-3.5-all/exhrs6ca08n232b14ue48lbye/gradle-3.5/lib/jul-to-slf4j-1.7.10.jar
7f0a14235000-7f0a1423c000 r--s 00027000 08:02 69885204                   /home/techseria/.gradle/wrapper/dists/gradle-3.5-all/exhrs6ca08n232b14ue48lbye/gradle-3.5/lib/gradle-logging-3.5.jar
7f0a1423c000-7f0a1424b000 r--s 0007f000 08:02 68458886                   /home/techseria/.gradle/wrapper/dists/gradle-3.5-all/exhrs6ca08n232b14ue48lbye/gradle-3.5/lib/gradle-model-core-3.5.jar
7f0a1424b000-7f0a1424d000 r--s 00006000 08:02 68458883                   /home/techseria/.gradle/wrapper/dists/gradle-3.5-all/exhrs6ca08n232b14ue48lbye/gradle-3.5/lib/gradle-base-services-groovy-3.5.jar
7f0a1424d000-7f0a1424f000 r--s 00007000 08:02 68458891                   /home/techseria/.gradle/wrapper/dists/gradle-3.5-all/exhrs6ca08n232b14ue48lbye/gradle-3.5/lib/gradle-model-groovy-3.5.jar
7f0a1424f000-7f0a14250000 r--s 00002000 08:02 68458896                   /home/techseria/.gradle/wrapper/dists/gradle-3.5-all/exhrs6ca08n232b14ue48lbye/gradle-3.5/lib/gradle-docs-3.5.jar
7f0a14250000-7f0a14251000 r--s 00000000 08:02 68458894                   /home/techseria/.gradle/wrapper/dists/gradle-3.5-all/exhrs6ca08n232b14ue48lbye/gradle-3.5/lib/jcip-annotations-1.0.jar
7f0a14251000-7f0a1425e000 r--s 00083000 08:02 68458892                   /home/techseria/.gradle/wrapper/dists/gradle-3.5-all/exhrs6ca08n232b14ue48lbye/gradle-3.5/lib/commons-collections-3.2.2.jar
7f0a1425e000-7f0a1425f000 r--s 00000000 08:02 68458890                   /home/techseria/.gradle/wrapper/dists/gradle-3.5-all/exhrs6ca08n232b14ue48lbye/gradle-3.5/lib/javax.inject-1.jar
7f0a1425f000-7f0a142cf000 r--s 00645000 08:02 68458887                   /home/techseria/.gradle/wrapper/dists/gradle-3.5-all/exhrs6ca08n232b14ue48lbye/gradle-3.5/lib/groovy-all-2.4.10.jar
7f0a142cf000-7f0a142d0000 r--s 00001000 08:02 68458919                   /home/techseria/.gradle/wrapper/dists/gradle-3.5-all/exhrs6ca08n232b14ue48lbye/gradle-3.5/lib/native-platform-linux-i386-ncurses6-0.14.jar
7f0a142d0000-7f0a142d1000 r--s 00001000 08:02 68458918                   /home/techseria/.gradle/wrapper/dists/gradle-3.5-all/exhrs6ca08n232b14ue48lbye/gradle-3.5/lib/native-platform-linux-i386-ncurses5-0.14.jar
7f0a142d1000-7f0a142d2000 r--s 00001000 08:02 68458917                   /home/techseria/.gradle/wrapper/dists/gradle-3.5-all/exhrs6ca08n232b14ue48lbye/gradle-3.5/lib/native-platform-linux-amd64-ncurses6-0.14.jar
7f0a142d2000-7f0a142d3000 r--s 00001000 08:02 68458916                   /home/techseria/.gradle/wrapper/dists/gradle-3.5-all/exhrs6ca08n232b14ue48lbye/gradle-3.5/lib/native-platform-linux-amd64-ncurses5-0.14.jar
7f0a142d3000-7f0a142d4000 r--s 0000b000 08:02 68458915                   /home/techseria/.gradle/wrapper/dists/gradle-3.5-all/exhrs6ca08n232b14ue48lbye/gradle-3.5/lib/native-platform-windows-i386-0.14.jar
7f0a142d4000-7f0a142d6000 r--s 0000b000 08:02 68458914                   /home/techseria/.gradle/wrapper/dists/gradle-3.5-all/exhrs6ca08n232b14ue48lbye/gradle-3.5/lib/native-platform-windows-amd64-0.14.jar
7f0a142d6000-7f0a142d7000 r--s 00003000 08:02 68458913                   /home/techseria/.gradle/wrapper/dists/gradle-3.5-all/exhrs6ca08n232b14ue48lbye/gradle-3.5/lib/native-platform-osx-i386-0.14.jar
7f0a142d7000-7f0a142d9000 r--s 00002000 08:02 68458912                   /home/techseria/.gradle/wrapper/dists/gradle-3.5-all/exhrs6ca08n232b14ue48lbye/gradle-3.5/lib/native-platform-osx-amd64-0.14.jar
7f0a142d9000-7f0a142da000 r--s 00002000 08:02 68458911                   /home/techseria/.gradle/wrapper/dists/gradle-3.5-all/exhrs6ca08n232b14ue48lbye/gradle-3.5/lib/native-platform-linux-i386-0.14.jar
7f0a142da000-7f0a142db000 r--s 00002000 08:02 68458910                   /home/techseria/.gradle/wrapper/dists/gradle-3.5-all/exhrs6ca08n232b14ue48lbye/gradle-3.5/lib/native-platform-linux-amd64-0.14.jar
7f0a142db000-7f0a142dc000 r--s 00003000 08:02 68458909                   /home/techseria/.gradle/wrapper/dists/gradle-3.5-all/exhrs6ca08n232b14ue48lbye/gradle-3.5/lib/native-platform-freebsd-i386-libstdcpp-0.14.jar
7f0a142dc000-7f0a142dd000 r--s 00004000 08:02 68458908                   /home/techseria/.gradle/wrapper/dists/gradle-3.5-all/exhrs6ca08n232b14ue48lbye/gradle-3.5/lib/native-platform-freebsd-i386-libcpp-0.14.jar
7f0a142dd000-7f0a142de000 r--s 00004000 08:02 68458907                   /home/techseria/.gradle/wrapper/dists/gradle-3.5-all/exhrs6ca08n232b14ue48lbye/gradle-3.5/lib/native-platform-freebsd-amd64-libstdcpp-0.14.jar
7f0a142de000-7f0a142df000 r--s 00004000 08:02 68458906                   /home/techseria/.gradle/wrapper/dists/gradle-3.5-all/exhrs6ca08n232b14ue48lbye/gradle-3.5/lib/native-platform-freebsd-amd64-libcpp-0.14.jar
7f0a142df000-7f0a142e2000 r--s 00023000 08:02 68458900                   /home/techseria/.gradle/wrapper/dists/gradle-3.5-all/exhrs6ca08n232b14ue48lbye/gradle-3.5/lib/jansi-1.14.jar
7f0a142e2000-7f0a142e6000 r--s 00027000 08:02 68458893                   /home/techseria/.gradle/wrapper/dists/gradle-3.5-all/exhrs6ca08n232b14ue48lbye/gradle-3.5/lib/commons-io-2.2.jar
7f0a142e6000-7f0a142ea000 r--s 00012000 08:02 68458895                   /home/techseria/.gradle/wrapper/dists/gradle-3.5-all/exhrs6ca08n232b14ue48lbye/gradle-3.5/lib/native-platform-0.14.jar
7f0a142ea000-7f0a142ed000 r--s 0000c000 08:02 69885200                   /home/techseria/.gradle/wrapper/dists/gradle-3.5-all/exhrs6ca08n232b14ue48lbye/gradle-3.5/lib/gradle-native-3.5.jar
7f0a142ed000-7f0a142ef000 r--s 00007000 08:02 68458922                   /home/techseria/.gradle/wrapper/dists/gradle-3.5-all/exhrs6ca08n232b14ue48lbye/gradle-3.5/lib/objenesis-1.2.jar
7f0a142ef000-7f0a142f1000 r--s 00000000 08:02 68458921                   /home/techseria/.gradle/wrapper/dists/gradle-3.5-all/exhrs6ca08n232b14ue48lbye/gradle-3.5/lib/minlog-1.2.jar
7f0a142f1000-7f0a142f3000 r--s 0000f000 08:02 68458920                   /home/techseria/.gradle/wrapper/dists/gradle-3.5-all/exhrs6ca08n232b14ue48lbye/gradle-3.5/lib/reflectasm-1.07-shaded.jar
7f0a142f3000-7f0a142f4000 ---p 00000000 00:00 0 
7f0a142f4000-7f0a143f4000 rw-p 00000000 00:00 0 
7f0a143f4000-7f0a143f7000 ---p 00000000 00:00 0 
7f0a143f7000-7f0a144f5000 rw-p 00000000 00:00 0 
7f0a144f5000-7f0a144f9000 ---p 00000000 00:00 0 
7f0a144f9000-7f0a145f6000 rw-p 00000000 00:00 0 
7f0a145f6000-7f0a145fa000 ---p 00000000 00:00 0 
7f0a145fa000-7f0a146f7000 rw-p 00000000 00:00 0 
7f0a146f7000-7f0a146fb000 ---p 00000000 00:00 0 
7f0a146fb000-7f0a147f8000 rw-p 00000000 00:00 0 
7f0a147f8000-7f0a147fb000 ---p 00000000 00:00 0 
7f0a147fb000-7f0a148f9000 rw-p 00000000 00:00 0 
7f0a148f9000-7f0a148fc000 ---p 00000000 00:00 0 
7f0a148fc000-7f0a149fa000 rw-p 00000000 00:00 0 
7f0a149fa000-7f0a149fd000 ---p 00000000 00:00 0 
7f0a149fd000-7f0a14afb000 rw-p 00000000 00:00 0 
7f0a14afb000-7f0a14afc000 ---p 00000000 00:00 0 
7f0a14afc000-7f0a15000000 rw-p 00000000 00:00 0 
7f0a15000000-7f0a158d0000 rwxp 00000000 00:00 0 
7f0a158d0000-7f0a24000000 ---p 00000000 00:00 0 
7f0a24000000-7f0a24fa3000 rw-p 00000000 00:00 0 
7f0a24fa3000-7f0a28000000 ---p 00000000 00:00 0 
7f0a28000000-7f0a28005000 r--s 00038000 08:02 68458888                   /home/techseria/.gradle/wrapper/dists/gradle-3.5-all/exhrs6ca08n232b14ue48lbye/gradle-3.5/lib/asm-all-5.1.jar
7f0a28005000-7f0a28009000 r--s 00026000 08:02 68458904                   /home/techseria/.gradle/wrapper/dists/gradle-3.5-all/exhrs6ca08n232b14ue48lbye/gradle-3.5/lib/kryo-2.20.jar
7f0a28009000-7f0a28010000 r--s 0002a000 08:02 68458884                   /home/techseria/.gradle/wrapper/dists/gradle-3.5-all/exhrs6ca08n232b14ue48lbye/gradle-3.5/lib/gradle-messaging-3.5.jar
7f0a28010000-7f0a28012000 r--s 00006000 08:02 68458882                   /home/techseria/.gradle/wrapper/dists/gradle-3.5-all/exhrs6ca08n232b14ue48lbye/gradle-3.5/lib/gradle-process-services-3.5.jar
7f0a28012000-7f0a28014000 r--s 00000000 08:02 68392623                   /home/techseria/.gradle/wrapper/dists/gradle-3.5-all/exhrs6ca08n232b14ue48lbye/gradle-3.5/lib/gradle-jvm-services-3.5.jar
7f0a28014000-7f0a28015000 r--s 00000000 08:02 68458923                   /home/techseria/.gradle/wrapper/dists/gradle-3.5-all/exhrs6ca08n232b14ue48lbye/gradle-3.5/lib/gradle-version-info-3.5.jar
7f0a28015000-7f0a2801a000 r--s 00041000 08:02 68458881                   /home/techseria/.gradle/wrapper/dists/gradle-3.5-all/exhrs6ca08n232b14ue48lbye/gradle-3.5/lib/commons-lang-2.6.jar
7f0a2801a000-7f0a28042000 r--s 001cf000 08:02 68458880                   /home/techseria/.gradle/wrapper/dists/gradle-3.5-all/exhrs6ca08n232b14ue48lbye/gradle-3.5/lib/guava-jdk5-17.0.jar
7f0a28042000-7f0a28061000 r--s 001d1000 08:02 68458889                   /home/techseria/.gradle/wrapper/dists/gradle-3.5-all/exhrs6ca08n232b14ue48lbye/gradle-3.5/lib/ant-1.9.6.jar
7f0a28061000-7f0a280a3000 r--s 00220000 08:02 69321760                   /home/techseria/.gradle/wrapper/dists/gradle-3.5-all/exhrs6ca08n232b14ue48lbye/gradle-3.5/lib/gradle-core-3.5.jar
7f0a280a3000-7f0a28c60000 rw-p 00000000 00:00 0 
7f0a28c60000-7f0a28e3a000 r--s 03d6d000 08:05 537564259                  /Data/jdk1.8.0_211/jre/lib/rt.jar
7f0a28e3a000-7f0a298b0000 rw-p 00000000 00:00 0 
7f0a298b0000-7f0a298b1000 ---p 00000000 00:00 0 
7f0a298b1000-7f0a299b1000 rw-p 00000000 00:00 0 
7f0a299b1000-7f0a299b2000 ---p 00000000 00:00 0 
7f0a299b2000-7f0a29ab2000 rw-p 00000000 00:00 0 
7f0a29ab2000-7f0a29ab3000 ---p 00000000 00:00 0 
7f0a29ab3000-7f0a29bb3000 rw-p 00000000 00:00 0 
7f0a29bb3000-7f0a29bb4000 ---p 00000000 00:00 0 
7f0a29bb4000-7f0a29cd0000 rw-p 00000000 00:00 0 
7f0a29cd0000-7f0a29e0a000 ---p 00000000 00:00 0 
7f0a29e0a000-7f0a29e26000 rw-p 00000000 00:00 0 
7f0a29e26000-7f0a29f5f000 ---p 00000000 00:00 0 
7f0a29f5f000-7f0a29f9e000 rw-p 00000000 00:00 0 
7f0a29f9e000-7f0a2a00a000 ---p 00000000 00:00 0 
7f0a2a00a000-7f0a2a02f000 rw-p 00000000 00:00 0 
7f0a2a02f000-7f0a2a3cb000 ---p 00000000 00:00 0 
7f0a2a3cb000-7f0a2a3e6000 r-xp 00000000 08:05 1593622                    /Data/jdk1.8.0_211/jre/lib/amd64/libzip.so
7f0a2a3e6000-7f0a2a5e5000 ---p 0001b000 08:05 1593622                    /Data/jdk1.8.0_211/jre/lib/amd64/libzip.so
7f0a2a5e5000-7f0a2a5e6000 r--p 0001a000 08:05 1593622                    /Data/jdk1.8.0_211/jre/lib/amd64/libzip.so
7f0a2a5e6000-7f0a2a5e7000 rw-p 0001b000 08:05 1593622                    /Data/jdk1.8.0_211/jre/lib/amd64/libzip.so
7f0a2a5e7000-7f0a2a5f3000 r-xp 00000000 08:02 67253160                   /usr/lib64/libnss_files-2.17.so
7f0a2a5f3000-7f0a2a7f2000 ---p 0000c000 08:02 67253160                   /usr/lib64/libnss_files-2.17.so
7f0a2a7f2000-7f0a2a7f3000 r--p 0000b000 08:02 67253160                   /usr/lib64/libnss_files-2.17.so
7f0a2a7f3000-7f0a2a7f4000 rw-p 0000c000 08:02 67253160                   /usr/lib64/libnss_files-2.17.so
7f0a2a7f4000-7f0a2a7fa000 rw-p 00000000 00:00 0 
7f0a2a7fa000-7f0a2a826000 r-xp 00000000 08:05 1593617                    /Data/jdk1.8.0_211/jre/lib/amd64/libjava.so
7f0a2a826000-7f0a2aa26000 ---p 0002c000 08:05 1593617                    /Data/jdk1.8.0_211/jre/lib/amd64/libjava.so
7f0a2aa26000-7f0a2aa27000 r--p 0002c000 08:05 1593617                    /Data/jdk1.8.0_211/jre/lib/amd64/libjava.so
7f0a2aa27000-7f0a2aa29000 rw-p 0002d000 08:05 1593617                    /Data/jdk1.8.0_211/jre/lib/amd64/libjava.so
7f0a2aa29000-7f0a2aa36000 r-xp 00000000 08:05 1593608                    /Data/jdk1.8.0_211/jre/lib/amd64/libverify.so
7f0a2aa36000-7f0a2ac35000 ---p 0000d000 08:05 1593608                    /Data/jdk1.8.0_211/jre/lib/amd64/libverify.so
7f0a2ac35000-7f0a2ac37000 r--p 0000c000 08:05 1593608                    /Data/jdk1.8.0_211/jre/lib/amd64/libverify.so
7f0a2ac37000-7f0a2ac38000 rw-p 0000e000 08:05 1593608                    /Data/jdk1.8.0_211/jre/lib/amd64/libverify.so
7f0a2ac38000-7f0a2ac3f000 r-xp 00000000 08:02 67262035                   /usr/lib64/librt-2.17.so
7f0a2ac3f000-7f0a2ae3e000 ---p 00007000 08:02 67262035                   /usr/lib64/librt-2.17.so
7f0a2ae3e000-7f0a2ae3f000 r--p 00006000 08:02 67262035                   /usr/lib64/librt-2.17.so
7f0a2ae3f000-7f0a2ae40000 rw-p 00007000 08:02 67262035                   /usr/lib64/librt-2.17.so
7f0a2ae40000-7f0a2af41000 r-xp 00000000 08:02 68381909                   /usr/lib64/libm-2.17.so
7f0a2af41000-7f0a2b140000 ---p 00101000 08:02 68381909                   /usr/lib64/libm-2.17.so
7f0a2b140000-7f0a2b141000 r--p 00100000 08:02 68381909                   /usr/lib64/libm-2.17.so
7f0a2b141000-7f0a2b142000 rw-p 00101000 08:02 68381909                   /usr/lib64/libm-2.17.so
7f0a2b142000-7f0a2be2a000 r-xp 00000000 08:05 268967750                  /Data/jdk1.8.0_211/jre/lib/amd64/server/libjvm.so
7f0a2be2a000-7f0a2c029000 ---p 00ce8000 08:05 268967750                  /Data/jdk1.8.0_211/jre/lib/amd64/server/libjvm.so
7f0a2c029000-7f0a2c0bf000 r--p 00ce7000 08:05 268967750                  /Data/jdk1.8.0_211/jre/lib/amd64/server/libjvm.so
7f0a2c0bf000-7f0a2c0f0000 rw-p 00d7d000 08:05 268967750                  /Data/jdk1.8.0_211/jre/lib/amd64/server/libjvm.so
7f0a2c0f0000-7f0a2c12b000 rw-p 00000000 00:00 0 
7f0a2c12b000-7f0a2c2ed000 r-xp 00000000 08:02 68381901                   /usr/lib64/libc-2.17.so
7f0a2c2ed000-7f0a2c4ed000 ---p 001c2000 08:02 68381901                   /usr/lib64/libc-2.17.so
7f0a2c4ed000-7f0a2c4f1000 r--p 001c2000 08:02 68381901                   /usr/lib64/libc-2.17.so
7f0a2c4f1000-7f0a2c4f3000 rw-p 001c6000 08:02 68381901                   /usr/lib64/libc-2.17.so
7f0a2c4f3000-7f0a2c4f8000 rw-p 00000000 00:00 0 
7f0a2c4f8000-7f0a2c4fa000 r-xp 00000000 08:02 68381907                   /usr/lib64/libdl-2.17.so
7f0a2c4fa000-7f0a2c6fa000 ---p 00002000 08:02 68381907                   /usr/lib64/libdl-2.17.so
7f0a2c6fa000-7f0a2c6fb000 r--p 00002000 08:02 68381907                   /usr/lib64/libdl-2.17.so
7f0a2c6fb000-7f0a2c6fc000 rw-p 00003000 08:02 68381907                   /usr/lib64/libdl-2.17.so
7f0a2c6fc000-7f0a2c713000 r-xp 00000000 08:05 806273430                  /Data/jdk1.8.0_211/lib/amd64/jli/libjli.so
7f0a2c713000-7f0a2c912000 ---p 00017000 08:05 806273430                  /Data/jdk1.8.0_211/lib/amd64/jli/libjli.so
7f0a2c912000-7f0a2c913000 r--p 00016000 08:05 806273430                  /Data/jdk1.8.0_211/lib/amd64/jli/libjli.so
7f0a2c913000-7f0a2c914000 rw-p 00017000 08:05 806273430                  /Data/jdk1.8.0_211/lib/amd64/jli/libjli.so
7f0a2c914000-7f0a2c92b000 r-xp 00000000 08:02 67262030                   /usr/lib64/libpthread-2.17.so
7f0a2c92b000-7f0a2cb2a000 ---p 00017000 08:02 67262030                   /usr/lib64/libpthread-2.17.so
7f0a2cb2a000-7f0a2cb2b000 r--p 00016000 08:02 67262030                   /usr/lib64/libpthread-2.17.so
7f0a2cb2b000-7f0a2cb2c000 rw-p 00017000 08:02 67262030                   /usr/lib64/libpthread-2.17.so
7f0a2cb2c000-7f0a2cb30000 rw-p 00000000 00:00 0 
7f0a2cb30000-7f0a2cb52000 r-xp 00000000 08:02 68381894                   /usr/lib64/ld-2.17.so
7f0a2cb52000-7f0a2cb53000 r--s 00007000 08:02 69885212                   /home/techseria/.gradle/wrapper/dists/gradle-3.5-all/exhrs6ca08n232b14ue48lbye/gradle-3.5/lib/slf4j-api-1.7.10.jar
7f0a2cb53000-7f0a2cb5c000 r--s 00047000 08:02 68381861                   /home/techseria/.gradle/wrapper/dists/gradle-3.5-all/exhrs6ca08n232b14ue48lbye/gradle-3.5/lib/gradle-base-services-3.5.jar
7f0a2cb5c000-7f0a2cc35000 rw-p 00000000 00:00 0 
7f0a2cc35000-7f0a2cc39000 ---p 00000000 00:00 0 
7f0a2cc39000-7f0a2cd3a000 rw-p 00000000 00:00 0 
7f0a2cd3a000-7f0a2cd3b000 r--s 00004000 08:02 68458905                   /home/techseria/.gradle/wrapper/dists/gradle-3.5-all/exhrs6ca08n232b14ue48lbye/gradle-3.5/lib/ant-launcher-1.9.6.jar
7f0a2cd3b000-7f0a2cd46000 r--s 0005b000 08:02 67179783                   /home/techseria/.gradle/wrapper/dists/gradle-3.5-all/exhrs6ca08n232b14ue48lbye/gradle-3.5/lib/gradle-launcher-3.5.jar
7f0a2cd46000-7f0a2cd4e000 rw-s 00000000 08:02 136059041                  /tmp/hsperfdata_techseria/6776
7f0a2cd4e000-7f0a2cd4f000 rw-p 00000000 00:00 0 
7f0a2cd4f000-7f0a2cd50000 r--p 00000000 00:00 0 
7f0a2cd50000-7f0a2cd51000 rw-p 00000000 00:00 0 
7f0a2cd51000-7f0a2cd52000 r--p 00021000 08:02 68381894                   /usr/lib64/ld-2.17.so
7f0a2cd52000-7f0a2cd53000 rw-p 00022000 08:02 68381894                   /usr/lib64/ld-2.17.so
7f0a2cd53000-7f0a2cd54000 rw-p 00000000 00:00 0 
7fff3061b000-7fff3063c000 rw-p 00000000 00:00 0                          [stack]
7fff30716000-7fff30718000 r-xp 00000000 00:00 0                          [vdso]
ffffffffff600000-ffffffffff601000 r-xp 00000000 00:00 0                  [vsyscall]

VM Arguments:
jvm_args: -XX:MaxPermSize=256m -XX:+HeapDumpOnOutOfMemoryError -Xmx1024m -Dfile.encoding=UTF-8 -Duser.country=US -Duser.language=en -Duser.variant 
java_command: org.gradle.launcher.daemon.bootstrap.GradleDaemon 3.5
java_class_path (initial): /home/techseria/.gradle/wrapper/dists/gradle-3.5-all/exhrs6ca08n232b14ue48lbye/gradle-3.5/lib/gradle-launcher-3.5.jar
Launcher Type: SUN_STANDARD

Environment Variables:
JAVA_HOME=/Data/jdk1.7.0_80
PATH=/usr/local/bin:/usr/local/sbin:/usr/bin:/usr/sbin:/bin:/sbin:/Data/jdk1.7.0_80/bin:/Data/grails-3.3.9/bin:/Data/gradle-5.4.1/bin:/Data/jdk1.8.0_211/bin
USERNAME=techseria
SHELL=/bin/bash
DISPLAY=:0

Signal Handlers:
SIGSEGV: [libjvm.so+0xad3d90], sa_mask[0]=11111111011111111101111111111110, sa_flags=SA_RESTART|SA_SIGINFO
SIGBUS: [libjvm.so+0xad3d90], sa_mask[0]=11111111011111111101111111111110, sa_flags=SA_RESTART|SA_SIGINFO
SIGFPE: [libjvm.so+0x90b8b0], sa_mask[0]=11111111011111111101111111111110, sa_flags=SA_RESTART|SA_SIGINFO
SIGPIPE: [libjvm.so+0x90b8b0], sa_mask[0]=11111111011111111101111111111110, sa_flags=SA_RESTART|SA_SIGINFO
SIGXFSZ: [libjvm.so+0x90b8b0], sa_mask[0]=11111111011111111101111111111110, sa_flags=SA_RESTART|SA_SIGINFO
SIGILL: [libjvm.so+0x90b8b0], sa_mask[0]=11111111011111111101111111111110, sa_flags=SA_RESTART|SA_SIGINFO
SIGUSR1: SIG_DFL, sa_mask[0]=00000000000000000000000000000000, sa_flags=none
SIGUSR2: [libjvm.so+0x90b780], sa_mask[0]=00100000000000000000000000000000, sa_flags=SA_RESTART|SA_SIGINFO
SIGHUP: [libjvm.so+0x90bda0], sa_mask[0]=11111111011111111101111111111110, sa_flags=SA_RESTART|SA_SIGINFO
SIGINT: [libjvm.so+0x90bda0], sa_mask[0]=11111111011111111101111111111110, sa_flags=SA_RESTART|SA_SIGINFO
SIGTERM: [libjvm.so+0x90bda0], sa_mask[0]=11111111011111111101111111111110, sa_flags=SA_RESTART|SA_SIGINFO
SIGQUIT: [libjvm.so+0x90bda0], sa_mask[0]=11111111011111111101111111111110, sa_flags=SA_RESTART|SA_SIGINFO


---------------  S Y S T E M  ---------------

OS:CentOS Linux release 7.6.1810 (Core) 

uname:Linux 3.10.0-957.21.3.el7.x86_64 #1 SMP Tue Jun 18 16:35:19 UTC 2019 x86_64
libc:glibc 2.17 NPTL 2.17 
rlimit: STACK 8192k, CORE 0k, NPROC 4096, NOFILE 4096, AS infinity
load average:4.29 5.20 2.98

/proc/meminfo:
MemTotal:        7425480 kB
MemFree:          126248 kB
MemAvailable:    2967592 kB
Buffers:             128 kB
Cached:          3226984 kB
SwapCached:            0 kB
Active:          4646280 kB
Inactive:        2115856 kB
Active(anon):    3499732 kB
Inactive(anon):   266640 kB
Active(file):    1146548 kB
Inactive(file):  1849216 kB
Unevictable:          48 kB
Mlocked:              48 kB
SwapTotal:       9215996 kB
SwapFree:        9215996 kB
Dirty:               324 kB
Writeback:             0 kB
AnonPages:       3535136 kB
Mapped:           520412 kB
Shmem:            231324 kB
Slab:             189764 kB
SReclaimable:     133924 kB
SUnreclaim:        55840 kB
KernelStack:       13392 kB
PageTables:        59108 kB
NFS_Unstable:          0 kB
Bounce:                0 kB
WritebackTmp:          0 kB
CommitLimit:    12928736 kB
Committed_AS:    9997888 kB
VmallocTotal:   34359738367 kB
VmallocUsed:      311224 kB
VmallocChunk:   34358947836 kB
HardwareCorrupted:     0 kB
AnonHugePages:    790528 kB
CmaTotal:              0 kB
CmaFree:               0 kB
HugePages_Total:       0
HugePages_Free:        0
HugePages_Rsvd:        0
HugePages_Surp:        0
Hugepagesize:       2048 kB
DirectMap4k:      456536 kB
DirectMap2M:     6291456 kB
DirectMap1G:     1048576 kB

container (cgroup) information:
container_type: cgroupv1
cpu_cpuset_cpus: 0-3
cpu_memory_nodes: 0
active_processor_count: 4
cpu_quota: -1
cpu_period: 100000
cpu_shares: -1
memory_limit_in_bytes: -1
memory_and_swap_limit_in_bytes: -1
memory_soft_limit_in_bytes: -1
memory_usage_in_bytes: 6924718080
memory_max_usage_in_bytes: 0


CPU:total 4 (initial active 4) (4 cores per cpu, 1 threads per core) family 22 model 0 stepping 1, cmov, cx8, fxsr, mmx, sse, sse2, sse3, ssse3, sse4.1, sse4.2, popcnt, avx, aes, clmul, mmxext, 3dnowpref, lzcnt, sse4a, tsc, tscinvbit, tscinv, bmi1

/proc/cpuinfo:
processor	: 0
vendor_id	: AuthenticAMD
cpu family	: 22
model		: 0
model name	: AMD Athlon(tm) 5150 APU with Radeon(tm) R3
stepping	: 1
microcode	: 0x700010f
cpu MHz		: 800.000
cache size	: 2048 KB
physical id	: 0
siblings	: 4
core id		: 0
cpu cores	: 4
apicid		: 0
initial apicid	: 0
fpu		: yes
fpu_exception	: yes
cpuid level	: 13
wp		: yes
flags		: fpu vme de pse tsc msr pae mce cx8 apic sep mtrr pge mca cmov pat pse36 clflush mmx fxsr sse sse2 ht syscall nx mmxext fxsr_opt pdpe1gb rdtscp lm constant_tsc art rep_good nopl nonstop_tsc extd_apicid aperfmperf eagerfpu pni pclmulqdq monitor ssse3 cx16 sse4_1 sse4_2 movbe popcnt aes xsave avx f16c lahf_lm cmp_legacy svm extapic cr8_legacy abm sse4a misalignsse 3dnowprefetch osvw ibs skinit wdt topoext perfctr_nb bpext perfctr_l2 hw_pstate proc_feedback retpoline_amd ssbd vmmcall bmi1 xsaveopt arat npt lbrv svm_lock nrip_save tsc_scale flushbyasid decodeassists pausefilter pfthreshold overflow_recov
bogomips	: 3193.88
TLB size	: 1024 4K pages
clflush size	: 64
cache_alignment	: 64
address sizes	: 40 bits physical, 48 bits virtual
power management: ts ttp tm 100mhzsteps hwpstate [11]

processor	: 1
vendor_id	: AuthenticAMD
cpu family	: 22
model		: 0
model name	: AMD Athlon(tm) 5150 APU with Radeon(tm) R3
stepping	: 1
microcode	: 0x700010f
cpu MHz		: 800.000
cache size	: 2048 KB
physical id	: 0
siblings	: 4
core id		: 1
cpu cores	: 4
apicid		: 1
initial apicid	: 1
fpu		: yes
fpu_exception	: yes
cpuid level	: 13
wp		: yes
flags		: fpu vme de pse tsc msr pae mce cx8 apic sep mtrr pge mca cmov pat pse36 clflush mmx fxsr sse sse2 ht syscall nx mmxext fxsr_opt pdpe1gb rdtscp lm constant_tsc art rep_good nopl nonstop_tsc extd_apicid aperfmperf eagerfpu pni pclmulqdq monitor ssse3 cx16 sse4_1 sse4_2 movbe popcnt aes xsave avx f16c lahf_lm cmp_legacy svm extapic cr8_legacy abm sse4a misalignsse 3dnowprefetch osvw ibs skinit wdt topoext perfctr_nb bpext perfctr_l2 hw_pstate proc_feedback retpoline_amd ssbd vmmcall bmi1 xsaveopt arat npt lbrv svm_lock nrip_save tsc_scale flushbyasid decodeassists pausefilter pfthreshold overflow_recov
bogomips	: 3193.88
TLB size	: 1024 4K pages
clflush size	: 64
cache_alignment	: 64
address sizes	: 40 bits physical, 48 bits virtual
power management: ts ttp tm 100mhzsteps hwpstate [11]

processor	: 2
vendor_id	: AuthenticAMD
cpu family	: 22
model		: 0
model name	: AMD Athlon(tm) 5150 APU with Radeon(tm) R3
stepping	: 1
microcode	: 0x700010f
cpu MHz		: 1000.000
cache size	: 2048 KB
physical id	: 0
siblings	: 4
core id		: 2
cpu cores	: 4
apicid		: 2
initial apicid	: 2
fpu		: yes
fpu_exception	: yes
cpuid level	: 13
wp		: yes
flags		: fpu vme de pse tsc msr pae mce cx8 apic sep mtrr pge mca cmov pat pse36 clflush mmx fxsr sse sse2 ht syscall nx mmxext fxsr_opt pdpe1gb rdtscp lm constant_tsc art rep_good nopl nonstop_tsc extd_apicid aperfmperf eagerfpu pni pclmulqdq monitor ssse3 cx16 sse4_1 sse4_2 movbe popcnt aes xsave avx f16c lahf_lm cmp_legacy svm extapic cr8_legacy abm sse4a misalignsse 3dnowprefetch osvw ibs skinit wdt topoext perfctr_nb bpext perfctr_l2 hw_pstate proc_feedback retpoline_amd ssbd vmmcall bmi1 xsaveopt arat npt lbrv svm_lock nrip_save tsc_scale flushbyasid decodeassists pausefilter pfthreshold overflow_recov
bogomips	: 3193.88
TLB size	: 1024 4K pages
clflush size	: 64
cache_alignment	: 64
address sizes	: 40 bits physical, 48 bits virtual
power management: ts ttp tm 100mhzsteps hwpstate [11]

processor	: 3
vendor_id	: AuthenticAMD
cpu family	: 22
model		: 0
model name	: AMD Athlon(tm) 5150 APU with Radeon(tm) R3
stepping	: 1
microcode	: 0x700010f
cpu MHz		: 1600.000
cache size	: 2048 KB
physical id	: 0
siblings	: 4
core id		: 3
cpu cores	: 4
apicid		: 3
initial apicid	: 3
fpu		: yes
fpu_exception	: yes
cpuid level	: 13
wp		: yes
flags		: fpu vme de pse tsc msr pae mce cx8 apic sep mtrr pge mca cmov pat pse36 clflush mmx fxsr sse sse2 ht syscall nx mmxext fxsr_opt pdpe1gb rdtscp lm constant_tsc art rep_good nopl nonstop_tsc extd_apicid aperfmperf eagerfpu pni pclmulqdq monitor ssse3 cx16 sse4_1 sse4_2 movbe popcnt aes xsave avx f16c lahf_lm cmp_legacy svm extapic cr8_legacy abm sse4a misalignsse 3dnowprefetch osvw ibs skinit wdt topoext perfctr_nb bpext perfctr_l2 hw_pstate proc_feedback retpoline_amd ssbd vmmcall bmi1 xsaveopt arat npt lbrv svm_lock nrip_save tsc_scale flushbyasid decodeassists pausefilter pfthreshold overflow_recov
bogomips	: 3193.88
TLB size	: 1024 4K pages
clflush size	: 64
cache_alignment	: 64
address sizes	: 40 bits physical, 48 bits virtual
power management: ts ttp tm 100mhzsteps hwpstate [11]



Memory: 4k page, physical 7425480k(125992k free), swap 9215996k(9215996k free)

vm_info: Java HotSpot(TM) 64-Bit Server VM (25.211-b12) for linux-amd64 JRE (1.8.0_211-b12), built on Apr  1 2019 20:39:34 by "java_re" with gcc 7.3.0

time: Mon Sep  2 12:22:33 2019
timezone: IST
elapsed time: 10 seconds (0d 0h 0m 10s)

